19:37:51: Creating resource group General
19:37:51: Creating resource group Internal
19:37:51: Creating resource group Autodetect
19:37:51: SceneManagerFactory for type 'DefaultSceneManager' registered.
19:37:51: Registering ResourceManager for type Material
19:37:51: Registering ResourceManager for type Mesh
19:37:51: Registering ResourceManager for type Skeleton
19:37:51: MovableObjectFactory for type 'ParticleSystem' registered.
19:37:51: OverlayElementFactory for type Panel registered.
19:37:51: OverlayElementFactory for type BorderPanel registered.
19:37:51: OverlayElementFactory for type TextArea registered.
19:37:51: Registering ResourceManager for type Font
19:37:51: ArchiveFactory for archive type FileSystem registered.
19:37:51: ArchiveFactory for archive type Zip registered.
19:37:51: DDS codec registering
19:37:51: FreeImage version: 3.13.1
19:37:51: This program uses FreeImage, a free, open source image library supporting all common bitmap formats. See http://freeimage.sourceforge.net for details
19:37:52: Supported formats: bmp,ico,jpg,jif,jpeg,jpe,jng,koa,iff,lbm,mng,pbm,pbm,pcd,pcx,pgm,pgm,png,ppm,ppm,ras,tga,targa,tif,tiff,wap,wbmp,wbm,psd,cut,xbm,xpm,gif,hdr,g3,sgi,exr,j2k,j2c,jp2,pfm,pct,pict,pic,bay,bmq,cr2,crw,cs1,dc2,dcr,dng,erf,fff,hdr,k25,kdc,mdc,mos,mrw,nef,orf,pef,pxn,raf,raw,rdc,sr2,srf,arw,3fr,cine,ia,kc2,mef,nrw,qtk,rw2,sti,drf,dsc,ptx,cap,iiq,rwz
19:37:52: Registering ResourceManager for type HighLevelGpuProgram
19:37:52: Registering ResourceManager for type Compositor
19:37:52: MovableObjectFactory for type 'Entity' registered.
19:37:52: MovableObjectFactory for type 'Light' registered.
19:37:52: MovableObjectFactory for type 'BillboardSet' registered.
19:37:52: MovableObjectFactory for type 'ManualObject' registered.
19:37:52: MovableObjectFactory for type 'BillboardChain' registered.
19:37:52: MovableObjectFactory for type 'RibbonTrail' registered.
19:37:52: OGRE EXCEPTION(6:FileNotFoundException): 'plugins.cfg' file not found! in ConfigFile::load at ..\..\..\..\OgreMain\src\OgreConfigFile.cpp (line 83)
19:37:52: plugins.cfg not found, automatic plugin loading disabled.
19:37:52: *-*-* OGRE Initialising
19:37:52: *-*-* Version 1.7.1 (Cthugha)
19:37:54: OGRE EXCEPTION(6:FileNotFoundException): 'resources.cfg' file not found! in ConfigFile::load at ..\..\..\..\OgreMain\src\OgreConfigFile.cpp (line 83)
