00:28:37: Creating resource group General
00:28:37: Creating resource group Internal
00:28:37: Creating resource group Autodetect
00:28:37: SceneManagerFactory for type 'DefaultSceneManager' registered.
00:28:37: Registering ResourceManager for type Material
00:28:37: Registering ResourceManager for type Mesh
00:28:37: Registering ResourceManager for type Skeleton
00:28:37: MovableObjectFactory for type 'ParticleSystem' registered.
00:28:37: OverlayElementFactory for type Panel registered.
00:28:37: OverlayElementFactory for type BorderPanel registered.
00:28:37: OverlayElementFactory for type TextArea registered.
00:28:37: Registering ResourceManager for type Font
00:28:37: ArchiveFactory for archive type FileSystem registered.
00:28:37: ArchiveFactory for archive type Zip registered.
00:28:37: DDS codec registering
00:28:37: FreeImage version: 3.13.1
00:28:37: This program uses FreeImage, a free, open source image library supporting all common bitmap formats. See http://freeimage.sourceforge.net for details
00:28:37: Supported formats: bmp,ico,jpg,jif,jpeg,jpe,jng,koa,iff,lbm,mng,pbm,pbm,pcd,pcx,pgm,pgm,png,ppm,ppm,ras,tga,targa,tif,tiff,wap,wbmp,wbm,psd,cut,xbm,xpm,gif,hdr,g3,sgi,exr,j2k,j2c,jp2,pfm,pct,pict,pic,bay,bmq,cr2,crw,cs1,dc2,dcr,dng,erf,fff,hdr,k25,kdc,mdc,mos,mrw,nef,orf,pef,pxn,raf,raw,rdc,sr2,srf,arw,3fr,cine,ia,kc2,mef,nrw,qtk,rw2,sti,drf,dsc,ptx,cap,iiq,rwz
00:28:37: Registering ResourceManager for type HighLevelGpuProgram
00:28:37: Registering ResourceManager for type Compositor
00:28:37: MovableObjectFactory for type 'Entity' registered.
00:28:37: MovableObjectFactory for type 'Light' registered.
00:28:37: MovableObjectFactory for type 'BillboardSet' registered.
00:28:37: MovableObjectFactory for type 'ManualObject' registered.
00:28:37: MovableObjectFactory for type 'BillboardChain' registered.
00:28:37: MovableObjectFactory for type 'RibbonTrail' registered.
00:28:37: Loading library .\RenderSystem_Direct3D9
00:28:38: Installing plugin: D3D9 RenderSystem
00:28:38: D3D9 : Direct3D9 Rendering Subsystem created.
00:28:38: D3D9: Driver Detection Starts
00:28:38: D3D9: Driver Detection Ends
00:28:38: Plugin successfully installed
00:28:38: Loading library .\RenderSystem_GL
00:28:38: Installing plugin: GL RenderSystem
00:28:38: OpenGL Rendering Subsystem created.
00:28:38: Plugin successfully installed
00:28:38: Loading library .\Plugin_ParticleFX
00:28:38: Installing plugin: ParticleFX
00:28:38: Particle Emitter Type 'Point' registered
00:28:38: Particle Emitter Type 'Box' registered
00:28:39: Particle Emitter Type 'Ellipsoid' registered
00:28:39: Particle Emitter Type 'Cylinder' registered
00:28:39: Particle Emitter Type 'Ring' registered
00:28:39: Particle Emitter Type 'HollowEllipsoid' registered
00:28:39: Particle Affector Type 'LinearForce' registered
00:28:39: Particle Affector Type 'ColourFader' registered
00:28:39: Particle Affector Type 'ColourFader2' registered
00:28:39: Particle Affector Type 'ColourImage' registered
00:28:39: Particle Affector Type 'ColourInterpolator' registered
00:28:39: Particle Affector Type 'Scaler' registered
00:28:39: Particle Affector Type 'Rotator' registered
00:28:39: Particle Affector Type 'DirectionRandomiser' registered
00:28:39: Particle Affector Type 'DeflectorPlane' registered
00:28:39: Plugin successfully installed
00:28:39: Loading library .\Plugin_BSPSceneManager
00:28:39: Installing plugin: BSP Scene Manager
00:28:39: Plugin successfully installed
00:28:39: Loading library .\Plugin_CgProgramManager
00:28:39: Installing plugin: Cg Program Manager
00:28:39: Plugin successfully installed
00:28:39: Loading library .\Plugin_PCZSceneManager
00:28:39: Installing plugin: Portal Connected Zone Scene Manager
00:28:39: PCZone Factory Type 'ZoneType_Default' registered
00:28:39: Plugin successfully installed
00:28:39: Loading library .\Plugin_OctreeZone
00:28:39: Installing plugin: Octree Zone Factory
00:28:39: Plugin successfully installed
00:28:39: Loading library .\Plugin_OctreeSceneManager
00:28:40: Installing plugin: Octree & Terrain Scene Manager
00:28:40: Plugin successfully installed
00:28:40: *-*-* OGRE Initialising
00:28:40: *-*-* Version 1.7.1 (Cthugha)
00:28:40: Creating resource group Essential
00:28:40: Added resource location '../../media/thumbnails' of type 'FileSystem' to resource group 'Essential'
00:28:40: Added resource location '../../media/packs/SdkTrays.zip' of type 'Zip' to resource group 'Essential'
00:28:40: Added resource location '../../media' of type 'FileSystem' to resource group 'General'
00:28:40: Creating resource group Popular
00:28:40: Added resource location '../../media/fonts' of type 'FileSystem' to resource group 'Popular'
00:28:40: Added resource location '../../media/materials/programs' of type 'FileSystem' to resource group 'Popular'
00:28:40: Added resource location '../../media/materials/scripts' of type 'FileSystem' to resource group 'Popular'
00:28:40: Added resource location '../../media/materials/textures' of type 'FileSystem' to resource group 'Popular'
00:28:40: Added resource location '../../media/materials/textures/nvidia' of type 'FileSystem' to resource group 'Popular'
00:28:40: Added resource location '../../media/models' of type 'FileSystem' to resource group 'Popular'
00:28:40: Added resource location '../../media/particle' of type 'FileSystem' to resource group 'Popular'
00:28:40: Added resource location '../../media/DeferredShadingMedia' of type 'FileSystem' to resource group 'Popular'
00:28:40: Added resource location '../../media/PCZAppMedia' of type 'FileSystem' to resource group 'Popular'
00:28:40: Added resource location '../../media/RTShaderLib' of type 'FileSystem' to resource group 'Popular'
00:28:40: Added resource location '../../media/RTShaderLib/materials' of type 'FileSystem' to resource group 'Popular'
00:28:41: Added resource location '../../media/packs/cubemap.zip' of type 'Zip' to resource group 'Popular'
00:28:41: Added resource location '../../media/packs/cubemapsJS.zip' of type 'Zip' to resource group 'Popular'
00:28:41: Added resource location '../../media/packs/dragon.zip' of type 'Zip' to resource group 'Popular'
00:28:41: Added resource location '../../media/packs/fresneldemo.zip' of type 'Zip' to resource group 'Popular'
00:28:41: Added resource location '../../media/packs/ogretestmap.zip' of type 'Zip' to resource group 'Popular'
00:28:41: Added resource location '../../media/packs/ogredance.zip' of type 'Zip' to resource group 'Popular'
00:28:41: Added resource location '../../media/packs/Sinbad.zip' of type 'Zip' to resource group 'Popular'
00:28:41: Added resource location '../../media/packs/skybox.zip' of type 'Zip' to resource group 'Popular'
00:28:41: D3D9 : RenderSystem Option: Allow NVPerfHUD = No
00:28:41: D3D9 : RenderSystem Option: FSAA = 0
00:28:41: D3D9 : RenderSystem Option: Floating-point mode = Fastest
00:28:41: D3D9 : RenderSystem Option: Full Screen = Yes
00:28:41: D3D9 : RenderSystem Option: Rendering Device = Monitor-1-NVIDIA GeForce 9600 GT
00:28:41: D3D9 : RenderSystem Option: Resource Creation Policy = Create on all devices
00:28:41: D3D9 : RenderSystem Option: VSync = No
00:28:41: D3D9 : RenderSystem Option: VSync Interval = 1
00:28:41: D3D9 : RenderSystem Option: Video Mode = 800 x 600 @ 32-bit colour
00:28:41: D3D9 : RenderSystem Option: sRGB Gamma Conversion = No
00:28:42: CPU Identifier & Features
00:28:42: -------------------------
00:28:42:  *   CPU ID: GenuineIntel: Intel(R) Atom(TM) CPU  Z3735F @ 1.33GHz
00:28:42:  *      SSE: yes
00:28:42:  *     SSE2: yes
00:28:42:  *     SSE3: yes
00:28:42:  *      MMX: yes
00:28:42:  *   MMXEXT: yes
00:28:42:  *    3DNOW: no
00:28:42:  * 3DNOWEXT: no
00:28:42:  *     CMOV: yes
00:28:42:  *      TSC: yes
00:28:42:  *      FPU: yes
00:28:42:  *      PRO: yes
00:28:42:  *       HT: no
00:28:42: -------------------------
00:28:42: *** Starting Win32GL Subsystem ***
00:28:42: GLRenderSystem::_createRenderWindow "NCTU. 3D Game Programming. Student Name: ¼B©Ó¶¶. ID:0656124", 1024x768 windowed  miscParams: FSAA=0 FSAAHint= colourDepth=32 displayFrequency=0 gamma=false vsync=false vsyncInterval=1 
00:28:43: Created Win32Window 'NCTU. 3D Game Programming. Student Name: ¼B©Ó¶¶. ID:0656124' : 1042x720, 32bpp
00:28:43: GL_VERSION = 4.0.0 - Build 10.18.10.3643
00:28:43: GL_VENDOR = Intel
00:28:43: GL_RENDERER = Intel(R) HD Graphics
00:28:44: GL_EXTENSIONS = GL_EXT_blend_minmax GL_EXT_blend_subtract GL_EXT_blend_color GL_EXT_abgr GL_EXT_texture3D GL_EXT_clip_volume_hint GL_EXT_compiled_vertex_array GL_SGIS_texture_edge_clamp GL_SGIS_generate_mipmap GL_EXT_draw_range_elements GL_SGIS_texture_lod GL_EXT_rescale_normal GL_EXT_packed_pixels GL_EXT_texture_edge_clamp GL_EXT_separate_specular_color GL_ARB_multitexture GL_ARB_map_buffer_alignment GL_ARB_conservative_depth GL_EXT_texture_env_combine GL_EXT_bgra GL_EXT_blend_func_separate GL_EXT_secondary_color GL_EXT_fog_coord GL_EXT_texture_env_add GL_ARB_texture_cube_map GL_ARB_transpose_matrix GL_ARB_internalformat_query GL_ARB_internalformat_query2 GL_ARB_texture_env_add GL_IBM_texture_mirrored_repeat GL_EXT_multi_draw_arrays GL_SUN_multi_draw_arrays GL_NV_blend_square GL_ARB_texture_compression GL_3DFX_texture_compression_FXT1 GL_EXT_texture_filter_anisotropic GL_ARB_texture_border_clamp GL_ARB_point_parameters GL_ARB_texture_env_combine GL_ARB_texture_env_dot3 GL_ARB_texture_env_crossbar GL_EXT_texture_compression_s3tc GL_ARB_shadow GL_ARB_window_pos GL_EXT_shadow_funcs GL_EXT_stencil_wrap GL_ARB_vertex_program GL_EXT_texture_rectangle GL_ARB_fragment_program GL_EXT_stencil_two_side GL_ATI_separate_stencil GL_ARB_vertex_buffer_object GL_EXT_texture_lod_bias GL_ARB_occlusion_query GL_ARB_fragment_shader GL_ARB_shader_objects GL_ARB_shading_language_100 GL_ARB_texture_non_power_of_two GL_ARB_vertex_shader GL_NV_texgen_reflection GL_ARB_point_sprite GL_ARB_fragment_program_shadow GL_EXT_blend_equation_separate GL_ARB_depth_texture GL_ARB_texture_rectangle GL_ARB_draw_buffers GL_ARB_color_buffer_float GL_ARB_half_float_pixel GL_ARB_texture_float GL_ARB_pixel_buffer_object GL_EXT_framebuffer_object GL_ARB_draw_instanced GL_ARB_half_float_vertex GL_ARB_occlusion_query2 GL_EXT_draw_buffers2 GL_WIN_swap_hint GL_EXT_texture_sRGB GL_ARB_multisample GL_EXT_packed_float GL_EXT_texture_shared_exponent GL_ARB_texture_rg GL_ARB_texture_compression_rgtc GL_NV_conditional_render GL_ARB_texture_swizzle GL_EXT_texture_swizzle GL_ARB_texture_gather GL_ARB_sync GL_ARB_framebuffer_sRGB GL_EXT_packed_depth_stencil GL_ARB_depth_buffer_float GL_EXT_transform_feedback GL_ARB_transform_feedback2 GL_ARB_draw_indirect GL_EXT_framebuffer_blit GL_EXT_framebuffer_multisample GL_ARB_framebuffer_object GL_ARB_framebuffer_no_attachments GL_EXT_texture_array GL_EXT_texture_integer GL_ARB_map_buffer_range GL_ARB_texture_buffer_range GL_EXT_texture_buffer GL_EXT_texture_snorm GL_ARB_blend_func_extended GL_INTEL_performance_queries GL_ARB_copy_buffer GL_ARB_sampler_objects GL_NV_primitive_restart GL_ARB_seamless_cube_map GL_ARB_uniform_buffer_object GL_ARB_depth_clamp GL_ARB_vertex_array_bgra GL_ARB_shader_bit_encoding GL_ARB_draw_buffers_blend GL_ARB_geometry_shader4 GL_EXT_geometry_shader4 GL_ARB_texture_query_lod GL_ARB_explicit_attrib_location GL_ARB_draw_elements_base_vertex GL_ARB_instanced_arrays GL_ARB_base_instance GL_ARB_fragment_coord_conventions GL_EXT_gpu_program_parameters GL_ARB_texture_buffer_object_rgb32 GL_ARB_compatibility GL_ARB_texture_rgb10_a2ui GL_ARB_texture_multisample GL_ARB_vertex_type_2_10_10_10_rev GL_ARB_timer_query GL_ARB_tessellation_shader GL_ARB_vertex_array_object GL_ARB_provoking_vertex GL_ARB_sample_shading GL_ARB_texture_cube_map_array GL_EXT_gpu_shader4 GL_ARB_gpu_shader5 GL_ARB_gpu_shader_fp64 GL_ARB_shader_subroutine GL_ARB_transform_feedback3 GL_ARB_get_program_binary GL_ARB_separate_shader_objects GL_ARB_shader_precision GL_ARB_vertex_attrib_64bit GL_ARB_viewport_array GL_ARB_transform_feedback_instanced GL_ARB_compressed_texture_pixel_storage GL_ARB_shader_atomic_counters GL_ARB_shading_language_packing GL_ARB_shading_language_420pack GL_ARB_texture_storage GL_EXT_texture_storage GL_ARB_vertex_attrib_binding GL_ARB_multi_draw_indirect GL_ARB_program_interface_query GL_ARB_texture_storage_multisample GL_ARB_buffer_storage GL_ARB_debug_output GL_KHR_debug GL_ARB_arrays_of_arrays GL_INTEL_map_texture GL_ARB_texture_compression_bptc GL_ARB_ES2_compatibility GL_ARB_robustness GL_EXT_texture_sRGB_decode GL_KHR_blend_equation_advanced GL_EXT_shader_integer_mix GL_ARB_stencil_texturing 
00:28:44: Supported WGL extensions: WGL_EXT_depth_float WGL_ARB_buffer_region WGL_ARB_extensions_string WGL_ARB_make_current_read WGL_ARB_pixel_format WGL_ARB_pbuffer WGL_EXT_extensions_string WGL_EXT_swap_control WGL_EXT_swap_control_tear WGL_ARB_multisample WGL_ARB_pixel_format_float WGL_ARB_framebuffer_sRGB WGL_ARB_create_context WGL_ARB_create_context_profile WGL_EXT_pixel_format_packed_float WGL_EXT_create_context_es_profile WGL_EXT_create_context_es2_profile WGL_NV_DX_interop WGL_ARB_create_context_robustness 
00:28:44: ***************************
00:28:44: *** GL Renderer Started ***
00:28:44: ***************************
00:28:44: Registering ResourceManager for type GpuProgram
00:28:44: GLSL support detected
00:28:44: GL: Using GL_EXT_framebuffer_object for rendering to textures (best)
00:28:44: FBO PF_UNKNOWN depth/stencil support: D0S1 D0S4 D0S8 D0S16 D16S0 D16S1 D16S4 D16S8 D16S16 D24S0 D24S1 D24S4 D24S8 D24S16 D32S0 D32S1 D32S4 D32S8 D32S16 Packed-D24S8 
00:28:44: FBO PF_A8 depth/stencil support: D0S0 D0S1 D0S4 D0S8 D0S16 D16S0 D16S1 D16S4 D16S8 D16S16 D24S0 D24S1 D24S4 D24S8 D24S16 D32S0 D32S1 D32S4 D32S8 D32S16 Packed-D24S8 
00:28:44: FBO PF_R5G6B5 depth/stencil support: D0S0 D0S1 D0S4 D0S8 D0S16 D16S0 D16S1 D16S4 D16S8 D16S16 D24S0 D24S1 D24S4 D24S8 D24S16 D32S0 D32S1 D32S4 D32S8 D32S16 Packed-D24S8 
00:28:44: FBO PF_B5G6R5 depth/stencil support: D0S0 D0S1 D0S4 D0S8 D0S16 D16S0 D16S1 D16S4 D16S8 D16S16 D24S0 D24S1 D24S4 D24S8 D24S16 D32S0 D32S1 D32S4 D32S8 D32S16 Packed-D24S8 
00:28:44: FBO PF_A4R4G4B4 depth/stencil support: D0S0 D0S1 D0S4 D0S8 D0S16 D16S0 D16S1 D16S4 D16S8 D16S16 D24S0 D24S1 D24S4 D24S8 D24S16 D32S0 D32S1 D32S4 D32S8 D32S16 Packed-D24S8 
00:28:44: FBO PF_A1R5G5B5 depth/stencil support: D0S0 D0S1 D0S4 D0S8 D0S16 D16S0 D16S1 D16S4 D16S8 D16S16 D24S0 D24S1 D24S4 D24S8 D24S16 D32S0 D32S1 D32S4 D32S8 D32S16 Packed-D24S8 
00:28:44: FBO PF_R8G8B8 depth/stencil support: D0S0 D0S1 D0S4 D0S8 D0S16 D16S0 D16S1 D16S4 D16S8 D16S16 D24S0 D24S1 D24S4 D24S8 D24S16 D32S0 D32S1 D32S4 D32S8 D32S16 Packed-D24S8 
00:28:44: FBO PF_B8G8R8 depth/stencil support: D0S0 D0S1 D0S4 D0S8 D0S16 D16S0 D16S1 D16S4 D16S8 D16S16 D24S0 D24S1 D24S4 D24S8 D24S16 D32S0 D32S1 D32S4 D32S8 D32S16 Packed-D24S8 
00:28:44: FBO PF_A8R8G8B8 depth/stencil support: D0S0 D0S1 D0S4 D0S8 D0S16 D16S0 D16S1 D16S4 D16S8 D16S16 D24S0 D24S1 D24S4 D24S8 D24S16 D32S0 D32S1 D32S4 D32S8 D32S16 Packed-D24S8 
00:28:44: FBO PF_B8G8R8A8 depth/stencil support: D0S0 D0S1 D0S4 D0S8 D0S16 D16S0 D16S1 D16S4 D16S8 D16S16 D24S0 D24S1 D24S4 D24S8 D24S16 D32S0 D32S1 D32S4 D32S8 D32S16 Packed-D24S8 
00:28:44: FBO PF_A2R10G10B10 depth/stencil support: D0S0 D0S1 D0S4 D0S8 D0S16 D16S0 D16S1 D16S4 D16S8 D16S16 D24S0 D24S1 D24S4 D24S8 D24S16 D32S0 D32S1 D32S4 D32S8 D32S16 Packed-D24S8 
00:28:44: FBO PF_A2B10G10R10 depth/stencil support: D0S0 D0S1 D0S4 D0S8 D0S16 D16S0 D16S1 D16S4 D16S8 D16S16 D24S0 D24S1 D24S4 D24S8 D24S16 D32S0 D32S1 D32S4 D32S8 D32S16 Packed-D24S8 
00:28:44: FBO PF_FLOAT16_RGB depth/stencil support: D0S0 D0S1 D0S4 D0S8 D0S16 D16S0 D16S1 D16S4 D16S8 D16S16 D24S0 D24S1 D24S4 D24S8 D24S16 D32S0 D32S1 D32S4 D32S8 D32S16 Packed-D24S8 
00:28:44: FBO PF_FLOAT16_RGBA depth/stencil support: D0S0 D0S1 D0S4 D0S8 D0S16 D16S0 D16S1 D16S4 D16S8 D16S16 D24S0 D24S1 D24S4 D24S8 D24S16 D32S0 D32S1 D32S4 D32S8 D32S16 Packed-D24S8 
00:28:44: FBO PF_FLOAT32_RGB depth/stencil support: D0S0 D0S1 D0S4 D0S8 D0S16 D16S0 D16S1 D16S4 D16S8 D16S16 D24S0 D24S1 D24S4 D24S8 D24S16 D32S0 D32S1 D32S4 D32S8 D32S16 Packed-D24S8 
00:28:45: FBO PF_FLOAT32_RGBA depth/stencil support: D0S0 D0S1 D0S4 D0S8 D0S16 D16S0 D16S1 D16S4 D16S8 D16S16 D24S0 D24S1 D24S4 D24S8 D24S16 D32S0 D32S1 D32S4 D32S8 D32S16 Packed-D24S8 
00:28:45: FBO PF_X8R8G8B8 depth/stencil support: D0S0 D0S1 D0S4 D0S8 D0S16 D16S0 D16S1 D16S4 D16S8 D16S16 D24S0 D24S1 D24S4 D24S8 D24S16 D32S0 D32S1 D32S4 D32S8 D32S16 Packed-D24S8 
00:28:45: FBO PF_X8B8G8R8 depth/stencil support: D0S0 D0S1 D0S4 D0S8 D0S16 D16S0 D16S1 D16S4 D16S8 D16S16 D24S0 D24S1 D24S4 D24S8 D24S16 D32S0 D32S1 D32S4 D32S8 D32S16 Packed-D24S8 
00:28:45: FBO PF_SHORT_RGBA depth/stencil support: D0S0 D0S1 D0S4 D0S8 D0S16 D16S0 D16S1 D16S4 D16S8 D16S16 D24S0 D24S1 D24S4 D24S8 D24S16 D32S0 D32S1 D32S4 D32S8 D32S16 Packed-D24S8 
00:28:45: FBO PF_R3G3B2 depth/stencil support: D0S0 D0S1 D0S4 D0S8 D0S16 D16S0 D16S1 D16S4 D16S8 D16S16 D24S0 D24S1 D24S4 D24S8 D24S16 D32S0 D32S1 D32S4 D32S8 D32S16 Packed-D24S8 
00:28:45: FBO PF_SHORT_RGB depth/stencil support: D0S0 D0S1 D0S4 D0S8 D0S16 D16S0 D16S1 D16S4 D16S8 D16S16 D24S0 D24S1 D24S4 D24S8 D24S16 D32S0 D32S1 D32S4 D32S8 D32S16 Packed-D24S8 
00:28:45: [GL] : Valid FBO targets PF_UNKNOWN PF_A8 PF_R5G6B5 PF_B5G6R5 PF_A4R4G4B4 PF_A1R5G5B5 PF_R8G8B8 PF_B8G8R8 PF_A8R8G8B8 PF_B8G8R8A8 PF_A2R10G10B10 PF_A2B10G10R10 PF_FLOAT16_RGB PF_FLOAT16_RGBA PF_FLOAT32_RGB PF_FLOAT32_RGBA PF_X8R8G8B8 PF_X8B8G8R8 PF_SHORT_RGBA PF_R3G3B2 PF_SHORT_RGB 
00:28:45: RenderSystem capabilities
00:28:45: -------------------------
00:28:45: RenderSystem Name: OpenGL Rendering Subsystem
00:28:45: GPU Vendor: intel
00:28:45: Device Name: Intel(R) HD Graphics
00:28:45: Driver Version: 4.0.0.0
00:28:45:  * Fixed function pipeline: yes
00:28:45:  * Hardware generation of mipmaps: no
00:28:45:  * Texture blending: yes
00:28:45:  * Anisotropic texture filtering: yes
00:28:45:  * Dot product texture operation: yes
00:28:45:  * Cube mapping: yes
00:28:45:  * Hardware stencil buffer: yes
00:28:45:    - Stencil depth: 8
00:28:45:    - Two sided stencil support: yes
00:28:45:    - Wrap stencil values: yes
00:28:45:  * Hardware vertex / index buffers: yes
00:28:45:  * Vertex programs: yes
00:28:45:  * Number of floating-point constants for vertex programs: 256
00:28:45:  * Number of integer constants for vertex programs: 0
00:28:45:  * Number of boolean constants for vertex programs: 0
00:28:45:  * Fragment programs: yes
00:28:45:  * Number of floating-point constants for fragment programs: 256
00:28:45:  * Number of integer constants for fragment programs: 0
00:28:45:  * Number of boolean constants for fragment programs: 0
00:28:45:  * Geometry programs: yes
00:28:45:  * Number of floating-point constants for geometry programs: 256
00:28:45:  * Number of integer constants for geometry programs: 0
00:28:45:  * Number of boolean constants for geometry programs: 0
00:28:45:  * Supported Shader Profiles: arbfp1 arbvp1 glsl gp4gp gpu_gp nvgp4
00:28:45:  * Texture Compression: yes
00:28:45:    - DXT: yes
00:28:45:    - VTC: no
00:28:45:    - PVRTC: no
00:28:45:  * Scissor Rectangle: yes
00:28:45:  * Hardware Occlusion Query: yes
00:28:45:  * User clip planes: yes
00:28:45:  * VET_UBYTE4 vertex element type: yes
00:28:45:  * Infinite far plane projection: yes
00:28:45:  * Hardware render-to-texture: yes
00:28:45:  * Floating point textures: yes
00:28:45:  * Non-power-of-two textures: yes
00:28:45:  * Volume textures: yes
00:28:45:  * Multiple Render Targets: 8
00:28:45:    - With different bit depths: yes
00:28:45:  * Point Sprites: yes
00:28:45:  * Extended point parameters: yes
00:28:45:  * Max Point Size: 255
00:28:45:  * Vertex texture fetch: yes
00:28:45:  * Number of world matrices: 0
00:28:45:  * Number of texture units: 16
00:28:45:  * Stencil buffer depth: 8
00:28:45:  * Number of vertex blend matrices: 0
00:28:45:    - Max vertex textures: 16
00:28:45:    - Vertex textures shared: yes
00:28:45:  * Render to Vertex Buffer : no
00:28:45:  * GL 1.5 without VBO workaround: no
00:28:45:  * Frame Buffer objects: yes
00:28:45:  * Frame Buffer objects (ARB extension): no
00:28:45:  * Frame Buffer objects (ATI extension): no
00:28:45:  * PBuffer support: no
00:28:45:  * GL 1.5 without HW-occlusion workaround: no
00:28:45: Registering ResourceManager for type Texture
00:28:45: DefaultWorkQueue('Root') initialising on thread 00BE7EE0.
00:28:45: DefaultWorkQueue('Root')::WorkerFunc - thread 06DCAFF8 starting.
00:28:45: DefaultWorkQueue('Root')::WorkerFunc - thread 06DCAF38 starting.
00:28:45: DefaultWorkQueue('Root')::WorkerFunc - thread 06DCB058 starting.
00:28:45: DefaultWorkQueue('Root')::WorkerFunc - thread 06DCB028 starting.
00:28:45: Particle Renderer Type 'billboard' registered
00:28:45: SceneManagerFactory for type 'BspSceneManager' registered.
00:28:45: Registering ResourceManager for type BspLevel
00:28:45: SceneManagerFactory for type 'PCZSceneManager' registered.
00:28:45: MovableObjectFactory for type 'PCZLight' registered.
00:28:46: MovableObjectFactory for type 'Portal' registered.
00:28:46: MovableObjectFactory for type 'AntiPortal' registered.
00:28:46: PCZone Factory Type 'ZoneType_Octree' registered
00:28:46: PCZone Factory Type 'ZoneType_Terrain' registered
00:28:46: SceneManagerFactory for type 'OctreeSceneManager' registered.
00:28:46: SceneManagerFactory for type 'TerrainSceneManager' registered.
00:28:46: Parsing scripts for resource group Autodetect
00:28:46: Finished parsing scripts for resource group Autodetect
00:28:46: Parsing scripts for resource group Essential
00:28:46: Parsing script SdkTrays.material
00:28:46: Parsing script SdkTrays.fontdef
00:28:46: Parsing script SdkTrays.overlay
00:28:46: Bad element attribute line: '# you can offset the image to change the cursor "hotspot"' for element SdkTrays/Cursor in overlay 
00:28:46: Texture: sdk_cursor.png: Loading 1 faces(PF_A8R8G8B8,32x32x1) with 5 generated mipmaps from Image. Internal format is PF_A8R8G8B8,32x32x1.
00:28:46: Texture: sdk_tray.png: Loading 1 faces(PF_A8R8G8B8,64x64x1) with 5 generated mipmaps from Image. Internal format is PF_A8R8G8B8,64x64x1.
00:28:46: Texture: sdk_button_up.png: Loading 1 faces(PF_A8R8G8B8,128x32x1) with 5 generated mipmaps from Image. Internal format is PF_A8R8G8B8,128x32x1.
00:28:46: Texture: sdk_text_box.png: Loading 1 faces(PF_A8R8G8B8,32x32x1) with 5 generated mipmaps from Image. Internal format is PF_A8R8G8B8,32x32x1.
00:28:46: Texture: sdk_mini_tray.png: Loading 1 faces(PF_A8R8G8B8,32x32x1) with 5 generated mipmaps from Image. Internal format is PF_A8R8G8B8,32x32x1.
00:28:46: Texture: sdk_track.png: Loading 1 faces(PF_A8R8G8B8,16x32x1) with 5 generated mipmaps from Image. Internal format is PF_A8R8G8B8,16x32x1.
00:28:46: Texture: sdk_handle.png: Loading 1 faces(PF_A8R8G8B8,16x16x1) with 4 generated mipmaps from Image. Internal format is PF_A8R8G8B8,16x16x1.
00:28:46: Texture: sdk_mini_text_box.png: Loading 1 faces(PF_A8R8G8B8,32x32x1) with 5 generated mipmaps from Image. Internal format is PF_A8R8G8B8,32x32x1.
00:28:46: Texture: sdk_label.png: Loading 1 faces(PF_A8R8G8B8,32x32x1) with 5 generated mipmaps from Image. Internal format is PF_A8R8G8B8,32x32x1.
00:28:46: Texture: sdk_separator.png: Loading 1 faces(PF_A8R8G8B8,64x16x1) with 5 generated mipmaps from Image. Internal format is PF_A8R8G8B8,64x16x1.
00:28:46: Texture: sdk_logo.png: Loading 1 faces(PF_A8R8G8B8,128x64x1) with 5 generated mipmaps from Image. Internal format is PF_A8R8G8B8,128x64x1.
00:28:46: Texture: sdk_shade.png: Loading 1 faces(PF_A8R8G8B8,64x48x1) with 5 generated mipmaps from Image. Internal format is PF_A8R8G8B8,64x48x1.
00:28:46: Texture: sdk_frame.png: Loading 1 faces(PF_A8R8G8B8,32x32x1) with 5 generated mipmaps from Image. Internal format is PF_A8R8G8B8,32x32x1.
00:28:46: Texture: sdk_mini_text_box_over.png: Loading 1 faces(PF_A8R8G8B8,32x32x1) with 5 generated mipmaps from Image. Internal format is PF_A8R8G8B8,32x32x1.
00:28:47: Texture: sdk_pulse.png: Loading 1 faces(PF_R8G8B8,8x1x1) with 3 generated mipmaps from Image. Internal format is PF_X8R8G8B8,8x1x1.
00:28:47: Finished parsing scripts for resource group Essential
00:28:47: Parsing scripts for resource group General
00:28:47: Finished parsing scripts for resource group General
00:28:47: Parsing scripts for resource group Internal
00:28:47: Finished parsing scripts for resource group Internal
00:28:47: Parsing scripts for resource group Popular
00:28:47: Parsing script Examples.program
00:28:47: GLSL compiling: Ogre/BasicVertexPrograms/AmbientOneTextureGLSL
00:28:47: GLSL compiled : Ogre/BasicVertexPrograms/AmbientOneTextureGLSL
00:28:47: GLSL compiling: Ogre/HardwareSkinningTwoWeightsGLSL
00:28:47: GLSL compiled : Ogre/HardwareSkinningTwoWeightsGLSL
00:28:47: OGRE EXCEPTION(2:InvalidParametersException): Parameter called ambient does not exist.  in GpuProgramParameters::_findNamedConstantDefinition at ..\..\..\..\OgreMain\src\OgreGpuProgramParams.cpp (line 1433)
00:28:47: Compiler error: invalid parameters in Examples.program(130): setting of constant failed
00:28:47: Parsing script StdQuad_vp.program
00:28:48: Parsing script deferred_post.program
00:28:48: Parsing script ShadowCaster.program
00:28:48: Parsing script ASCII.material
00:28:48: Parsing script ASMSwizzle.material
00:28:48: Parsing script BlackAndWhite.material
00:28:48: Parsing script Bloom.material
00:28:48: GLSL compiling: Blur_ps_glsl
00:28:48: GLSL compiled : Blur_ps_glsl
00:28:48: GLSL compiling: Blur0_vs_glsl
00:28:48: GLSL compiled : Blur0_vs_glsl
00:28:48: GLSL compiling: Blur1_vs_glsl
00:28:48: GLSL compiled : Blur1_vs_glsl
00:28:48: Parsing script Bloom2.material
00:28:48: GLSL compiling: Bloom2_ps20_glsl
00:28:48: GLSL compiled : Bloom2_ps20_glsl
00:28:48: Parsing script CGSwizzle.material
00:28:48: Parsing script CompositorDemo.material
00:28:48: Parsing script DepthShadowmap.material
00:28:48: GLSL compiling: Ogre/DepthShadowmap/CasterVP_GLSL
00:28:48: GLSL compiled : Ogre/DepthShadowmap/CasterVP_GLSL
00:28:48: GLSL compiling: Ogre/DepthShadowmap/CasterFP_GLSL
00:28:48: GLSL compiled : Ogre/DepthShadowmap/CasterFP_GLSL
00:28:48: GLSL compiling: Ogre/DepthShadowmap/ReceiverVP_GLSL
00:28:48: GLSL compiled : Ogre/DepthShadowmap/ReceiverVP_GLSL
00:28:48: GLSL compiling: Ogre/DepthShadowmap/ReceiverFP_GLSL
00:28:48: GLSL compiled : Ogre/DepthShadowmap/ReceiverFP_GLSL
00:28:48: GLSL compiling: Ogre/DepthShadowmap/ReceiverFPPCF_GLSL
00:28:48: GLSL compiled : Ogre/DepthShadowmap/ReceiverFPPCF_GLSL
00:28:48: GLSL compiling: Ogre/DepthShadowmap/NormalMapReceiverVP_GLSL
00:28:48: GLSL compiled : Ogre/DepthShadowmap/NormalMapReceiverVP_GLSL
00:28:48: GLSL compiling: Ogre/DepthShadowmap/NormalMapReceiverFP_GLSL
00:28:48: GLSL compiled : Ogre/DepthShadowmap/NormalMapReceiverFP_GLSL
00:28:48: GLSL compiling: Ogre/DepthShadowmap/NormalMapReceiverFPPCF_GLSL
00:28:48: GLSL compiled : Ogre/DepthShadowmap/NormalMapReceiverFPPCF_GLSL
00:28:48: Parsing script Dither.material
00:28:48: Parsing script DOF.material
00:28:48: Parsing script Embossed.material
00:28:48: Parsing script Examples.material
00:28:48: Compiler error: number expected in Examples.material(31): specular expects at least 4 arguments
00:28:49: OGRE EXCEPTION(2:InvalidParametersException): Parameter called camObjPos does not exist.  in GpuProgramParameters::_findNamedConstantDefinition at ..\..\..\..\OgreMain\src\OgreGpuProgramParams.cpp (line 1433)
00:28:49: Compiler error: invalid parameters in Examples.material(852): setting of constant failed
00:28:49: GLSL compiling: Ogre/HardwareSkinningTwoWeightsShadowCasterGLSL
00:28:49: GLSL compiled : Ogre/HardwareSkinningTwoWeightsShadowCasterGLSL
00:28:49: Parsing script Examples-Advanced.material
00:28:49: Compiler error: object unsupported by render system in Examples-Advanced.material(383)
00:28:49: Parsing script Examples-DynTex.material
00:28:49: Parsing script Examples-Water.material
00:28:49: Parsing script Example-Water.material
00:28:49: Parsing script facial.material
00:28:49: Parsing script Glass.material
00:28:49: Parsing script GLSLSwizzle.material
00:28:49: GLSL compiling: Ogre/GPTest/Swizzle_GP_GLSL
00:28:49: Cannot compile GLSL high-level shader : Ogre/GPTest/Swizzle_GP_GLSL ERROR: 0:25: 'gl_VerticesIn' : undeclared identifier 
ERROR: 0:32: 'gl_VerticesIn' : undeclared identifier 


00:28:49: OGRE EXCEPTION(7:InternalErrorException): Cannot compile GLSL high-level shader : Ogre/GPTest/Swizzle_GP_GLSL Cannot compile GLSL high-level shader : Ogre/GPTest/Swizzle_GP_GLSL ERROR: 0:25: 'gl_VerticesIn' : undeclared identifier 
ERROR: 0:32: 'gl_VerticesIn' : undeclared identifier 

 in GLSLProgram::compile at ..\..\..\..\..\RenderSystems\GL\src\GLSL\src\OgreGLSLExtSupport.cpp (line 65)
00:28:49: High-level program Ogre/GPTest/Swizzle_GP_GLSL encountered an error during loading and is thus not supported.
OGRE EXCEPTION(7:InternalErrorException): Cannot compile GLSL high-level shader : Ogre/GPTest/Swizzle_GP_GLSL Cannot compile GLSL high-level shader : Ogre/GPTest/Swizzle_GP_GLSL ERROR: 0:25: 'gl_VerticesIn' : undeclared identifier 
ERROR: 0:32: 'gl_VerticesIn' : undeclared identifier 

 in GLSLProgram::compile at ..\..\..\..\..\RenderSystems\GL\src\GLSL\src\OgreGLSLExtSupport.cpp (line 65)
00:28:49: OGRE EXCEPTION(2:InvalidParametersException): Named constants have not been initialised, perhaps a compile error. in GpuProgramParameters::_findNamedConstantDefinition at ..\..\..\..\OgreMain\src\OgreGpuProgramParams.cpp (line 1423)
00:28:49: Compiler error: invalid parameters in GLSLSwizzle.material(15): setting of constant failed
00:28:49: OGRE EXCEPTION(2:InvalidParametersException): Named constants have not been initialised, perhaps a compile error. in GpuProgramParameters::_findNamedConstantDefinition at ..\..\..\..\OgreMain\src\OgreGpuProgramParams.cpp (line 1423)
00:28:49: Compiler error: invalid parameters in GLSLSwizzle.material(16): setting of constant failed
00:28:49: GLSL compiling: Ogre/GPTest/Passthrough_VP_GLSL
00:28:49: GLSL compiled : Ogre/GPTest/Passthrough_VP_GLSL
00:28:49: Parsing script Halftone.material
00:28:49: Parsing script hdr.material
00:28:49: GLSL compiling: Ogre/Compositor/HDR/downscale2x2LuminenceGLSL_fp
00:28:50: GLSL compiled : Ogre/Compositor/HDR/downscale2x2LuminenceGLSL_fp
00:28:50: GLSL compiling: Ogre/Compositor/StdQuad_GLSL_vp
00:28:50: GLSL compiled : Ogre/Compositor/StdQuad_GLSL_vp
00:28:50: GLSL compiling: Ogre/Compositor/HDR/downscale3x3GLSL_fp
00:28:50: GLSL compiled : Ogre/Compositor/HDR/downscale3x3GLSL_fp
00:28:50: GLSL compiling: Ogre/Compositor/HDR/utils_fp
00:28:50: GLSL compiled : Ogre/Compositor/HDR/utils_fp
00:28:50: GLSL compiling: Ogre/Compositor/HDR/downscale3x3brightpassGLSL_fp
00:28:50: GLSL compiled : Ogre/Compositor/HDR/downscale3x3brightpassGLSL_fp
00:28:50: GLSL compiling: Ogre/Compositor/HDR/bloomGLSL_fp
00:28:50: GLSL compiled : Ogre/Compositor/HDR/bloomGLSL_fp
00:28:50: GLSL compiling: Ogre/Compositor/HDR/utils_fp
00:28:50: GLSL compiled : Ogre/Compositor/HDR/utils_fp
00:28:50: GLSL compiling: Ogre/Compositor/HDR/finaltonemappingGLSL_fp
00:28:50: GLSL compiled : Ogre/Compositor/HDR/finaltonemappingGLSL_fp
00:28:50: Parsing script HeatVision.material
00:28:50: Parsing script Hurt.material
00:28:50: Parsing script instancing.material
00:28:50: GLSL compiling: InstancingGLSL
00:28:50: GLSL compiled : InstancingGLSL
00:28:50: GLSL compiling: InstancingShadowCasterGLSL
00:28:50: GLSL compiled : InstancingShadowCasterGLSL
00:28:50: GLSL compiling: CrowdGLSL
00:28:50: GLSL compiled : CrowdGLSL
00:28:50: GLSL compiling: CrowdShadowCasterGLSL
00:28:50: GLSL compiled : CrowdShadowCasterGLSL
00:28:50: Parsing script Invert.material
00:28:50: Parsing script IsoSurf.material
00:28:50: Problem parsing the following Cg Uniform: '@TMP0' in file Ogre/IsoSurf/TessellateTetrahedraGS
00:28:50: Parsing script Laplace.material
00:28:50: Parsing script MotionBlur.material
00:28:50: Parsing script MRTtest.material
00:28:50: GLSL compiling: Ogre/MRTtest/scenefp/GLSL
00:28:50: GLSL compiled : Ogre/MRTtest/scenefp/GLSLWARNING: 0:2: '#extension' :  'GL_ARB_draw_buffers' is not supported


00:28:50: GLSL compiling: Ogre/MRTtest/quadfp/GLSL
00:28:50: GLSL compiled : Ogre/MRTtest/quadfp/GLSL
00:28:50: Parsing script NightVision.material
00:28:50: Parsing script Ocean.material
00:28:50: GLSL compiling: GLSL/OceanVS
00:28:50: GLSL compiled : GLSL/OceanVS
00:28:50: GLSL compiling: GLSL/OceanFS
00:28:50: GLSL compiled : GLSL/OceanFS
00:28:50: GLSL compiling: GLSL/Ocean2VS
00:28:50: GLSL compiled : GLSL/Ocean2VS
00:28:51: GLSL compiling: GLSL/Ocean2FS
00:28:51: GLSL compiled : GLSL/Ocean2FS
00:28:51: Parsing script OffsetMapping.material
00:28:51: Compiler error: object unsupported by render system in OffsetMapping.material(18)
00:28:51: GLSL compiling: Examples/OffsetMappingIntegratedShadowsFPglsl
00:28:51: GLSL compiled : Examples/OffsetMappingIntegratedShadowsFPglsl
00:28:51: GLSL compiling: Examples/OffsetMappingIntegratedShadowsVPglsl
00:28:51: GLSL compiled : Examples/OffsetMappingIntegratedShadowsVPglsl
00:28:51: Parsing script Ogre.material
00:28:51: Parsing script OldMovie.material
00:28:51: Parsing script OldTV.material
00:28:51: Parsing script ParticleGS.material
00:28:51: Parsing script Penguin.material
00:28:51: Parsing script Posterize.material
00:28:51: Parsing script pssm.material
00:28:51: Parsing script RadialBlur.material
00:28:51: Parsing script RZR-002.material
00:28:51: Parsing script ShaderSystem.material
00:28:51: Parsing script shadows.material
00:28:51: Parsing script SharpenEdges.material
00:28:51: Parsing script sibenik.material
00:28:51: Parsing script smoke.material
00:28:51: Parsing script Tiling.material
00:28:51: Parsing script VarianceShadowmap.material
00:28:51: Parsing script deferred_post.material
00:28:51: Parsing script deferred_post_minilight.material
00:28:51: Parsing script deferreddemo.material
00:28:51: Parsing script ShadowCaster.material
00:28:51: Parsing script ssao.material
00:28:52: Parsing script ROOM.material
00:28:52: Parsing script RTShaderSystem.material
00:28:52: Compiler error: unknown error in RTShaderSystem.material(23): token "rtshader_system" is not recognized
00:28:52: Compiler error: unknown error in RTShaderSystem.material(52): token "rtshader_system" is not recognized
00:28:52: Compiler error: unknown error in RTShaderSystem.material(81): token "rtshader_system" is not recognized
00:28:52: Compiler error: unknown error in RTShaderSystem.material(110): token "rtshader_system" is not recognized
00:28:52: Compiler error: unknown error in RTShaderSystem.material(146): token "rtshader_system" is not recognized
00:28:52: Compiler error: unknown error in RTShaderSystem.material(81): token "rtshader_system" is not recognized
00:28:52: Compiler error: unknown error in RTShaderSystem.material(162): token "rtshader_system" is not recognized
00:28:52: Compiler error: unknown error in RTShaderSystem.material(81): token "rtshader_system" is not recognized
00:28:52: Compiler error: unknown error in RTShaderSystem.material(110): token "rtshader_system" is not recognized
00:28:52: Parsing script RomanBath.material
00:28:52: Parsing script Sinbad.material
00:28:52: Parsing script emitted_emitter.particle
00:28:52: Parsing script Examples.particle
00:28:52: Parsing script Examples-Water.particle
00:28:52: Parsing script smoke.particle
00:28:52: Parsing script Examples.compositor
00:28:52: Parsing script deferred.compositor
00:28:52: Parsing script ssao.compositor
00:28:52: Parsing script sample.fontdef
00:28:52: Finished parsing scripts for resource group Popular
00:28:52: Mesh: Loading penguin.mesh.
00:28:52: Skeleton: Loading penguin.skeleton
00:28:52: WARNING: penguin.mesh is an older format ([MeshSerializer_v1.40]); you should upgrade it as soon as possible using the OgreMeshUpgrade tool.
00:28:52: Texture: penguin.jpg: Loading 1 faces(PF_R8G8B8,512x512x1) with 5 generated mipmaps from Image. Internal format is PF_X8R8G8B8,512x512x1.
00:28:52: Mesh: Loading cube.mesh.
00:28:52: Texture: RustySteel.jpg: Loading 1 faces(PF_R8G8B8,256x256x1) with 5 generated mipmaps from Image. Internal format is PF_X8R8G8B8,256x256x1.
00:28:52: Texture: spheremap.png: Loading 1 faces(PF_R8G8B8,256x256x1) with 5 generated mipmaps from Image. Internal format is PF_X8R8G8B8,256x256x1.
00:28:53: Texture: Chrome.jpg: Loading 1 faces(PF_L8,256x256x1) with 5 generated mipmaps from Image. Internal format is PF_L8,256x256x1.
00:28:53: *** Initializing OIS ***
00:28:53: Texture: spot_shadow_fade.png: Loading 1 faces(PF_R8G8B8,128x128x1) with 5 generated mipmaps from Image. Internal format is PF_X8R8G8B8,128x128x1.
00:28:53: Font SdkTrays/Captionusing texture size 512x256
00:28:53: Info: Freetype returned null for character 160 in font SdkTrays/Caption
00:28:53: Texture: SdkTrays/CaptionTexture: Loading 1 faces(PF_BYTE_LA,512x256x1) with 0 generated mipmaps from Image. Internal format is PF_BYTE_LA,512x256x1.
00:28:53: Font SdkTrays/Valueusing texture size 512x512
00:28:53: Info: Freetype returned null for character 127 in font SdkTrays/Value
00:28:53: Info: Freetype returned null for character 128 in font SdkTrays/Value
00:28:53: Info: Freetype returned null for character 129 in font SdkTrays/Value
00:28:53: Info: Freetype returned null for character 130 in font SdkTrays/Value
00:28:53: Info: Freetype returned null for character 131 in font SdkTrays/Value
00:28:53: Info: Freetype returned null for character 132 in font SdkTrays/Value
00:28:53: Info: Freetype returned null for character 133 in font SdkTrays/Value
00:28:53: Info: Freetype returned null for character 134 in font SdkTrays/Value
00:28:53: Info: Freetype returned null for character 135 in font SdkTrays/Value
00:28:53: Info: Freetype returned null for character 136 in font SdkTrays/Value
00:28:53: Info: Freetype returned null for character 137 in font SdkTrays/Value
00:28:53: Info: Freetype returned null for character 138 in font SdkTrays/Value
00:28:53: Info: Freetype returned null for character 139 in font SdkTrays/Value
00:28:53: Info: Freetype returned null for character 140 in font SdkTrays/Value
00:28:53: Info: Freetype returned null for character 141 in font SdkTrays/Value
00:28:53: Info: Freetype returned null for character 142 in font SdkTrays/Value
00:28:53: Info: Freetype returned null for character 143 in font SdkTrays/Value
00:28:53: Info: Freetype returned null for character 144 in font SdkTrays/Value
00:28:53: Info: Freetype returned null for character 145 in font SdkTrays/Value
00:28:53: Info: Freetype returned null for character 146 in font SdkTrays/Value
00:28:53: Info: Freetype returned null for character 147 in font SdkTrays/Value
00:28:53: Info: Freetype returned null for character 148 in font SdkTrays/Value
00:28:53: Info: Freetype returned null for character 149 in font SdkTrays/Value
00:28:53: Info: Freetype returned null for character 150 in font SdkTrays/Value
00:28:54: Info: Freetype returned null for character 151 in font SdkTrays/Value
00:28:54: Info: Freetype returned null for character 152 in font SdkTrays/Value
00:28:54: Info: Freetype returned null for character 153 in font SdkTrays/Value
00:28:54: Info: Freetype returned null for character 154 in font SdkTrays/Value
00:28:54: Info: Freetype returned null for character 155 in font SdkTrays/Value
00:28:54: Info: Freetype returned null for character 156 in font SdkTrays/Value
00:28:54: Info: Freetype returned null for character 157 in font SdkTrays/Value
00:28:54: Info: Freetype returned null for character 158 in font SdkTrays/Value
00:28:54: Info: Freetype returned null for character 159 in font SdkTrays/Value
00:28:54: Info: Freetype returned null for character 160 in font SdkTrays/Value
00:28:54: Texture: SdkTrays/ValueTexture: Loading 1 faces(PF_BYTE_LA,512x512x1) with 0 generated mipmaps from Image. Internal format is PF_BYTE_LA,512x512x1.
00:28:56: 2:*** keyPressed ***

00:28:56: 2:*** keyReleased ***

00:28:57: 200:*** keyPressed ***

00:28:58: 200:*** keyReleased ***

00:28:59: 17:*** keyPressed ***

00:29:00: 17:*** keyReleased ***

00:29:00: 17:*** keyPressed ***

00:29:01: 17:*** keyReleased ***

00:29:01: 31:*** keyPressed ***

00:29:02: 30:*** keyPressed ***

00:29:03: 31:*** keyReleased ***

00:29:03: 32:*** keyPressed ***

00:29:03: 30:*** keyReleased ***

00:29:04: 30:*** keyPressed ***

00:29:04: 32:*** keyReleased ***

00:29:04: 17:*** keyPressed ***

00:29:04: 30:*** keyReleased ***

00:29:04: 32:*** keyPressed ***

00:29:04: 17:*** keyReleased ***

00:29:04: 32:*** keyReleased ***

00:29:04: 30:*** keyPressed ***

00:29:04: 17:*** keyPressed ***

00:29:04: 17:*** keyReleased ***

00:29:04: 32:*** keyPressed ***

00:29:04: 30:*** keyReleased ***

00:29:04: 30:*** keyPressed ***

00:29:04: 32:*** keyReleased ***

00:29:05: 30:*** keyReleased ***

00:29:05: 31:*** keyPressed ***

00:29:07: 31:*** keyReleased ***

00:29:07: 2:*** keyPressed ***

00:29:07: 2:*** keyReleased ***

00:29:08: 2:*** keyPressed ***

00:29:08: 2:*** keyReleased ***

00:29:08: 2:*** keyPressed ***

00:29:08: 2:*** keyReleased ***

00:29:08: 3:*** keyPressed ***

00:29:08: 3:*** keyReleased ***

00:29:09: 3:*** keyPressed ***

00:29:09: 3:*** keyReleased ***

00:29:09: 3:*** keyPressed ***

00:29:09: 3:*** keyReleased ***

00:29:09: 3:*** keyPressed ***

00:29:09: 3:*** keyReleased ***

00:29:09: 3:*** keyPressed ***

00:29:09: 3:*** keyReleased ***

00:29:10: 4:*** keyPressed ***

00:29:10: 4:*** keyReleased ***

00:29:13: 30:*** keyPressed ***

00:29:13: 30:*** keyReleased ***

00:29:14: 32:*** keyPressed ***

00:29:14: 32:*** keyReleased ***

00:29:15: 31:*** keyPressed ***

00:29:15: 31:*** keyReleased ***

00:29:15: 31:*** keyPressed ***

00:29:16: 31:*** keyReleased ***

00:29:16: 17:*** keyPressed ***

00:29:16: 17:*** keyReleased ***

00:29:16: 17:*** keyPressed ***

00:29:17: 17:*** keyReleased ***

00:29:17: 17:*** keyPressed ***

00:29:17: 17:*** keyReleased ***

00:29:18: 32:*** keyPressed ***

00:29:18: 32:*** keyReleased ***

00:29:19: 32:*** keyPressed ***

00:29:19: 32:*** keyReleased ***

00:29:20: 30:*** keyPressed ***

00:29:20: 30:*** keyReleased ***

00:29:21: 30:*** keyPressed ***

00:29:21: 30:*** keyReleased ***

00:29:21: 17:*** keyPressed ***

00:29:22: 17:*** keyReleased ***

00:29:22: 17:*** keyPressed ***

00:29:22: 17:*** keyReleased ***

00:29:23: 31:*** keyPressed ***

00:29:23: 31:*** keyReleased ***

00:29:24: 17:*** keyPressed ***

00:29:24: 17:*** keyReleased ***

00:29:25: 17:*** keyPressed ***

00:29:25: 17:*** keyReleased ***

00:29:26: 31:*** keyPressed ***

00:29:26: 31:*** keyReleased ***

00:29:26: 31:*** keyPressed ***

00:29:26: 31:*** keyReleased ***

00:29:27: 17:*** keyPressed ***

00:29:27: 17:*** keyReleased ***

00:29:27: 17:*** keyPressed ***

00:29:27: 17:*** keyReleased ***

00:29:34: 31:*** keyPressed ***

00:29:34: 31:*** keyReleased ***

00:29:35: 31:*** keyPressed ***

00:29:35: 31:*** keyReleased ***

00:29:35: 31:*** keyPressed ***

00:29:35: 31:*** keyReleased ***

00:29:37: 31:*** keyPressed ***

00:29:39: 31:*** keyReleased ***

00:29:39: 17:*** keyPressed ***

00:29:42: 17:*** keyReleased ***

00:29:42: 17:*** keyPressed ***

00:29:43: 17:*** keyReleased ***

00:29:43: 31:*** keyPressed ***

00:29:45: 31:*** keyReleased ***

00:29:45: 17:*** keyPressed ***

00:29:47: 17:*** keyReleased ***

00:29:47: 17:*** keyPressed ***

00:29:47: 17:*** keyReleased ***

00:29:49: 31:*** keyPressed ***

00:29:49: 31:*** keyReleased ***

00:29:49: 31:*** keyPressed ***

00:29:50: 31:*** keyReleased ***

00:29:50: 31:*** keyPressed ***

00:29:50: 31:*** keyReleased ***

00:29:51: 31:*** keyPressed ***

00:29:52: 31:*** keyReleased ***

00:29:52: 31:*** keyPressed ***

00:29:52: 31:*** keyReleased ***

00:29:53: 17:*** keyPressed ***

00:29:53: 17:*** keyReleased ***

00:29:53: 31:*** keyPressed ***

00:29:54: 31:*** keyReleased ***

00:29:54: 31:*** keyPressed ***

00:29:54: 31:*** keyReleased ***

00:29:55: 31:*** keyPressed ***

00:29:56: 31:*** keyReleased ***

00:29:56: 31:*** keyPressed ***

00:29:56: 31:*** keyReleased ***

00:29:56: 31:*** keyPressed ***

00:29:57: 31:*** keyReleased ***

00:29:57: 17:*** keyPressed ***

00:29:58: 17:*** keyReleased ***

00:29:58: 17:*** keyPressed ***

00:29:58: 17:*** keyReleased ***

00:29:59: 17:*** keyPressed ***

00:30:00: 17:*** keyReleased ***

00:30:01: 31:*** keyPressed ***

00:30:01: 31:*** keyReleased ***

00:30:01: 31:*** keyPressed ***

00:30:02: 31:*** keyReleased ***

00:30:03: 17:*** keyPressed ***

00:30:03: 17:*** keyReleased ***

00:30:04: 17:*** keyPressed ***

00:30:04: 17:*** keyReleased ***

00:30:05: 17:*** keyPressed ***

00:30:05: 17:*** keyReleased ***

00:30:06: 31:*** keyPressed ***

00:30:07: 31:*** keyReleased ***

00:30:08: 17:*** keyPressed ***

00:30:08: 17:*** keyReleased ***

00:30:09: 17:*** keyPressed ***

00:30:09: 17:*** keyReleased ***

00:30:11: 30:*** keyPressed ***

00:30:11: 30:*** keyReleased ***

00:30:12: 31:*** keyPressed ***

00:30:12: 31:*** keyReleased ***

00:30:14: 17:*** keyPressed ***

00:30:14: 17:*** keyReleased ***

00:30:14: 31:*** keyPressed ***

00:30:15: 31:*** keyReleased ***

00:30:15: 31:*** keyPressed ***

00:30:15: 31:*** keyReleased ***

00:30:16: 17:*** keyPressed ***

00:30:16: 17:*** keyReleased ***

00:30:16: 17:*** keyPressed ***

00:30:16: 17:*** keyReleased ***

00:30:17: 30:*** keyPressed ***

00:30:17: 30:*** keyReleased ***

00:30:18: 32:*** keyPressed ***

00:30:18: 32:*** keyReleased ***

00:30:19: 30:*** keyPressed ***

00:30:19: 30:*** keyReleased ***

00:30:20: 32:*** keyPressed ***

00:30:20: 32:*** keyReleased ***

00:30:21: 31:*** keyPressed ***

00:30:21: 31:*** keyReleased ***

00:30:22: 17:*** keyPressed ***

00:30:22: 17:*** keyReleased ***

00:30:23: 17:*** keyPressed ***

00:30:23: 17:*** keyReleased ***

00:30:23: 31:*** keyPressed ***

00:30:23: 31:*** keyReleased ***

00:30:24: 17:*** keyPressed ***

00:30:25: 17:*** keyReleased ***

00:30:25: 31:*** keyPressed ***

00:30:25: 31:*** keyReleased ***

00:30:26: 17:*** keyPressed ***

00:30:26: 17:*** keyReleased ***

00:30:28: 17:*** keyPressed ***

00:30:29: 17:*** keyReleased ***

00:30:31: 17:*** keyPressed ***

00:30:31: 17:*** keyReleased ***

00:30:31: 17:*** keyPressed ***

00:30:31: 17:*** keyReleased ***

00:30:32: 17:*** keyPressed ***

00:30:32: 17:*** keyReleased ***

00:30:33: 31:*** keyPressed ***

00:30:33: 31:*** keyReleased ***

00:30:33: 17:*** keyPressed ***

00:30:34: 17:*** keyReleased ***

00:30:34: 31:*** keyPressed ***

00:30:34: 31:*** keyReleased ***

00:30:34: 17:*** keyPressed ***

00:30:35: 30:*** keyPressed ***

00:30:35: 17:*** keyReleased ***

00:30:35: 17:*** keyPressed ***

00:30:35: 17:*** keyReleased ***

00:30:35: 30:*** keyReleased ***

00:30:35: 32:*** keyPressed ***

00:30:37: 31:*** keyPressed ***

00:30:37: 32:*** keyReleased ***

00:30:38: 30:*** keyPressed ***

00:30:39: 31:*** keyReleased ***

00:30:40: 17:*** keyPressed ***

00:30:40: 32:*** keyPressed ***

00:30:41: 30:*** keyReleased ***

00:30:41: 17:*** keyReleased ***

00:30:41: 32:*** keyReleased ***

00:30:43: 2:*** keyPressed ***

00:30:44: 2:*** keyReleased ***

00:30:47: 4:*** keyPressed ***

00:30:47: 4:*** keyReleased ***

00:30:48: 5:*** keyPressed ***

00:30:48: 5:*** keyReleased ***

00:30:50: 4:*** keyPressed ***

00:30:50: 4:*** keyReleased ***

00:30:50: 5:*** keyPressed ***

00:30:51: 5:*** keyReleased ***

00:30:51: 4:*** keyPressed ***

00:30:52: 4:*** keyReleased ***

00:30:52: 5:*** keyPressed ***

00:30:52: 5:*** keyReleased ***

00:31:03: 6:*** keyPressed ***

00:31:03: 6:*** keyReleased ***

00:31:30: 17:*** keyPressed ***

00:31:30: 17:*** keyReleased ***

00:31:30: 30:*** keyPressed ***

00:31:31: 30:*** keyReleased ***

00:31:31: 17:*** keyPressed ***

00:31:36: 17:*** keyReleased ***

00:31:36: 17:*** keyPressed ***

00:31:36: 17:*** keyReleased ***

00:31:36: 17:*** keyPressed ***

00:31:37: 17:*** keyReleased ***

00:31:37: 31:*** keyPressed ***

00:31:38: 31:*** keyReleased ***

00:31:39: 56:*** keyPressed ***

00:31:39: 62:*** keyPressed ***

00:31:39: DefaultWorkQueue('Root') shutting down on thread 00BE7EE0.
00:31:39: DefaultWorkQueue('Root')::WorkerFunc - thread 06DCAFF8 stopped.
00:31:39: DefaultWorkQueue('Root')::WorkerFunc - thread 06DCB058 stopped.
00:31:39: DefaultWorkQueue('Root')::WorkerFunc - thread 06DCAF38 stopped.
00:31:39: DefaultWorkQueue('Root')::WorkerFunc - thread 06DCB028 stopped.
00:31:40: PCZone Factory Type 'ZoneType_Octree' unregistered
00:31:40: PCZone Factory Type 'ZoneType_Terrain' unregistered
00:31:40: Unregistering ResourceManager for type BspLevel
00:31:40: *-*-* OGRE Shutdown
00:31:40: Unregistering ResourceManager for type Compositor
00:31:40: Unregistering ResourceManager for type Font
00:31:40: Unregistering ResourceManager for type Skeleton
00:31:40: Unregistering ResourceManager for type Mesh
00:31:40: Unregistering ResourceManager for type HighLevelGpuProgram
00:31:40: Uninstalling plugin: Octree & Terrain Scene Manager
00:31:40: Plugin successfully uninstalled
00:31:40: Unloading library .\Plugin_OctreeSceneManager
00:31:40: Uninstalling plugin: Octree Zone Factory
00:31:40: Plugin successfully uninstalled
00:31:40: Unloading library .\Plugin_OctreeZone
00:31:40: Uninstalling plugin: Portal Connected Zone Scene Manager
00:31:40: Plugin successfully uninstalled
00:31:40: Unloading library .\Plugin_PCZSceneManager
00:31:40: Uninstalling plugin: Cg Program Manager
00:31:40: Plugin successfully uninstalled
00:31:40: Unloading library .\Plugin_CgProgramManager
00:31:40: Uninstalling plugin: BSP Scene Manager
00:31:40: Plugin successfully uninstalled
00:31:40: Unloading library .\Plugin_BSPSceneManager
00:31:40: Uninstalling plugin: ParticleFX
00:31:40: Plugin successfully uninstalled
00:31:40: Unloading library .\Plugin_ParticleFX
00:31:40: Uninstalling plugin: GL RenderSystem
00:31:40: Unregistering ResourceManager for type GpuProgram
00:31:40: *** Stopping Win32GL Subsystem ***
00:31:40: Unregistering ResourceManager for type Texture
00:31:40: Plugin successfully uninstalled
00:31:40: Unloading library .\RenderSystem_GL
00:31:40: Uninstalling plugin: D3D9 RenderSystem
00:31:40: D3D9 : Shutting down cleanly.
00:31:40: D3D9 : Direct3D9 Rendering Subsystem destroyed.
00:31:40: Plugin successfully uninstalled
00:31:40: Unloading library .\RenderSystem_Direct3D9
00:31:40: Unregistering ResourceManager for type Material
