20:31:48: Creating resource group General
20:31:48: Creating resource group Internal
20:31:48: Creating resource group Autodetect
20:31:48: SceneManagerFactory for type 'DefaultSceneManager' registered.
20:31:48: Registering ResourceManager for type Material
20:31:48: Registering ResourceManager for type Mesh
20:31:48: Registering ResourceManager for type Skeleton
20:31:48: MovableObjectFactory for type 'ParticleSystem' registered.
20:31:48: OverlayElementFactory for type Panel registered.
20:31:48: OverlayElementFactory for type BorderPanel registered.
20:31:48: OverlayElementFactory for type TextArea registered.
20:31:48: Registering ResourceManager for type Font
20:31:48: ArchiveFactory for archive type FileSystem registered.
20:31:48: ArchiveFactory for archive type Zip registered.
20:31:48: DDS codec registering
20:31:48: FreeImage version: 3.13.1
20:31:48: This program uses FreeImage, a free, open source image library supporting all common bitmap formats. See http://freeimage.sourceforge.net for details
20:31:48: Supported formats: bmp,ico,jpg,jif,jpeg,jpe,jng,koa,iff,lbm,mng,pbm,pbm,pcd,pcx,pgm,pgm,png,ppm,ppm,ras,tga,targa,tif,tiff,wap,wbmp,wbm,psd,cut,xbm,xpm,gif,hdr,g3,sgi,exr,j2k,j2c,jp2,pfm,pct,pict,pic,bay,bmq,cr2,crw,cs1,dc2,dcr,dng,erf,fff,hdr,k25,kdc,mdc,mos,mrw,nef,orf,pef,pxn,raf,raw,rdc,sr2,srf,arw,3fr,cine,ia,kc2,mef,nrw,qtk,rw2,sti,drf,dsc,ptx,cap,iiq,rwz
20:31:48: Registering ResourceManager for type HighLevelGpuProgram
20:31:48: Registering ResourceManager for type Compositor
20:31:49: MovableObjectFactory for type 'Entity' registered.
20:31:49: MovableObjectFactory for type 'Light' registered.
20:31:49: MovableObjectFactory for type 'BillboardSet' registered.
20:31:49: MovableObjectFactory for type 'ManualObject' registered.
20:31:49: MovableObjectFactory for type 'BillboardChain' registered.
20:31:49: MovableObjectFactory for type 'RibbonTrail' registered.
20:31:49: Loading library .\RenderSystem_Direct3D9
20:31:49: Installing plugin: D3D9 RenderSystem
20:31:49: D3D9 : Direct3D9 Rendering Subsystem created.
20:31:49: D3D9: Driver Detection Starts
20:31:49: D3D9: Driver Detection Ends
20:31:49: Plugin successfully installed
20:31:49: Loading library .\RenderSystem_GL
20:31:50: Installing plugin: GL RenderSystem
20:31:50: OpenGL Rendering Subsystem created.
20:31:50: Plugin successfully installed
20:31:50: Loading library .\Plugin_ParticleFX
20:31:50: Installing plugin: ParticleFX
20:31:50: Particle Emitter Type 'Point' registered
20:31:50: Particle Emitter Type 'Box' registered
20:31:50: Particle Emitter Type 'Ellipsoid' registered
20:31:50: Particle Emitter Type 'Cylinder' registered
20:31:50: Particle Emitter Type 'Ring' registered
20:31:50: Particle Emitter Type 'HollowEllipsoid' registered
20:31:50: Particle Affector Type 'LinearForce' registered
20:31:50: Particle Affector Type 'ColourFader' registered
20:31:50: Particle Affector Type 'ColourFader2' registered
20:31:50: Particle Affector Type 'ColourImage' registered
20:31:50: Particle Affector Type 'ColourInterpolator' registered
20:31:50: Particle Affector Type 'Scaler' registered
20:31:50: Particle Affector Type 'Rotator' registered
20:31:50: Particle Affector Type 'DirectionRandomiser' registered
20:31:50: Particle Affector Type 'DeflectorPlane' registered
20:31:50: Plugin successfully installed
20:31:50: Loading library .\Plugin_BSPSceneManager
20:31:50: Installing plugin: BSP Scene Manager
20:31:50: Plugin successfully installed
20:31:50: Loading library .\Plugin_CgProgramManager
20:31:50: Installing plugin: Cg Program Manager
20:31:50: Plugin successfully installed
20:31:50: Loading library .\Plugin_PCZSceneManager
20:31:51: Installing plugin: Portal Connected Zone Scene Manager
20:31:51: PCZone Factory Type 'ZoneType_Default' registered
20:31:51: Plugin successfully installed
20:31:51: Loading library .\Plugin_OctreeZone
20:31:51: Installing plugin: Octree Zone Factory
20:31:51: Plugin successfully installed
20:31:51: Loading library .\Plugin_OctreeSceneManager
20:31:51: Installing plugin: Octree & Terrain Scene Manager
20:31:51: Plugin successfully installed
20:31:51: *-*-* OGRE Initialising
20:31:51: *-*-* Version 1.7.1 (Cthugha)
20:31:51: Creating resource group Essential
20:31:51: Added resource location '../../media/thumbnails' of type 'FileSystem' to resource group 'Essential'
20:31:51: Added resource location '../../media/packs/SdkTrays.zip' of type 'Zip' to resource group 'Essential'
20:31:51: Added resource location '../../media' of type 'FileSystem' to resource group 'General'
20:31:51: Creating resource group Popular
20:31:51: Added resource location '../../media/fonts' of type 'FileSystem' to resource group 'Popular'
20:31:51: Added resource location '../../media/materials/programs' of type 'FileSystem' to resource group 'Popular'
20:31:51: Added resource location '../../media/materials/scripts' of type 'FileSystem' to resource group 'Popular'
20:31:52: Added resource location '../../media/materials/textures' of type 'FileSystem' to resource group 'Popular'
20:31:52: Added resource location '../../media/materials/textures/nvidia' of type 'FileSystem' to resource group 'Popular'
20:31:52: Added resource location '../../media/models' of type 'FileSystem' to resource group 'Popular'
20:31:52: Added resource location '../../media/particle' of type 'FileSystem' to resource group 'Popular'
20:31:52: Added resource location '../../media/DeferredShadingMedia' of type 'FileSystem' to resource group 'Popular'
20:31:52: Added resource location '../../media/PCZAppMedia' of type 'FileSystem' to resource group 'Popular'
20:31:52: Added resource location '../../media/RTShaderLib' of type 'FileSystem' to resource group 'Popular'
20:31:52: Added resource location '../../media/RTShaderLib/materials' of type 'FileSystem' to resource group 'Popular'
20:31:52: Added resource location '../../media/packs/cubemap.zip' of type 'Zip' to resource group 'Popular'
20:31:52: Added resource location '../../media/packs/cubemapsJS.zip' of type 'Zip' to resource group 'Popular'
20:31:52: Added resource location '../../media/packs/dragon.zip' of type 'Zip' to resource group 'Popular'
20:31:52: Added resource location '../../media/packs/fresneldemo.zip' of type 'Zip' to resource group 'Popular'
20:31:52: Added resource location '../../media/packs/ogretestmap.zip' of type 'Zip' to resource group 'Popular'
20:31:52: Added resource location '../../media/packs/ogredance.zip' of type 'Zip' to resource group 'Popular'
20:31:52: Added resource location '../../media/packs/Sinbad.zip' of type 'Zip' to resource group 'Popular'
20:31:52: Added resource location '../../media/packs/skybox.zip' of type 'Zip' to resource group 'Popular'
20:31:52: D3D9 : RenderSystem Option: Allow NVPerfHUD = No
20:31:52: D3D9 : RenderSystem Option: FSAA = 0
20:31:52: D3D9 : RenderSystem Option: Floating-point mode = Fastest
20:31:52: D3D9 : RenderSystem Option: Full Screen = Yes
20:31:52: D3D9 : RenderSystem Option: Rendering Device = Monitor-1-NVIDIA GeForce 9600 GT
20:31:52: D3D9 : RenderSystem Option: Resource Creation Policy = Create on all devices
20:31:52: D3D9 : RenderSystem Option: VSync = No
20:31:52: D3D9 : RenderSystem Option: VSync Interval = 1
20:31:52: D3D9 : RenderSystem Option: Video Mode = 800 x 600 @ 32-bit colour
20:31:52: D3D9 : RenderSystem Option: sRGB Gamma Conversion = No
20:31:55: CPU Identifier & Features
20:31:55: -------------------------
20:31:55:  *   CPU ID: GenuineIntel: Intel(R) Atom(TM) CPU  Z3735F @ 1.33GHz
20:31:55:  *      SSE: yes
20:31:55:  *     SSE2: yes
20:31:55:  *     SSE3: yes
20:31:55:  *      MMX: yes
20:31:55:  *   MMXEXT: yes
20:31:55:  *    3DNOW: no
20:31:55:  * 3DNOWEXT: no
20:31:55:  *     CMOV: yes
20:31:55:  *      TSC: yes
20:31:55:  *      FPU: yes
20:31:55:  *      PRO: yes
20:31:55:  *       HT: no
20:31:55: -------------------------
20:31:55: *** Starting Win32GL Subsystem ***
20:31:55: GLRenderSystem::_createRenderWindow "NCTU. 3D Game Programming. Student Name: ¼B©Ó¶¶. ID:0656124", 1024x768 windowed  miscParams: FSAA=0 FSAAHint= colourDepth=32 displayFrequency=0 gamma=false vsync=false vsyncInterval=1 
20:31:55: Created Win32Window 'NCTU. 3D Game Programming. Student Name: ¼B©Ó¶¶. ID:0656124' : 1042x720, 32bpp
20:31:55: GL_VERSION = 4.0.0 - Build 10.18.10.3643
20:31:55: GL_VENDOR = Intel
20:31:55: GL_RENDERER = Intel(R) HD Graphics
20:31:56: GL_EXTENSIONS = GL_EXT_blend_minmax GL_EXT_blend_subtract GL_EXT_blend_color GL_EXT_abgr GL_EXT_texture3D GL_EXT_clip_volume_hint GL_EXT_compiled_vertex_array GL_SGIS_texture_edge_clamp GL_SGIS_generate_mipmap GL_EXT_draw_range_elements GL_SGIS_texture_lod GL_EXT_rescale_normal GL_EXT_packed_pixels GL_EXT_texture_edge_clamp GL_EXT_separate_specular_color GL_ARB_multitexture GL_ARB_map_buffer_alignment GL_ARB_conservative_depth GL_EXT_texture_env_combine GL_EXT_bgra GL_EXT_blend_func_separate GL_EXT_secondary_color GL_EXT_fog_coord GL_EXT_texture_env_add GL_ARB_texture_cube_map GL_ARB_transpose_matrix GL_ARB_internalformat_query GL_ARB_internalformat_query2 GL_ARB_texture_env_add GL_IBM_texture_mirrored_repeat GL_EXT_multi_draw_arrays GL_SUN_multi_draw_arrays GL_NV_blend_square GL_ARB_texture_compression GL_3DFX_texture_compression_FXT1 GL_EXT_texture_filter_anisotropic GL_ARB_texture_border_clamp GL_ARB_point_parameters GL_ARB_texture_env_combine GL_ARB_texture_env_dot3 GL_ARB_texture_env_crossbar GL_EXT_texture_compression_s3tc GL_ARB_shadow GL_ARB_window_pos GL_EXT_shadow_funcs GL_EXT_stencil_wrap GL_ARB_vertex_program GL_EXT_texture_rectangle GL_ARB_fragment_program GL_EXT_stencil_two_side GL_ATI_separate_stencil GL_ARB_vertex_buffer_object GL_EXT_texture_lod_bias GL_ARB_occlusion_query GL_ARB_fragment_shader GL_ARB_shader_objects GL_ARB_shading_language_100 GL_ARB_texture_non_power_of_two GL_ARB_vertex_shader GL_NV_texgen_reflection GL_ARB_point_sprite GL_ARB_fragment_program_shadow GL_EXT_blend_equation_separate GL_ARB_depth_texture GL_ARB_texture_rectangle GL_ARB_draw_buffers GL_ARB_color_buffer_float GL_ARB_half_float_pixel GL_ARB_texture_float GL_ARB_pixel_buffer_object GL_EXT_framebuffer_object GL_ARB_draw_instanced GL_ARB_half_float_vertex GL_ARB_occlusion_query2 GL_EXT_draw_buffers2 GL_WIN_swap_hint GL_EXT_texture_sRGB GL_ARB_multisample GL_EXT_packed_float GL_EXT_texture_shared_exponent GL_ARB_texture_rg GL_ARB_texture_compression_rgtc GL_NV_conditional_render GL_ARB_texture_swizzle GL_EXT_texture_swizzle GL_ARB_texture_gather GL_ARB_sync GL_ARB_framebuffer_sRGB GL_EXT_packed_depth_stencil GL_ARB_depth_buffer_float GL_EXT_transform_feedback GL_ARB_transform_feedback2 GL_ARB_draw_indirect GL_EXT_framebuffer_blit GL_EXT_framebuffer_multisample GL_ARB_framebuffer_object GL_ARB_framebuffer_no_attachments GL_EXT_texture_array GL_EXT_texture_integer GL_ARB_map_buffer_range GL_ARB_texture_buffer_range GL_EXT_texture_buffer GL_EXT_texture_snorm GL_ARB_blend_func_extended GL_INTEL_performance_queries GL_ARB_copy_buffer GL_ARB_sampler_objects GL_NV_primitive_restart GL_ARB_seamless_cube_map GL_ARB_uniform_buffer_object GL_ARB_depth_clamp GL_ARB_vertex_array_bgra GL_ARB_shader_bit_encoding GL_ARB_draw_buffers_blend GL_ARB_geometry_shader4 GL_EXT_geometry_shader4 GL_ARB_texture_query_lod GL_ARB_explicit_attrib_location GL_ARB_draw_elements_base_vertex GL_ARB_instanced_arrays GL_ARB_base_instance GL_ARB_fragment_coord_conventions GL_EXT_gpu_program_parameters GL_ARB_texture_buffer_object_rgb32 GL_ARB_compatibility GL_ARB_texture_rgb10_a2ui GL_ARB_texture_multisample GL_ARB_vertex_type_2_10_10_10_rev GL_ARB_timer_query GL_ARB_tessellation_shader GL_ARB_vertex_array_object GL_ARB_provoking_vertex GL_ARB_sample_shading GL_ARB_texture_cube_map_array GL_EXT_gpu_shader4 GL_ARB_gpu_shader5 GL_ARB_gpu_shader_fp64 GL_ARB_shader_subroutine GL_ARB_transform_feedback3 GL_ARB_get_program_binary GL_ARB_separate_shader_objects GL_ARB_shader_precision GL_ARB_vertex_attrib_64bit GL_ARB_viewport_array GL_ARB_transform_feedback_instanced GL_ARB_compressed_texture_pixel_storage GL_ARB_shader_atomic_counters GL_ARB_shading_language_packing GL_ARB_shading_language_420pack GL_ARB_texture_storage GL_EXT_texture_storage GL_ARB_vertex_attrib_binding GL_ARB_multi_draw_indirect GL_ARB_program_interface_query GL_ARB_texture_storage_multisample GL_ARB_buffer_storage GL_ARB_debug_output GL_KHR_debug GL_ARB_arrays_of_arrays GL_INTEL_map_texture GL_ARB_texture_compression_bptc GL_ARB_ES2_compatibility GL_ARB_robustness GL_EXT_texture_sRGB_decode GL_KHR_blend_equation_advanced GL_EXT_shader_integer_mix GL_ARB_stencil_texturing 
20:31:56: Supported WGL extensions: WGL_EXT_depth_float WGL_ARB_buffer_region WGL_ARB_extensions_string WGL_ARB_make_current_read WGL_ARB_pixel_format WGL_ARB_pbuffer WGL_EXT_extensions_string WGL_EXT_swap_control WGL_EXT_swap_control_tear WGL_ARB_multisample WGL_ARB_pixel_format_float WGL_ARB_framebuffer_sRGB WGL_ARB_create_context WGL_ARB_create_context_profile WGL_EXT_pixel_format_packed_float WGL_EXT_create_context_es_profile WGL_EXT_create_context_es2_profile WGL_NV_DX_interop WGL_ARB_create_context_robustness 
20:31:56: ***************************
20:31:56: *** GL Renderer Started ***
20:31:56: ***************************
20:31:56: Registering ResourceManager for type GpuProgram
20:31:56: GLSL support detected
20:31:56: GL: Using GL_EXT_framebuffer_object for rendering to textures (best)
20:31:56: FBO PF_UNKNOWN depth/stencil support: D0S1 D0S4 D0S8 D0S16 D16S0 D16S1 D16S4 D16S8 D16S16 D24S0 D24S1 D24S4 D24S8 D24S16 D32S0 D32S1 D32S4 D32S8 D32S16 Packed-D24S8 
20:31:56: FBO PF_A8 depth/stencil support: D0S0 D0S1 D0S4 D0S8 D0S16 D16S0 D16S1 D16S4 D16S8 D16S16 D24S0 D24S1 D24S4 D24S8 D24S16 D32S0 D32S1 D32S4 D32S8 D32S16 Packed-D24S8 
20:31:56: FBO PF_R5G6B5 depth/stencil support: D0S0 D0S1 D0S4 D0S8 D0S16 D16S0 D16S1 D16S4 D16S8 D16S16 D24S0 D24S1 D24S4 D24S8 D24S16 D32S0 D32S1 D32S4 D32S8 D32S16 Packed-D24S8 
20:31:56: FBO PF_B5G6R5 depth/stencil support: D0S0 D0S1 D0S4 D0S8 D0S16 D16S0 D16S1 D16S4 D16S8 D16S16 D24S0 D24S1 D24S4 D24S8 D24S16 D32S0 D32S1 D32S4 D32S8 D32S16 Packed-D24S8 
20:31:56: FBO PF_A4R4G4B4 depth/stencil support: D0S0 D0S1 D0S4 D0S8 D0S16 D16S0 D16S1 D16S4 D16S8 D16S16 D24S0 D24S1 D24S4 D24S8 D24S16 D32S0 D32S1 D32S4 D32S8 D32S16 Packed-D24S8 
20:31:56: FBO PF_A1R5G5B5 depth/stencil support: D0S0 D0S1 D0S4 D0S8 D0S16 D16S0 D16S1 D16S4 D16S8 D16S16 D24S0 D24S1 D24S4 D24S8 D24S16 D32S0 D32S1 D32S4 D32S8 D32S16 Packed-D24S8 
20:31:56: FBO PF_R8G8B8 depth/stencil support: D0S0 D0S1 D0S4 D0S8 D0S16 D16S0 D16S1 D16S4 D16S8 D16S16 D24S0 D24S1 D24S4 D24S8 D24S16 D32S0 D32S1 D32S4 D32S8 D32S16 Packed-D24S8 
20:31:56: FBO PF_B8G8R8 depth/stencil support: D0S0 D0S1 D0S4 D0S8 D0S16 D16S0 D16S1 D16S4 D16S8 D16S16 D24S0 D24S1 D24S4 D24S8 D24S16 D32S0 D32S1 D32S4 D32S8 D32S16 Packed-D24S8 
20:31:56: FBO PF_A8R8G8B8 depth/stencil support: D0S0 D0S1 D0S4 D0S8 D0S16 D16S0 D16S1 D16S4 D16S8 D16S16 D24S0 D24S1 D24S4 D24S8 D24S16 D32S0 D32S1 D32S4 D32S8 D32S16 Packed-D24S8 
20:31:56: FBO PF_B8G8R8A8 depth/stencil support: D0S0 D0S1 D0S4 D0S8 D0S16 D16S0 D16S1 D16S4 D16S8 D16S16 D24S0 D24S1 D24S4 D24S8 D24S16 D32S0 D32S1 D32S4 D32S8 D32S16 Packed-D24S8 
20:31:56: FBO PF_A2R10G10B10 depth/stencil support: D0S0 D0S1 D0S4 D0S8 D0S16 D16S0 D16S1 D16S4 D16S8 D16S16 D24S0 D24S1 D24S4 D24S8 D24S16 D32S0 D32S1 D32S4 D32S8 D32S16 Packed-D24S8 
20:31:56: FBO PF_A2B10G10R10 depth/stencil support: D0S0 D0S1 D0S4 D0S8 D0S16 D16S0 D16S1 D16S4 D16S8 D16S16 D24S0 D24S1 D24S4 D24S8 D24S16 D32S0 D32S1 D32S4 D32S8 D32S16 Packed-D24S8 
20:31:56: FBO PF_FLOAT16_RGB depth/stencil support: D0S0 D0S1 D0S4 D0S8 D0S16 D16S0 D16S1 D16S4 D16S8 D16S16 D24S0 D24S1 D24S4 D24S8 D24S16 D32S0 D32S1 D32S4 D32S8 D32S16 Packed-D24S8 
20:31:56: FBO PF_FLOAT16_RGBA depth/stencil support: D0S0 D0S1 D0S4 D0S8 D0S16 D16S0 D16S1 D16S4 D16S8 D16S16 D24S0 D24S1 D24S4 D24S8 D24S16 D32S0 D32S1 D32S4 D32S8 D32S16 Packed-D24S8 
20:31:57: FBO PF_FLOAT32_RGB depth/stencil support: D0S0 D0S1 D0S4 D0S8 D0S16 D16S0 D16S1 D16S4 D16S8 D16S16 D24S0 D24S1 D24S4 D24S8 D24S16 D32S0 D32S1 D32S4 D32S8 D32S16 Packed-D24S8 
20:31:57: FBO PF_FLOAT32_RGBA depth/stencil support: D0S0 D0S1 D0S4 D0S8 D0S16 D16S0 D16S1 D16S4 D16S8 D16S16 D24S0 D24S1 D24S4 D24S8 D24S16 D32S0 D32S1 D32S4 D32S8 D32S16 Packed-D24S8 
20:31:57: FBO PF_X8R8G8B8 depth/stencil support: D0S0 D0S1 D0S4 D0S8 D0S16 D16S0 D16S1 D16S4 D16S8 D16S16 D24S0 D24S1 D24S4 D24S8 D24S16 D32S0 D32S1 D32S4 D32S8 D32S16 Packed-D24S8 
20:31:57: FBO PF_X8B8G8R8 depth/stencil support: D0S0 D0S1 D0S4 D0S8 D0S16 D16S0 D16S1 D16S4 D16S8 D16S16 D24S0 D24S1 D24S4 D24S8 D24S16 D32S0 D32S1 D32S4 D32S8 D32S16 Packed-D24S8 
20:31:57: FBO PF_SHORT_RGBA depth/stencil support: D0S0 D0S1 D0S4 D0S8 D0S16 D16S0 D16S1 D16S4 D16S8 D16S16 D24S0 D24S1 D24S4 D24S8 D24S16 D32S0 D32S1 D32S4 D32S8 D32S16 Packed-D24S8 
20:31:57: FBO PF_R3G3B2 depth/stencil support: D0S0 D0S1 D0S4 D0S8 D0S16 D16S0 D16S1 D16S4 D16S8 D16S16 D24S0 D24S1 D24S4 D24S8 D24S16 D32S0 D32S1 D32S4 D32S8 D32S16 Packed-D24S8 
20:31:57: FBO PF_SHORT_RGB depth/stencil support: D0S0 D0S1 D0S4 D0S8 D0S16 D16S0 D16S1 D16S4 D16S8 D16S16 D24S0 D24S1 D24S4 D24S8 D24S16 D32S0 D32S1 D32S4 D32S8 D32S16 Packed-D24S8 
20:31:57: [GL] : Valid FBO targets PF_UNKNOWN PF_A8 PF_R5G6B5 PF_B5G6R5 PF_A4R4G4B4 PF_A1R5G5B5 PF_R8G8B8 PF_B8G8R8 PF_A8R8G8B8 PF_B8G8R8A8 PF_A2R10G10B10 PF_A2B10G10R10 PF_FLOAT16_RGB PF_FLOAT16_RGBA PF_FLOAT32_RGB PF_FLOAT32_RGBA PF_X8R8G8B8 PF_X8B8G8R8 PF_SHORT_RGBA PF_R3G3B2 PF_SHORT_RGB 
20:31:57: RenderSystem capabilities
20:31:57: -------------------------
20:31:57: RenderSystem Name: OpenGL Rendering Subsystem
20:31:57: GPU Vendor: intel
20:31:57: Device Name: Intel(R) HD Graphics
20:31:57: Driver Version: 4.0.0.0
20:31:57:  * Fixed function pipeline: yes
20:31:57:  * Hardware generation of mipmaps: no
20:31:57:  * Texture blending: yes
20:31:57:  * Anisotropic texture filtering: yes
20:31:57:  * Dot product texture operation: yes
20:31:57:  * Cube mapping: yes
20:31:57:  * Hardware stencil buffer: yes
20:31:57:    - Stencil depth: 8
20:31:57:    - Two sided stencil support: yes
20:31:57:    - Wrap stencil values: yes
20:31:57:  * Hardware vertex / index buffers: yes
20:31:57:  * Vertex programs: yes
20:31:57:  * Number of floating-point constants for vertex programs: 256
20:31:57:  * Number of integer constants for vertex programs: 0
20:31:57:  * Number of boolean constants for vertex programs: 0
20:31:57:  * Fragment programs: yes
20:31:57:  * Number of floating-point constants for fragment programs: 256
20:31:57:  * Number of integer constants for fragment programs: 0
20:31:57:  * Number of boolean constants for fragment programs: 0
20:31:57:  * Geometry programs: yes
20:31:57:  * Number of floating-point constants for geometry programs: 256
20:31:57:  * Number of integer constants for geometry programs: 0
20:31:57:  * Number of boolean constants for geometry programs: 0
20:31:57:  * Supported Shader Profiles: arbfp1 arbvp1 glsl gp4gp gpu_gp nvgp4
20:31:57:  * Texture Compression: yes
20:31:57:    - DXT: yes
20:31:57:    - VTC: no
20:31:57:    - PVRTC: no
20:31:57:  * Scissor Rectangle: yes
20:31:57:  * Hardware Occlusion Query: yes
20:31:57:  * User clip planes: yes
20:31:57:  * VET_UBYTE4 vertex element type: yes
20:31:57:  * Infinite far plane projection: yes
20:31:57:  * Hardware render-to-texture: yes
20:31:57:  * Floating point textures: yes
20:31:57:  * Non-power-of-two textures: yes
20:31:57:  * Volume textures: yes
20:31:57:  * Multiple Render Targets: 8
20:31:57:    - With different bit depths: yes
20:31:57:  * Point Sprites: yes
20:31:57:  * Extended point parameters: yes
20:31:57:  * Max Point Size: 255
20:31:57:  * Vertex texture fetch: yes
20:31:57:  * Number of world matrices: 0
20:31:57:  * Number of texture units: 16
20:31:57:  * Stencil buffer depth: 8
20:31:57:  * Number of vertex blend matrices: 0
20:31:57:    - Max vertex textures: 16
20:31:57:    - Vertex textures shared: yes
20:31:57:  * Render to Vertex Buffer : no
20:31:57:  * GL 1.5 without VBO workaround: no
20:31:57:  * Frame Buffer objects: yes
20:31:57:  * Frame Buffer objects (ARB extension): no
20:31:57:  * Frame Buffer objects (ATI extension): no
20:31:57:  * PBuffer support: no
20:31:57:  * GL 1.5 without HW-occlusion workaround: no
20:31:57: Registering ResourceManager for type Texture
20:31:57: DefaultWorkQueue('Root') initialising on thread 00BF9428.
20:31:57: DefaultWorkQueue('Root')::WorkerFunc - thread 057E7730 starting.
20:31:57: DefaultWorkQueue('Root')::WorkerFunc - thread 057E77C0 starting.
20:31:57: DefaultWorkQueue('Root')::WorkerFunc - thread 057E74C0 starting.
20:31:57: DefaultWorkQueue('Root')::WorkerFunc - thread 057E73A0 starting.
20:31:57: Particle Renderer Type 'billboard' registered
20:31:57: SceneManagerFactory for type 'BspSceneManager' registered.
20:31:57: Registering ResourceManager for type BspLevel
20:31:57: SceneManagerFactory for type 'PCZSceneManager' registered.
20:31:57: MovableObjectFactory for type 'PCZLight' registered.
20:31:57: MovableObjectFactory for type 'Portal' registered.
20:31:57: MovableObjectFactory for type 'AntiPortal' registered.
20:31:57: PCZone Factory Type 'ZoneType_Octree' registered
20:31:57: PCZone Factory Type 'ZoneType_Terrain' registered
20:31:57: SceneManagerFactory for type 'OctreeSceneManager' registered.
20:31:57: SceneManagerFactory for type 'TerrainSceneManager' registered.
20:31:57: Parsing scripts for resource group Autodetect
20:31:57: Finished parsing scripts for resource group Autodetect
20:31:57: Parsing scripts for resource group Essential
20:31:57: Parsing script SdkTrays.material
20:31:57: Parsing script SdkTrays.fontdef
20:31:57: Parsing script SdkTrays.overlay
20:31:58: Bad element attribute line: '# you can offset the image to change the cursor "hotspot"' for element SdkTrays/Cursor in overlay 
20:31:58: Texture: sdk_cursor.png: Loading 1 faces(PF_A8R8G8B8,32x32x1) with 5 generated mipmaps from Image. Internal format is PF_A8R8G8B8,32x32x1.
20:31:58: Texture: sdk_tray.png: Loading 1 faces(PF_A8R8G8B8,64x64x1) with 5 generated mipmaps from Image. Internal format is PF_A8R8G8B8,64x64x1.
20:31:58: Texture: sdk_button_up.png: Loading 1 faces(PF_A8R8G8B8,128x32x1) with 5 generated mipmaps from Image. Internal format is PF_A8R8G8B8,128x32x1.
20:31:58: Texture: sdk_text_box.png: Loading 1 faces(PF_A8R8G8B8,32x32x1) with 5 generated mipmaps from Image. Internal format is PF_A8R8G8B8,32x32x1.
20:31:58: Texture: sdk_mini_tray.png: Loading 1 faces(PF_A8R8G8B8,32x32x1) with 5 generated mipmaps from Image. Internal format is PF_A8R8G8B8,32x32x1.
20:31:58: Texture: sdk_track.png: Loading 1 faces(PF_A8R8G8B8,16x32x1) with 5 generated mipmaps from Image. Internal format is PF_A8R8G8B8,16x32x1.
20:31:58: Texture: sdk_handle.png: Loading 1 faces(PF_A8R8G8B8,16x16x1) with 4 generated mipmaps from Image. Internal format is PF_A8R8G8B8,16x16x1.
20:31:58: Texture: sdk_mini_text_box.png: Loading 1 faces(PF_A8R8G8B8,32x32x1) with 5 generated mipmaps from Image. Internal format is PF_A8R8G8B8,32x32x1.
20:31:58: Texture: sdk_label.png: Loading 1 faces(PF_A8R8G8B8,32x32x1) with 5 generated mipmaps from Image. Internal format is PF_A8R8G8B8,32x32x1.
20:31:58: Texture: sdk_separator.png: Loading 1 faces(PF_A8R8G8B8,64x16x1) with 5 generated mipmaps from Image. Internal format is PF_A8R8G8B8,64x16x1.
20:31:58: Texture: sdk_logo.png: Loading 1 faces(PF_A8R8G8B8,128x64x1) with 5 generated mipmaps from Image. Internal format is PF_A8R8G8B8,128x64x1.
20:31:58: Texture: sdk_shade.png: Loading 1 faces(PF_A8R8G8B8,64x48x1) with 5 generated mipmaps from Image. Internal format is PF_A8R8G8B8,64x48x1.
20:31:58: Texture: sdk_frame.png: Loading 1 faces(PF_A8R8G8B8,32x32x1) with 5 generated mipmaps from Image. Internal format is PF_A8R8G8B8,32x32x1.
20:31:58: Texture: sdk_mini_text_box_over.png: Loading 1 faces(PF_A8R8G8B8,32x32x1) with 5 generated mipmaps from Image. Internal format is PF_A8R8G8B8,32x32x1.
20:31:58: Texture: sdk_pulse.png: Loading 1 faces(PF_R8G8B8,8x1x1) with 3 generated mipmaps from Image. Internal format is PF_X8R8G8B8,8x1x1.
20:31:58: Finished parsing scripts for resource group Essential
20:31:58: Parsing scripts for resource group General
20:31:58: Finished parsing scripts for resource group General
20:31:58: Parsing scripts for resource group Internal
20:31:58: Finished parsing scripts for resource group Internal
20:31:58: Parsing scripts for resource group Popular
20:31:58: Parsing script Examples.program
20:31:59: GLSL compiling: Ogre/BasicVertexPrograms/AmbientOneTextureGLSL
20:31:59: GLSL compiled : Ogre/BasicVertexPrograms/AmbientOneTextureGLSL
20:31:59: GLSL compiling: Ogre/HardwareSkinningTwoWeightsGLSL
20:31:59: GLSL compiled : Ogre/HardwareSkinningTwoWeightsGLSL
20:31:59: OGRE EXCEPTION(2:InvalidParametersException): Parameter called ambient does not exist.  in GpuProgramParameters::_findNamedConstantDefinition at ..\..\..\..\OgreMain\src\OgreGpuProgramParams.cpp (line 1433)
20:31:59: Compiler error: invalid parameters in Examples.program(130): setting of constant failed
20:31:59: Parsing script StdQuad_vp.program
20:31:59: Parsing script deferred_post.program
20:31:59: Parsing script ShadowCaster.program
20:31:59: Parsing script ASCII.material
20:31:59: Parsing script ASMSwizzle.material
20:31:59: Parsing script BlackAndWhite.material
20:31:59: Parsing script Bloom.material
20:31:59: GLSL compiling: Blur_ps_glsl
20:31:59: GLSL compiled : Blur_ps_glsl
20:31:59: GLSL compiling: Blur0_vs_glsl
20:31:59: GLSL compiled : Blur0_vs_glsl
20:31:59: GLSL compiling: Blur1_vs_glsl
20:31:59: GLSL compiled : Blur1_vs_glsl
20:31:59: Parsing script Bloom2.material
20:31:59: GLSL compiling: Bloom2_ps20_glsl
20:31:59: GLSL compiled : Bloom2_ps20_glsl
20:31:59: Parsing script CGSwizzle.material
20:32:00: Parsing script CompositorDemo.material
20:32:00: Parsing script DepthShadowmap.material
20:32:00: GLSL compiling: Ogre/DepthShadowmap/CasterVP_GLSL
20:32:00: GLSL compiled : Ogre/DepthShadowmap/CasterVP_GLSL
20:32:00: GLSL compiling: Ogre/DepthShadowmap/CasterFP_GLSL
20:32:00: GLSL compiled : Ogre/DepthShadowmap/CasterFP_GLSL
20:32:00: GLSL compiling: Ogre/DepthShadowmap/ReceiverVP_GLSL
20:32:00: GLSL compiled : Ogre/DepthShadowmap/ReceiverVP_GLSL
20:32:00: GLSL compiling: Ogre/DepthShadowmap/ReceiverFP_GLSL
20:32:00: GLSL compiled : Ogre/DepthShadowmap/ReceiverFP_GLSL
20:32:00: GLSL compiling: Ogre/DepthShadowmap/ReceiverFPPCF_GLSL
20:32:00: GLSL compiled : Ogre/DepthShadowmap/ReceiverFPPCF_GLSL
20:32:00: GLSL compiling: Ogre/DepthShadowmap/NormalMapReceiverVP_GLSL
20:32:00: GLSL compiled : Ogre/DepthShadowmap/NormalMapReceiverVP_GLSL
20:32:00: GLSL compiling: Ogre/DepthShadowmap/NormalMapReceiverFP_GLSL
20:32:00: GLSL compiled : Ogre/DepthShadowmap/NormalMapReceiverFP_GLSL
20:32:00: GLSL compiling: Ogre/DepthShadowmap/NormalMapReceiverFPPCF_GLSL
20:32:00: GLSL compiled : Ogre/DepthShadowmap/NormalMapReceiverFPPCF_GLSL
20:32:00: Parsing script Dither.material
20:32:00: Parsing script DOF.material
20:32:00: Parsing script Embossed.material
20:32:00: Parsing script Examples.material
20:32:00: Compiler error: number expected in Examples.material(31): specular expects at least 4 arguments
20:32:00: OGRE EXCEPTION(2:InvalidParametersException): Parameter called camObjPos does not exist.  in GpuProgramParameters::_findNamedConstantDefinition at ..\..\..\..\OgreMain\src\OgreGpuProgramParams.cpp (line 1433)
20:32:00: Compiler error: invalid parameters in Examples.material(852): setting of constant failed
20:32:00: GLSL compiling: Ogre/HardwareSkinningTwoWeightsShadowCasterGLSL
20:32:00: GLSL compiled : Ogre/HardwareSkinningTwoWeightsShadowCasterGLSL
20:32:00: Parsing script Examples-Advanced.material
20:32:00: Compiler error: object unsupported by render system in Examples-Advanced.material(383)
20:32:00: Parsing script Examples-DynTex.material
20:32:00: Parsing script Examples-Water.material
20:32:00: Parsing script Example-Water.material
20:32:00: Parsing script facial.material
20:32:00: Parsing script Glass.material
20:32:00: Parsing script GLSLSwizzle.material
20:32:00: GLSL compiling: Ogre/GPTest/Swizzle_GP_GLSL
20:32:01: Cannot compile GLSL high-level shader : Ogre/GPTest/Swizzle_GP_GLSL ERROR: 0:25: 'gl_VerticesIn' : undeclared identifier 
ERROR: 0:32: 'gl_VerticesIn' : undeclared identifier 


20:32:01: OGRE EXCEPTION(7:InternalErrorException): Cannot compile GLSL high-level shader : Ogre/GPTest/Swizzle_GP_GLSL Cannot compile GLSL high-level shader : Ogre/GPTest/Swizzle_GP_GLSL ERROR: 0:25: 'gl_VerticesIn' : undeclared identifier 
ERROR: 0:32: 'gl_VerticesIn' : undeclared identifier 

 in GLSLProgram::compile at ..\..\..\..\..\RenderSystems\GL\src\GLSL\src\OgreGLSLExtSupport.cpp (line 65)
20:32:01: High-level program Ogre/GPTest/Swizzle_GP_GLSL encountered an error during loading and is thus not supported.
OGRE EXCEPTION(7:InternalErrorException): Cannot compile GLSL high-level shader : Ogre/GPTest/Swizzle_GP_GLSL Cannot compile GLSL high-level shader : Ogre/GPTest/Swizzle_GP_GLSL ERROR: 0:25: 'gl_VerticesIn' : undeclared identifier 
ERROR: 0:32: 'gl_VerticesIn' : undeclared identifier 

 in GLSLProgram::compile at ..\..\..\..\..\RenderSystems\GL\src\GLSL\src\OgreGLSLExtSupport.cpp (line 65)
20:32:01: OGRE EXCEPTION(2:InvalidParametersException): Named constants have not been initialised, perhaps a compile error. in GpuProgramParameters::_findNamedConstantDefinition at ..\..\..\..\OgreMain\src\OgreGpuProgramParams.cpp (line 1423)
20:32:01: Compiler error: invalid parameters in GLSLSwizzle.material(15): setting of constant failed
20:32:01: OGRE EXCEPTION(2:InvalidParametersException): Named constants have not been initialised, perhaps a compile error. in GpuProgramParameters::_findNamedConstantDefinition at ..\..\..\..\OgreMain\src\OgreGpuProgramParams.cpp (line 1423)
20:32:01: Compiler error: invalid parameters in GLSLSwizzle.material(16): setting of constant failed
20:32:01: GLSL compiling: Ogre/GPTest/Passthrough_VP_GLSL
20:32:01: GLSL compiled : Ogre/GPTest/Passthrough_VP_GLSL
20:32:01: Parsing script Halftone.material
20:32:01: Parsing script hdr.material
20:32:01: GLSL compiling: Ogre/Compositor/HDR/downscale2x2LuminenceGLSL_fp
20:32:01: GLSL compiled : Ogre/Compositor/HDR/downscale2x2LuminenceGLSL_fp
20:32:01: GLSL compiling: Ogre/Compositor/StdQuad_GLSL_vp
20:32:01: GLSL compiled : Ogre/Compositor/StdQuad_GLSL_vp
20:32:01: GLSL compiling: Ogre/Compositor/HDR/downscale3x3GLSL_fp
20:32:01: GLSL compiled : Ogre/Compositor/HDR/downscale3x3GLSL_fp
20:32:01: GLSL compiling: Ogre/Compositor/HDR/utils_fp
20:32:01: GLSL compiled : Ogre/Compositor/HDR/utils_fp
20:32:01: GLSL compiling: Ogre/Compositor/HDR/downscale3x3brightpassGLSL_fp
20:32:01: GLSL compiled : Ogre/Compositor/HDR/downscale3x3brightpassGLSL_fp
20:32:01: GLSL compiling: Ogre/Compositor/HDR/bloomGLSL_fp
20:32:01: GLSL compiled : Ogre/Compositor/HDR/bloomGLSL_fp
20:32:01: GLSL compiling: Ogre/Compositor/HDR/utils_fp
20:32:01: GLSL compiled : Ogre/Compositor/HDR/utils_fp
20:32:01: GLSL compiling: Ogre/Compositor/HDR/finaltonemappingGLSL_fp
20:32:01: GLSL compiled : Ogre/Compositor/HDR/finaltonemappingGLSL_fp
20:32:01: Parsing script HeatVision.material
20:32:01: Parsing script Hurt.material
20:32:01: Parsing script instancing.material
20:32:01: GLSL compiling: InstancingGLSL
20:32:01: GLSL compiled : InstancingGLSL
20:32:01: GLSL compiling: InstancingShadowCasterGLSL
20:32:01: GLSL compiled : InstancingShadowCasterGLSL
20:32:01: GLSL compiling: CrowdGLSL
20:32:01: GLSL compiled : CrowdGLSL
20:32:01: GLSL compiling: CrowdShadowCasterGLSL
20:32:01: GLSL compiled : CrowdShadowCasterGLSL
20:32:01: Parsing script Invert.material
20:32:01: Parsing script IsoSurf.material
20:32:01: Problem parsing the following Cg Uniform: '@TMP0' in file Ogre/IsoSurf/TessellateTetrahedraGS
20:32:01: Parsing script Laplace.material
20:32:01: Parsing script MotionBlur.material
20:32:01: Parsing script MRTtest.material
20:32:01: GLSL compiling: Ogre/MRTtest/scenefp/GLSL
20:32:01: GLSL compiled : Ogre/MRTtest/scenefp/GLSLWARNING: 0:2: '#extension' :  'GL_ARB_draw_buffers' is not supported


20:32:01: GLSL compiling: Ogre/MRTtest/quadfp/GLSL
20:32:02: GLSL compiled : Ogre/MRTtest/quadfp/GLSL
20:32:02: Parsing script NightVision.material
20:32:02: Parsing script Ocean.material
20:32:02: GLSL compiling: GLSL/OceanVS
20:32:02: GLSL compiled : GLSL/OceanVS
20:32:02: GLSL compiling: GLSL/OceanFS
20:32:02: GLSL compiled : GLSL/OceanFS
20:32:02: GLSL compiling: GLSL/Ocean2VS
20:32:02: GLSL compiled : GLSL/Ocean2VS
20:32:02: GLSL compiling: GLSL/Ocean2FS
20:32:02: GLSL compiled : GLSL/Ocean2FS
20:32:02: Parsing script OffsetMapping.material
20:32:02: Compiler error: object unsupported by render system in OffsetMapping.material(18)
20:32:02: GLSL compiling: Examples/OffsetMappingIntegratedShadowsFPglsl
20:32:02: GLSL compiled : Examples/OffsetMappingIntegratedShadowsFPglsl
20:32:02: GLSL compiling: Examples/OffsetMappingIntegratedShadowsVPglsl
20:32:02: GLSL compiled : Examples/OffsetMappingIntegratedShadowsVPglsl
20:32:02: Parsing script Ogre.material
20:32:02: Parsing script OldMovie.material
20:32:02: Parsing script OldTV.material
20:32:02: Parsing script ParticleGS.material
20:32:02: Parsing script Penguin.material
20:32:02: Parsing script Posterize.material
20:32:02: Parsing script pssm.material
20:32:02: Parsing script RadialBlur.material
20:32:02: Parsing script RZR-002.material
20:32:02: Parsing script ShaderSystem.material
20:32:02: Parsing script shadows.material
20:32:02: Parsing script SharpenEdges.material
20:32:02: Parsing script sibenik.material
20:32:02: Parsing script smoke.material
20:32:03: Parsing script Tiling.material
20:32:03: Parsing script VarianceShadowmap.material
20:32:03: Parsing script deferred_post.material
20:32:03: Parsing script deferred_post_minilight.material
20:32:03: Parsing script deferreddemo.material
20:32:03: Parsing script ShadowCaster.material
20:32:03: Parsing script ssao.material
20:32:03: Parsing script ROOM.material
20:32:03: Parsing script RTShaderSystem.material
20:32:03: Compiler error: unknown error in RTShaderSystem.material(23): token "rtshader_system" is not recognized
20:32:03: Compiler error: unknown error in RTShaderSystem.material(52): token "rtshader_system" is not recognized
20:32:03: Compiler error: unknown error in RTShaderSystem.material(81): token "rtshader_system" is not recognized
20:32:03: Compiler error: unknown error in RTShaderSystem.material(110): token "rtshader_system" is not recognized
20:32:03: Compiler error: unknown error in RTShaderSystem.material(146): token "rtshader_system" is not recognized
20:32:03: Compiler error: unknown error in RTShaderSystem.material(81): token "rtshader_system" is not recognized
20:32:03: Compiler error: unknown error in RTShaderSystem.material(162): token "rtshader_system" is not recognized
20:32:03: Compiler error: unknown error in RTShaderSystem.material(81): token "rtshader_system" is not recognized
20:32:03: Compiler error: unknown error in RTShaderSystem.material(110): token "rtshader_system" is not recognized
20:32:03: Parsing script RomanBath.material
20:32:03: Parsing script Sinbad.material
20:32:03: Parsing script emitted_emitter.particle
20:32:03: Parsing script Examples.particle
20:32:03: Parsing script Examples-Water.particle
20:32:03: Parsing script smoke.particle
20:32:03: Parsing script Examples.compositor
20:32:03: Parsing script deferred.compositor
20:32:03: Parsing script ssao.compositor
20:32:03: Parsing script sample.fontdef
20:32:03: Finished parsing scripts for resource group Popular
20:32:03: Mesh: Loading penguin.mesh.
20:32:03: Skeleton: Loading penguin.skeleton
20:32:03: WARNING: penguin.mesh is an older format ([MeshSerializer_v1.40]); you should upgrade it as soon as possible using the OgreMeshUpgrade tool.
20:32:03: Texture: penguin.jpg: Loading 1 faces(PF_R8G8B8,512x512x1) with 5 generated mipmaps from Image. Internal format is PF_X8R8G8B8,512x512x1.
20:32:04: Mesh: Loading cube.mesh.
20:32:04: Texture: RustySteel.jpg: Loading 1 faces(PF_R8G8B8,256x256x1) with 5 generated mipmaps from Image. Internal format is PF_X8R8G8B8,256x256x1.
20:32:04: Texture: spheremap.png: Loading 1 faces(PF_R8G8B8,256x256x1) with 5 generated mipmaps from Image. Internal format is PF_X8R8G8B8,256x256x1.
20:32:04: Texture: Chrome.jpg: Loading 1 faces(PF_L8,256x256x1) with 5 generated mipmaps from Image. Internal format is PF_L8,256x256x1.
20:32:04: *** Initializing OIS ***
20:32:04: Texture: spot_shadow_fade.png: Loading 1 faces(PF_R8G8B8,128x128x1) with 5 generated mipmaps from Image. Internal format is PF_X8R8G8B8,128x128x1.
20:32:04: Font SdkTrays/Captionusing texture size 512x256
20:32:04: Info: Freetype returned null for character 160 in font SdkTrays/Caption
20:32:04: Texture: SdkTrays/CaptionTexture: Loading 1 faces(PF_BYTE_LA,512x256x1) with 0 generated mipmaps from Image. Internal format is PF_BYTE_LA,512x256x1.
20:32:04: Font SdkTrays/Valueusing texture size 512x512
20:32:04: Info: Freetype returned null for character 127 in font SdkTrays/Value
20:32:04: Info: Freetype returned null for character 128 in font SdkTrays/Value
20:32:04: Info: Freetype returned null for character 129 in font SdkTrays/Value
20:32:04: Info: Freetype returned null for character 130 in font SdkTrays/Value
20:32:04: Info: Freetype returned null for character 131 in font SdkTrays/Value
20:32:04: Info: Freetype returned null for character 132 in font SdkTrays/Value
20:32:04: Info: Freetype returned null for character 133 in font SdkTrays/Value
20:32:04: Info: Freetype returned null for character 134 in font SdkTrays/Value
20:32:04: Info: Freetype returned null for character 135 in font SdkTrays/Value
20:32:04: Info: Freetype returned null for character 136 in font SdkTrays/Value
20:32:04: Info: Freetype returned null for character 137 in font SdkTrays/Value
20:32:04: Info: Freetype returned null for character 138 in font SdkTrays/Value
20:32:04: Info: Freetype returned null for character 139 in font SdkTrays/Value
20:32:05: Info: Freetype returned null for character 140 in font SdkTrays/Value
20:32:05: Info: Freetype returned null for character 141 in font SdkTrays/Value
20:32:05: Info: Freetype returned null for character 142 in font SdkTrays/Value
20:32:05: Info: Freetype returned null for character 143 in font SdkTrays/Value
20:32:05: Info: Freetype returned null for character 144 in font SdkTrays/Value
20:32:05: Info: Freetype returned null for character 145 in font SdkTrays/Value
20:32:05: Info: Freetype returned null for character 146 in font SdkTrays/Value
20:32:05: Info: Freetype returned null for character 147 in font SdkTrays/Value
20:32:05: Info: Freetype returned null for character 148 in font SdkTrays/Value
20:32:05: Info: Freetype returned null for character 149 in font SdkTrays/Value
20:32:05: Info: Freetype returned null for character 150 in font SdkTrays/Value
20:32:05: Info: Freetype returned null for character 151 in font SdkTrays/Value
20:32:05: Info: Freetype returned null for character 152 in font SdkTrays/Value
20:32:05: Info: Freetype returned null for character 153 in font SdkTrays/Value
20:32:05: Info: Freetype returned null for character 154 in font SdkTrays/Value
20:32:05: Info: Freetype returned null for character 155 in font SdkTrays/Value
20:32:05: Info: Freetype returned null for character 156 in font SdkTrays/Value
20:32:05: Info: Freetype returned null for character 157 in font SdkTrays/Value
20:32:05: Info: Freetype returned null for character 158 in font SdkTrays/Value
20:32:05: Info: Freetype returned null for character 159 in font SdkTrays/Value
20:32:05: Info: Freetype returned null for character 160 in font SdkTrays/Value
20:32:05: Texture: SdkTrays/ValueTexture: Loading 1 faces(PF_BYTE_LA,512x512x1) with 0 generated mipmaps from Image. Internal format is PF_BYTE_LA,512x512x1.
20:32:07: 49:*** keyPressed ***

20:32:07: 50:*** keyPressed ***

20:32:07: 49:*** keyReleased ***

20:32:07: 50:*** keyReleased ***

20:32:07: 49:*** keyPressed ***

20:32:07: 50:*** keyPressed ***

20:32:07: 49:*** keyReleased ***

20:32:07: 50:*** keyReleased ***

20:32:07: 49:*** keyPressed ***

20:32:07: 50:*** keyPressed ***

20:32:07: 49:*** keyReleased ***

20:32:07: 50:*** keyReleased ***

20:32:07: 49:*** keyPressed ***

20:32:08: 50:*** keyPressed ***

20:32:08: 49:*** keyReleased ***

20:32:08: 50:*** keyReleased ***

20:32:08: 11:*** keyPressed ***

20:32:09: 11:*** keyReleased ***

20:32:10: 2:*** keyPressed ***

20:32:10: 3:*** keyPressed ***

20:32:10: 2:*** keyReleased ***

20:32:10: 4:*** keyPressed ***

20:32:10: 3:*** keyReleased ***

20:32:10: 4:*** keyReleased ***

20:32:11: 6:*** keyPressed ***

20:32:11: 6:*** keyReleased ***

20:32:11: 6:*** keyPressed ***

20:32:11: 6:*** keyReleased ***

20:32:11: 7:*** keyPressed ***

20:32:11: 7:*** keyReleased ***

20:32:13: 56:*** keyPressed ***

20:32:13: 62:*** keyPressed ***

20:32:14: DefaultWorkQueue('Root') shutting down on thread 00BF9428.
20:32:14: DefaultWorkQueue('Root')::WorkerFunc - thread 057E73A0 stopped.
20:32:14: DefaultWorkQueue('Root')::WorkerFunc - thread 057E7730 stopped.
20:32:14: DefaultWorkQueue('Root')::WorkerFunc - thread 057E74C0 stopped.
20:32:14: DefaultWorkQueue('Root')::WorkerFunc - thread 057E77C0 stopped.
20:32:14: PCZone Factory Type 'ZoneType_Octree' unregistered
20:32:14: PCZone Factory Type 'ZoneType_Terrain' unregistered
20:32:14: Unregistering ResourceManager for type BspLevel
20:32:14: *-*-* OGRE Shutdown
20:32:14: Unregistering ResourceManager for type Compositor
20:32:14: Unregistering ResourceManager for type Font
20:32:14: Unregistering ResourceManager for type Skeleton
20:32:14: Unregistering ResourceManager for type Mesh
20:32:14: Unregistering ResourceManager for type HighLevelGpuProgram
20:32:14: Uninstalling plugin: Octree & Terrain Scene Manager
20:32:14: Plugin successfully uninstalled
20:32:14: Unloading library .\Plugin_OctreeSceneManager
20:32:14: Uninstalling plugin: Octree Zone Factory
20:32:14: Plugin successfully uninstalled
20:32:14: Unloading library .\Plugin_OctreeZone
20:32:14: Uninstalling plugin: Portal Connected Zone Scene Manager
20:32:14: Plugin successfully uninstalled
20:32:14: Unloading library .\Plugin_PCZSceneManager
20:32:14: Uninstalling plugin: Cg Program Manager
20:32:14: Plugin successfully uninstalled
20:32:14: Unloading library .\Plugin_CgProgramManager
20:32:14: Uninstalling plugin: BSP Scene Manager
20:32:14: Plugin successfully uninstalled
20:32:14: Unloading library .\Plugin_BSPSceneManager
20:32:14: Uninstalling plugin: ParticleFX
20:32:14: Plugin successfully uninstalled
20:32:14: Unloading library .\Plugin_ParticleFX
20:32:14: Uninstalling plugin: GL RenderSystem
20:32:14: Unregistering ResourceManager for type GpuProgram
20:32:14: *** Stopping Win32GL Subsystem ***
20:32:14: Unregistering ResourceManager for type Texture
20:32:14: Plugin successfully uninstalled
20:32:14: Unloading library .\RenderSystem_GL
20:32:14: Uninstalling plugin: D3D9 RenderSystem
20:32:14: D3D9 : Shutting down cleanly.
20:32:14: D3D9 : Direct3D9 Rendering Subsystem destroyed.
20:32:14: Plugin successfully uninstalled
20:32:14: Unloading library .\RenderSystem_Direct3D9
20:32:14: Unregistering ResourceManager for type Material
