00:21:25: Creating resource group General
00:21:25: Creating resource group Internal
00:21:25: Creating resource group Autodetect
00:21:25: SceneManagerFactory for type 'DefaultSceneManager' registered.
00:21:25: Registering ResourceManager for type Material
00:21:25: Registering ResourceManager for type Mesh
00:21:25: Registering ResourceManager for type Skeleton
00:21:25: MovableObjectFactory for type 'ParticleSystem' registered.
00:21:25: OverlayElementFactory for type Panel registered.
00:21:25: OverlayElementFactory for type BorderPanel registered.
00:21:25: OverlayElementFactory for type TextArea registered.
00:21:25: Registering ResourceManager for type Font
00:21:25: ArchiveFactory for archive type FileSystem registered.
00:21:25: ArchiveFactory for archive type Zip registered.
00:21:25: DDS codec registering
00:21:25: FreeImage version: 3.13.1
00:21:25: This program uses FreeImage, a free, open source image library supporting all common bitmap formats. See http://freeimage.sourceforge.net for details
00:21:25: Supported formats: bmp,ico,jpg,jif,jpeg,jpe,jng,koa,iff,lbm,mng,pbm,pbm,pcd,pcx,pgm,pgm,png,ppm,ppm,ras,tga,targa,tif,tiff,wap,wbmp,wbm,psd,cut,xbm,xpm,gif,hdr,g3,sgi,exr,j2k,j2c,jp2,pfm,pct,pict,pic,bay,bmq,cr2,crw,cs1,dc2,dcr,dng,erf,fff,hdr,k25,kdc,mdc,mos,mrw,nef,orf,pef,pxn,raf,raw,rdc,sr2,srf,arw,3fr,cine,ia,kc2,mef,nrw,qtk,rw2,sti,drf,dsc,ptx,cap,iiq,rwz
00:21:25: Registering ResourceManager for type HighLevelGpuProgram
00:21:25: Registering ResourceManager for type Compositor
00:21:25: MovableObjectFactory for type 'Entity' registered.
00:21:25: MovableObjectFactory for type 'Light' registered.
00:21:25: MovableObjectFactory for type 'BillboardSet' registered.
00:21:25: MovableObjectFactory for type 'ManualObject' registered.
00:21:25: MovableObjectFactory for type 'BillboardChain' registered.
00:21:25: MovableObjectFactory for type 'RibbonTrail' registered.
00:21:25: Loading library .\RenderSystem_Direct3D9
00:21:25: Installing plugin: D3D9 RenderSystem
00:21:25: D3D9 : Direct3D9 Rendering Subsystem created.
00:21:25: D3D9: Driver Detection Starts
00:21:25: D3D9: Driver Detection Ends
00:21:25: Plugin successfully installed
00:21:25: Loading library .\RenderSystem_GL
00:21:25: Installing plugin: GL RenderSystem
00:21:25: OpenGL Rendering Subsystem created.
00:21:25: Plugin successfully installed
00:21:25: Loading library .\Plugin_ParticleFX
00:21:25: Installing plugin: ParticleFX
00:21:25: Particle Emitter Type 'Point' registered
00:21:25: Particle Emitter Type 'Box' registered
00:21:25: Particle Emitter Type 'Ellipsoid' registered
00:21:25: Particle Emitter Type 'Cylinder' registered
00:21:25: Particle Emitter Type 'Ring' registered
00:21:25: Particle Emitter Type 'HollowEllipsoid' registered
00:21:25: Particle Affector Type 'LinearForce' registered
00:21:25: Particle Affector Type 'ColourFader' registered
00:21:25: Particle Affector Type 'ColourFader2' registered
00:21:25: Particle Affector Type 'ColourImage' registered
00:21:25: Particle Affector Type 'ColourInterpolator' registered
00:21:25: Particle Affector Type 'Scaler' registered
00:21:25: Particle Affector Type 'Rotator' registered
00:21:25: Particle Affector Type 'DirectionRandomiser' registered
00:21:25: Particle Affector Type 'DeflectorPlane' registered
00:21:25: Plugin successfully installed
00:21:25: Loading library .\Plugin_BSPSceneManager
00:21:25: Installing plugin: BSP Scene Manager
00:21:25: Plugin successfully installed
00:21:25: Loading library .\Plugin_CgProgramManager
00:21:25: Installing plugin: Cg Program Manager
00:21:26: Plugin successfully installed
00:21:26: Loading library .\Plugin_PCZSceneManager
00:21:26: Installing plugin: Portal Connected Zone Scene Manager
00:21:26: PCZone Factory Type 'ZoneType_Default' registered
00:21:26: Plugin successfully installed
00:21:26: Loading library .\Plugin_OctreeZone
00:21:26: Installing plugin: Octree Zone Factory
00:21:26: Plugin successfully installed
00:21:26: Loading library .\Plugin_OctreeSceneManager
00:21:26: Installing plugin: Octree & Terrain Scene Manager
00:21:26: Plugin successfully installed
00:21:26: *-*-* OGRE Initialising
00:21:26: *-*-* Version 1.7.1 (Cthugha)
00:21:26: Creating resource group Essential
00:21:26: Added resource location '../../media/thumbnails' of type 'FileSystem' to resource group 'Essential'
00:21:26: Added resource location '../../media/packs/SdkTrays.zip' of type 'Zip' to resource group 'Essential'
00:21:26: Added resource location '../../media' of type 'FileSystem' to resource group 'General'
00:21:26: Added resource location '../../media/fonts/bluehighway-8.font' of type 'FileSystem' to resource group 'General'
00:21:26: Creating resource group Popular
00:21:26: Added resource location '../../media/fonts' of type 'FileSystem' to resource group 'Popular'
00:21:26: Added resource location '../../media/fonts/bluehighway-8.font' of type 'FileSystem' to resource group 'Popular'
00:21:26: Added resource location '../../media/materials/programs' of type 'FileSystem' to resource group 'Popular'
00:21:26: Added resource location '../../media/materials/scripts' of type 'FileSystem' to resource group 'Popular'
00:21:26: Added resource location '../../media/materials/textures' of type 'FileSystem' to resource group 'Popular'
00:21:26: Added resource location '../../media/materials/textures/nvidia' of type 'FileSystem' to resource group 'Popular'
00:21:26: Added resource location '../../media/models' of type 'FileSystem' to resource group 'Popular'
00:21:26: Added resource location '../../media/particle' of type 'FileSystem' to resource group 'Popular'
00:21:26: Added resource location '../../media/DeferredShadingMedia' of type 'FileSystem' to resource group 'Popular'
00:21:26: Added resource location '../../media/PCZAppMedia' of type 'FileSystem' to resource group 'Popular'
00:21:26: Added resource location '../../media/RTShaderLib' of type 'FileSystem' to resource group 'Popular'
00:21:26: Added resource location '../../media/RTShaderLib/materials' of type 'FileSystem' to resource group 'Popular'
00:21:26: Added resource location '../../media/packs/cubemap.zip' of type 'Zip' to resource group 'Popular'
00:21:26: Added resource location '../../media/packs/cubemapsJS.zip' of type 'Zip' to resource group 'Popular'
00:21:26: Added resource location '../../media/packs/dragon.zip' of type 'Zip' to resource group 'Popular'
00:21:26: Added resource location '../../media/packs/fresneldemo.zip' of type 'Zip' to resource group 'Popular'
00:21:26: Added resource location '../../media/packs/ogretestmap.zip' of type 'Zip' to resource group 'Popular'
00:21:26: Added resource location '../../media/packs/ogredance.zip' of type 'Zip' to resource group 'Popular'
00:21:26: Added resource location '../../media/packs/Sinbad.zip' of type 'Zip' to resource group 'Popular'
00:21:26: Added resource location '../../media/packs/skybox.zip' of type 'Zip' to resource group 'Popular'
00:21:26: D3D9 : RenderSystem Option: Allow NVPerfHUD = No
00:21:26: D3D9 : RenderSystem Option: FSAA = 0
00:21:26: D3D9 : RenderSystem Option: Floating-point mode = Fastest
00:21:26: D3D9 : RenderSystem Option: Full Screen = Yes
00:21:26: D3D9 : RenderSystem Option: Rendering Device = Monitor-1-Intel(R) HD Graphics 4000
00:21:26: D3D9 : RenderSystem Option: Resource Creation Policy = Create on all devices
00:21:26: D3D9 : RenderSystem Option: VSync = No
00:21:26: D3D9 : RenderSystem Option: VSync Interval = 1
00:21:26: D3D9 : RenderSystem Option: Video Mode = 800 x 600 @ 32-bit colour
00:21:26: D3D9 : RenderSystem Option: sRGB Gamma Conversion = No
00:21:26: CPU Identifier & Features
00:21:26: -------------------------
00:21:26:  *   CPU ID: GenuineIntel: Intel(R) Core(TM) i5-7200U CPU @ 2.50GHz
00:21:26:  *      SSE: yes
00:21:26:  *     SSE2: yes
00:21:26:  *     SSE3: yes
00:21:26:  *      MMX: yes
00:21:26:  *   MMXEXT: yes
00:21:26:  *    3DNOW: no
00:21:26:  * 3DNOWEXT: no
00:21:26:  *     CMOV: yes
00:21:26:  *      TSC: yes
00:21:26:  *      FPU: yes
00:21:26:  *      PRO: yes
00:21:26:  *       HT: no
00:21:26: -------------------------
00:21:26: *** Starting Win32GL Subsystem ***
00:21:26: GLRenderSystem::_createRenderWindow "Name: ¼B ©Ó ¶¶; ID: 0656124", 1024x768 windowed  miscParams: FSAA=0 FSAAHint= colourDepth=32 displayFrequency=0 gamma=false vsync=false vsyncInterval=1 
00:21:26: Created Win32Window 'Name: ¼B ©Ó ¶¶; ID: 0656124' : 1040x728, 32bpp
00:21:26: GL_VERSION = 4.5.0 - Build 22.20.16.4718
00:21:26: GL_VENDOR = Intel
00:21:26: GL_RENDERER = Intel(R) HD Graphics 620
00:21:27: GL_EXTENSIONS = GL_3DFX_texture_compression_FXT1 GL_AMD_depth_clamp_separate GL_AMD_vertex_shader_layer GL_AMD_vertex_shader_viewport_index GL_ARB_ES2_compatibility GL_ARB_ES3_1_compatibility GL_ARB_ES3_compatibility GL_ARB_arrays_of_arrays GL_ARB_base_instance GL_ARB_bindless_texture GL_ARB_blend_func_extended GL_ARB_buffer_storage GL_ARB_cl_event GL_ARB_clear_buffer_object GL_ARB_clear_texture GL_ARB_clip_control GL_ARB_color_buffer_float GL_ARB_compatibility GL_ARB_compressed_texture_pixel_storage GL_ARB_compute_shader GL_ARB_conditional_render_inverted GL_ARB_conservative_depth GL_ARB_copy_buffer GL_ARB_copy_image GL_ARB_cull_distance GL_ARB_debug_output GL_ARB_depth_buffer_float GL_ARB_depth_clamp GL_ARB_depth_texture GL_ARB_derivative_control GL_ARB_direct_state_access GL_ARB_draw_buffers GL_ARB_draw_buffers_blend GL_ARB_draw_elements_base_vertex GL_ARB_draw_indirect GL_ARB_draw_instanced GL_ARB_enhanced_layouts GL_ARB_explicit_attrib_location GL_ARB_explicit_uniform_location GL_ARB_fragment_coord_conventions GL_ARB_fragment_layer_viewport GL_ARB_fragment_program GL_ARB_fragment_program_shadow GL_ARB_fragment_shader GL_ARB_fragment_shader_interlock GL_ARB_framebuffer_no_attachments GL_ARB_framebuffer_object GL_ARB_framebuffer_sRGB GL_ARB_geometry_shader4 GL_ARB_get_program_binary GL_ARB_get_texture_sub_image GL_ARB_gpu_shader5 GL_ARB_gpu_shader_fp64 GL_ARB_half_float_pixel GL_ARB_half_float_vertex GL_ARB_indirect_parameters GL_ARB_instanced_arrays GL_ARB_internalformat_query GL_ARB_internalformat_query2 GL_ARB_invalidate_subdata GL_ARB_map_buffer_alignment GL_ARB_map_buffer_range GL_ARB_multi_bind GL_ARB_multi_draw_indirect GL_ARB_multisample GL_ARB_multitexture GL_ARB_occlusion_query GL_ARB_occlusion_query2 GL_ARB_pixel_buffer_object GL_ARB_point_parameters GL_ARB_point_sprite GL_ARB_post_depth_coverage GL_ARB_program_interface_query GL_ARB_provoking_vertex GL_ARB_query_buffer_object GL_ARB_robust_buffer_access_behavior GL_ARB_robustness GL_ARB_robustness_isolation GL_ARB_sample_shading GL_ARB_sampler_objects GL_ARB_seamless_cube_map GL_ARB_seamless_cubemap_per_texture GL_ARB_separate_shader_objects GL_ARB_shader_atomic_counters GL_ARB_shader_bit_encoding GL_ARB_shader_draw_parameters GL_ARB_shader_image_load_store GL_ARB_shader_image_size GL_ARB_shader_objects GL_ARB_shader_precision GL_ARB_shader_stencil_export GL_ARB_shader_storage_buffer_object GL_ARB_shader_subroutine GL_ARB_shader_texture_image_samples GL_ARB_shading_language_100 GL_ARB_shading_language_420pack GL_ARB_shading_language_packing GL_ARB_shadow GL_ARB_stencil_texturing GL_ARB_sync GL_ARB_tessellation_shader GL_ARB_texture_barrier GL_ARB_texture_border_clamp GL_ARB_texture_buffer_object_rgb32 GL_ARB_texture_buffer_range GL_ARB_texture_compression GL_ARB_texture_compression_bptc GL_ARB_texture_compression_rgtc GL_ARB_texture_cube_map GL_ARB_texture_cube_map_array GL_ARB_texture_env_add GL_ARB_texture_env_combine GL_ARB_texture_env_crossbar GL_ARB_texture_env_dot3 GL_ARB_texture_float GL_ARB_texture_gather GL_ARB_texture_mirror_clamp_to_edge GL_ARB_texture_mirrored_repeat GL_ARB_texture_multisample GL_ARB_texture_non_power_of_two GL_ARB_texture_query_levels GL_ARB_texture_query_lod GL_ARB_texture_rectangle GL_ARB_texture_rg GL_ARB_texture_rgb10_a2ui GL_ARB_texture_stencil8 GL_ARB_texture_storage GL_ARB_texture_storage_multisample GL_ARB_texture_swizzle GL_ARB_texture_view GL_ARB_timer_query GL_ARB_transform_feedback2 GL_ARB_transform_feedback3 GL_ARB_transform_feedback_instanced GL_ARB_transpose_matrix GL_ARB_uniform_buffer_object GL_ARB_vertex_array_bgra GL_ARB_vertex_array_object GL_ARB_vertex_attrib_64bit GL_ARB_vertex_attrib_binding GL_ARB_vertex_buffer_object GL_ARB_vertex_program GL_ARB_vertex_shader GL_ARB_vertex_type_10f_11f_11f_rev GL_ARB_vertex_type_2_10_10_10_rev GL_ARB_viewport_array GL_ARB_window_pos GL_ATI_separate_stencil GL_EXT_abgr GL_EXT_bgra GL_EXT_blend_color GL_EXT_blend_equation_separate GL_EXT_blend_func_separate GL_EXT_blend_minmax GL_EXT_blend_subtract GL_EXT_clip_volume_hint GL_EXT_compiled_vertex_array GL_EXT_direct_state_access GL_EXT_draw_buffers2 GL_EXT_draw_range_elements GL_EXT_fog_coord GL_EXT_framebuffer_blit GL_EXT_framebuffer_multisample GL_EXT_framebuffer_object GL_EXT_geometry_shader4 GL_EXT_gpu_program_parameters GL_EXT_gpu_shader4 GL_EXT_multi_draw_arrays GL_EXT_packed_depth_stencil GL_EXT_packed_float GL_EXT_packed_pixels GL_EXT_polygon_offset_clamp GL_EXT_rescale_normal GL_EXT_secondary_color GL_EXT_separate_specular_color GL_EXT_shader_framebuffer_fetch GL_EXT_shader_integer_mix GL_EXT_shadow_funcs GL_EXT_stencil_two_side GL_EXT_stencil_wrap GL_EXT_texture3D GL_EXT_texture_array GL_EXT_texture_compression_s3tc GL_EXT_texture_edge_clamp GL_EXT_texture_env_add GL_EXT_texture_env_combine GL_EXT_texture_filter_anisotropic GL_EXT_texture_integer GL_EXT_texture_lod_bias GL_EXT_texture_rectangle GL_EXT_texture_sRGB GL_EXT_texture_sRGB_decode GL_EXT_texture_shared_exponent GL_EXT_texture_snorm GL_EXT_texture_storage GL_EXT_texture_swizzle GL_EXT_timer_query GL_EXT_transform_feedback GL_IBM_texture_mirrored_repeat GL_INTEL_conservative_rasterization GL_INTEL_fragment_shader_ordering GL_INTEL_framebuffer_CMAA GL_INTEL_map_texture GL_INTEL_multi_rate_fragment_shader GL_INTEL_performance_query GL_KHR_blend_equation_advanced GL_KHR_blend_equation_advanced_coherent GL_KHR_context_flush_control GL_KHR_debug GL_KHR_texture_compression_astc_hdr GL_KHR_texture_compression_astc_ldr GL_NV_blend_square GL_NV_conditional_render GL_NV_primitive_restart GL_NV_texgen_reflection GL_SGIS_generate_mipmap GL_SGIS_texture_edge_clamp GL_SGIS_texture_lod GL_SUN_multi_draw_arrays GL_WIN_swap_hint
00:21:27: Supported WGL extensions: WGL_EXT_depth_float WGL_ARB_buffer_region WGL_ARB_extensions_string WGL_ARB_make_current_read WGL_ARB_pixel_format WGL_ARB_pbuffer WGL_EXT_extensions_string WGL_EXT_swap_control WGL_ARB_multisample WGL_ARB_pixel_format_float WGL_ARB_framebuffer_sRGB WGL_ARB_create_context WGL_ARB_create_context_profile WGL_EXT_pixel_format_packed_float WGL_EXT_create_context_es_profile WGL_EXT_create_context_es2_profile WGL_NV_DX_interop WGL_INTEL_cl_sharing WGL_NV_DX_interop2 WGL_ARB_create_context_robustness WGL_ARB_context_flush_control 
00:21:27: ***************************
00:21:27: *** GL Renderer Started ***
00:21:27: ***************************
00:21:27: Registering ResourceManager for type GpuProgram
00:21:27: GLSL support detected
00:21:27: GL: Using GL_EXT_framebuffer_object for rendering to textures (best)
00:21:27: FBO PF_UNKNOWN depth/stencil support: D0S1 D0S4 D0S8 D0S16 D16S0 D16S1 D16S4 D16S8 D16S16 D24S0 D24S1 D24S4 D24S8 D24S16 D32S0 D32S1 D32S4 D32S8 D32S16 Packed-D24S8 
00:21:27: FBO PF_A8 depth/stencil support: D0S0 D0S1 D0S4 D0S8 D0S16 D16S0 D16S1 D16S4 D16S8 D16S16 D24S0 D24S1 D24S4 D24S8 D24S16 D32S0 D32S1 D32S4 D32S8 D32S16 Packed-D24S8 
00:21:27: FBO PF_R5G6B5 depth/stencil support: D0S0 D0S1 D0S4 D0S8 D0S16 D16S0 D16S1 D16S4 D16S8 D16S16 D24S0 D24S1 D24S4 D24S8 D24S16 D32S0 D32S1 D32S4 D32S8 D32S16 Packed-D24S8 
00:21:27: FBO PF_B5G6R5 depth/stencil support: D0S0 D0S1 D0S4 D0S8 D0S16 D16S0 D16S1 D16S4 D16S8 D16S16 D24S0 D24S1 D24S4 D24S8 D24S16 D32S0 D32S1 D32S4 D32S8 D32S16 Packed-D24S8 
00:21:27: FBO PF_A4R4G4B4 depth/stencil support: D0S0 D0S1 D0S4 D0S8 D0S16 D16S0 D16S1 D16S4 D16S8 D16S16 D24S0 D24S1 D24S4 D24S8 D24S16 D32S0 D32S1 D32S4 D32S8 D32S16 Packed-D24S8 
00:21:27: FBO PF_A1R5G5B5 depth/stencil support: D0S0 D0S1 D0S4 D0S8 D0S16 D16S0 D16S1 D16S4 D16S8 D16S16 D24S0 D24S1 D24S4 D24S8 D24S16 D32S0 D32S1 D32S4 D32S8 D32S16 Packed-D24S8 
00:21:27: FBO PF_R8G8B8 depth/stencil support: D0S0 D0S1 D0S4 D0S8 D0S16 D16S0 D16S1 D16S4 D16S8 D16S16 D24S0 D24S1 D24S4 D24S8 D24S16 D32S0 D32S1 D32S4 D32S8 D32S16 Packed-D24S8 
00:21:27: FBO PF_B8G8R8 depth/stencil support: D0S0 D0S1 D0S4 D0S8 D0S16 D16S0 D16S1 D16S4 D16S8 D16S16 D24S0 D24S1 D24S4 D24S8 D24S16 D32S0 D32S1 D32S4 D32S8 D32S16 Packed-D24S8 
00:21:27: FBO PF_A8R8G8B8 depth/stencil support: D0S0 D0S1 D0S4 D0S8 D0S16 D16S0 D16S1 D16S4 D16S8 D16S16 D24S0 D24S1 D24S4 D24S8 D24S16 D32S0 D32S1 D32S4 D32S8 D32S16 Packed-D24S8 
00:21:27: FBO PF_B8G8R8A8 depth/stencil support: D0S0 D0S1 D0S4 D0S8 D0S16 D16S0 D16S1 D16S4 D16S8 D16S16 D24S0 D24S1 D24S4 D24S8 D24S16 D32S0 D32S1 D32S4 D32S8 D32S16 Packed-D24S8 
00:21:27: FBO PF_A2R10G10B10 depth/stencil support: D0S0 D0S1 D0S4 D0S8 D0S16 D16S0 D16S1 D16S4 D16S8 D16S16 D24S0 D24S1 D24S4 D24S8 D24S16 D32S0 D32S1 D32S4 D32S8 D32S16 Packed-D24S8 
00:21:27: FBO PF_A2B10G10R10 depth/stencil support: D0S0 D0S1 D0S4 D0S8 D0S16 D16S0 D16S1 D16S4 D16S8 D16S16 D24S0 D24S1 D24S4 D24S8 D24S16 D32S0 D32S1 D32S4 D32S8 D32S16 Packed-D24S8 
00:21:27: FBO PF_FLOAT16_RGB depth/stencil support: D0S0 D0S1 D0S4 D0S8 D0S16 D16S0 D16S1 D16S4 D16S8 D16S16 D24S0 D24S1 D24S4 D24S8 D24S16 D32S0 D32S1 D32S4 D32S8 D32S16 Packed-D24S8 
00:21:27: FBO PF_FLOAT16_RGBA depth/stencil support: D0S0 D0S1 D0S4 D0S8 D0S16 D16S0 D16S1 D16S4 D16S8 D16S16 D24S0 D24S1 D24S4 D24S8 D24S16 D32S0 D32S1 D32S4 D32S8 D32S16 Packed-D24S8 
00:21:27: FBO PF_FLOAT32_RGB depth/stencil support: D0S0 D0S1 D0S4 D0S8 D0S16 D16S0 D16S1 D16S4 D16S8 D16S16 D24S0 D24S1 D24S4 D24S8 D24S16 D32S0 D32S1 D32S4 D32S8 D32S16 Packed-D24S8 
00:21:27: FBO PF_FLOAT32_RGBA depth/stencil support: D0S0 D0S1 D0S4 D0S8 D0S16 D16S0 D16S1 D16S4 D16S8 D16S16 D24S0 D24S1 D24S4 D24S8 D24S16 D32S0 D32S1 D32S4 D32S8 D32S16 Packed-D24S8 
00:21:27: FBO PF_X8R8G8B8 depth/stencil support: D0S0 D0S1 D0S4 D0S8 D0S16 D16S0 D16S1 D16S4 D16S8 D16S16 D24S0 D24S1 D24S4 D24S8 D24S16 D32S0 D32S1 D32S4 D32S8 D32S16 Packed-D24S8 
00:21:27: FBO PF_X8B8G8R8 depth/stencil support: D0S0 D0S1 D0S4 D0S8 D0S16 D16S0 D16S1 D16S4 D16S8 D16S16 D24S0 D24S1 D24S4 D24S8 D24S16 D32S0 D32S1 D32S4 D32S8 D32S16 Packed-D24S8 
00:21:27: FBO PF_SHORT_RGBA depth/stencil support: D0S0 D0S1 D0S4 D0S8 D0S16 D16S0 D16S1 D16S4 D16S8 D16S16 D24S0 D24S1 D24S4 D24S8 D24S16 D32S0 D32S1 D32S4 D32S8 D32S16 Packed-D24S8 
00:21:27: FBO PF_R3G3B2 depth/stencil support: D0S0 D0S1 D0S4 D0S8 D0S16 D16S0 D16S1 D16S4 D16S8 D16S16 D24S0 D24S1 D24S4 D24S8 D24S16 D32S0 D32S1 D32S4 D32S8 D32S16 Packed-D24S8 
00:21:27: FBO PF_SHORT_RGB depth/stencil support: D0S0 D0S1 D0S4 D0S8 D0S16 D16S0 D16S1 D16S4 D16S8 D16S16 D24S0 D24S1 D24S4 D24S8 D24S16 D32S0 D32S1 D32S4 D32S8 D32S16 Packed-D24S8 
00:21:27: [GL] : Valid FBO targets PF_UNKNOWN PF_A8 PF_R5G6B5 PF_B5G6R5 PF_A4R4G4B4 PF_A1R5G5B5 PF_R8G8B8 PF_B8G8R8 PF_A8R8G8B8 PF_B8G8R8A8 PF_A2R10G10B10 PF_A2B10G10R10 PF_FLOAT16_RGB PF_FLOAT16_RGBA PF_FLOAT32_RGB PF_FLOAT32_RGBA PF_X8R8G8B8 PF_X8B8G8R8 PF_SHORT_RGBA PF_R3G3B2 PF_SHORT_RGB 
00:21:27: RenderSystem capabilities
00:21:27: -------------------------
00:21:27: RenderSystem Name: OpenGL Rendering Subsystem
00:21:27: GPU Vendor: intel
00:21:27: Device Name: Intel(R) HD Graphics 620
00:21:27: Driver Version: 4.5.0.0
00:21:27:  * Fixed function pipeline: yes
00:21:27:  * Hardware generation of mipmaps: no
00:21:27:  * Texture blending: yes
00:21:27:  * Anisotropic texture filtering: yes
00:21:27:  * Dot product texture operation: yes
00:21:27:  * Cube mapping: yes
00:21:27:  * Hardware stencil buffer: yes
00:21:27:    - Stencil depth: 8
00:21:27:    - Two sided stencil support: yes
00:21:27:    - Wrap stencil values: yes
00:21:27:  * Hardware vertex / index buffers: yes
00:21:27:  * Vertex programs: yes
00:21:27:  * Number of floating-point constants for vertex programs: 256
00:21:27:  * Number of integer constants for vertex programs: 0
00:21:27:  * Number of boolean constants for vertex programs: 0
00:21:27:  * Fragment programs: yes
00:21:27:  * Number of floating-point constants for fragment programs: 256
00:21:27:  * Number of integer constants for fragment programs: 0
00:21:27:  * Number of boolean constants for fragment programs: 0
00:21:27:  * Geometry programs: yes
00:21:27:  * Number of floating-point constants for geometry programs: 256
00:21:27:  * Number of integer constants for geometry programs: 0
00:21:27:  * Number of boolean constants for geometry programs: 0
00:21:27:  * Supported Shader Profiles: arbfp1 arbvp1 glsl gp4gp gpu_gp nvgp4
00:21:27:  * Texture Compression: yes
00:21:27:    - DXT: yes
00:21:27:    - VTC: no
00:21:27:    - PVRTC: no
00:21:27:  * Scissor Rectangle: yes
00:21:27:  * Hardware Occlusion Query: yes
00:21:27:  * User clip planes: yes
00:21:27:  * VET_UBYTE4 vertex element type: yes
00:21:27:  * Infinite far plane projection: yes
00:21:27:  * Hardware render-to-texture: yes
00:21:27:  * Floating point textures: yes
00:21:27:  * Non-power-of-two textures: yes
00:21:27:  * Volume textures: yes
00:21:27:  * Multiple Render Targets: 8
00:21:27:    - With different bit depths: yes
00:21:27:  * Point Sprites: yes
00:21:27:  * Extended point parameters: yes
00:21:27:  * Max Point Size: 255
00:21:27:  * Vertex texture fetch: yes
00:21:27:  * Number of world matrices: 0
00:21:27:  * Number of texture units: 32
00:21:27:  * Stencil buffer depth: 8
00:21:27:  * Number of vertex blend matrices: 0
00:21:27:    - Max vertex textures: 32
00:21:27:    - Vertex textures shared: yes
00:21:27:  * Render to Vertex Buffer : no
00:21:27:  * GL 1.5 without VBO workaround: no
00:21:27:  * Frame Buffer objects: yes
00:21:27:  * Frame Buffer objects (ARB extension): no
00:21:27:  * Frame Buffer objects (ATI extension): no
00:21:27:  * PBuffer support: no
00:21:27:  * GL 1.5 without HW-occlusion workaround: no
00:21:27: Registering ResourceManager for type Texture
00:21:27: DefaultWorkQueue('Root') initialising on thread 00C44258.
00:21:27: Particle Renderer Type 'billboard' registered
00:21:27: DefaultWorkQueue('Root')::WorkerFunc - thread 04EE5FF8 starting.
00:21:27: DefaultWorkQueue('Root')::WorkerFunc - thread 04EE5C08 starting.
00:21:27: DefaultWorkQueue('Root')::WorkerFunc - thread 04EE6148 starting.
00:21:27: DefaultWorkQueue('Root')::WorkerFunc - thread 04EE5EA8 starting.
00:21:27: SceneManagerFactory for type 'BspSceneManager' registered.
00:21:27: Registering ResourceManager for type BspLevel
00:21:27: SceneManagerFactory for type 'PCZSceneManager' registered.
00:21:27: MovableObjectFactory for type 'PCZLight' registered.
00:21:27: MovableObjectFactory for type 'Portal' registered.
00:21:27: MovableObjectFactory for type 'AntiPortal' registered.
00:21:27: PCZone Factory Type 'ZoneType_Octree' registered
00:21:27: PCZone Factory Type 'ZoneType_Terrain' registered
00:21:27: SceneManagerFactory for type 'OctreeSceneManager' registered.
00:21:27: SceneManagerFactory for type 'TerrainSceneManager' registered.
00:21:27: TerrainSceneManager: Registered a new PageSource for type Heightmap
00:21:27: Parsing scripts for resource group Autodetect
00:21:27: Finished parsing scripts for resource group Autodetect
00:21:27: Parsing scripts for resource group Essential
00:21:27: Parsing script SdkTrays.material
00:21:27: Parsing script SdkTrays.fontdef
00:21:27: Parsing script SdkTrays.overlay
00:21:27: Bad element attribute line: '# you can offset the image to change the cursor "hotspot"' for element SdkTrays/Cursor in overlay 
00:21:27: Texture: sdk_cursor.png: Loading 1 faces(PF_A8R8G8B8,32x32x1) with 5 generated mipmaps from Image. Internal format is PF_A8R8G8B8,32x32x1.
00:21:27: Texture: sdk_tray.png: Loading 1 faces(PF_A8R8G8B8,64x64x1) with 5 generated mipmaps from Image. Internal format is PF_A8R8G8B8,64x64x1.
00:21:27: Texture: sdk_button_up.png: Loading 1 faces(PF_A8R8G8B8,128x32x1) with 5 generated mipmaps from Image. Internal format is PF_A8R8G8B8,128x32x1.
00:21:27: Texture: sdk_text_box.png: Loading 1 faces(PF_A8R8G8B8,32x32x1) with 5 generated mipmaps from Image. Internal format is PF_A8R8G8B8,32x32x1.
00:21:27: Texture: sdk_mini_tray.png: Loading 1 faces(PF_A8R8G8B8,32x32x1) with 5 generated mipmaps from Image. Internal format is PF_A8R8G8B8,32x32x1.
00:21:27: Texture: sdk_track.png: Loading 1 faces(PF_A8R8G8B8,16x32x1) with 5 generated mipmaps from Image. Internal format is PF_A8R8G8B8,16x32x1.
00:21:27: Texture: sdk_handle.png: Loading 1 faces(PF_A8R8G8B8,16x16x1) with 4 generated mipmaps from Image. Internal format is PF_A8R8G8B8,16x16x1.
00:21:27: Texture: sdk_mini_text_box.png: Loading 1 faces(PF_A8R8G8B8,32x32x1) with 5 generated mipmaps from Image. Internal format is PF_A8R8G8B8,32x32x1.
00:21:27: Texture: sdk_label.png: Loading 1 faces(PF_A8R8G8B8,32x32x1) with 5 generated mipmaps from Image. Internal format is PF_A8R8G8B8,32x32x1.
00:21:27: Texture: sdk_separator.png: Loading 1 faces(PF_A8R8G8B8,64x16x1) with 5 generated mipmaps from Image. Internal format is PF_A8R8G8B8,64x16x1.
00:21:27: Texture: sdk_logo.png: Loading 1 faces(PF_A8R8G8B8,128x64x1) with 5 generated mipmaps from Image. Internal format is PF_A8R8G8B8,128x64x1.
00:21:27: Texture: sdk_shade.png: Loading 1 faces(PF_A8R8G8B8,64x48x1) with 5 generated mipmaps from Image. Internal format is PF_A8R8G8B8,64x48x1.
00:21:27: Texture: sdk_frame.png: Loading 1 faces(PF_A8R8G8B8,32x32x1) with 5 generated mipmaps from Image. Internal format is PF_A8R8G8B8,32x32x1.
00:21:27: Texture: sdk_mini_text_box_over.png: Loading 1 faces(PF_A8R8G8B8,32x32x1) with 5 generated mipmaps from Image. Internal format is PF_A8R8G8B8,32x32x1.
00:21:27: Texture: sdk_pulse.png: Loading 1 faces(PF_R8G8B8,8x1x1) with 3 generated mipmaps from Image. Internal format is PF_X8R8G8B8,8x1x1.
00:21:27: Finished parsing scripts for resource group Essential
00:21:27: Parsing scripts for resource group General
00:21:27: Finished parsing scripts for resource group General
00:21:27: Parsing scripts for resource group Internal
00:21:27: Finished parsing scripts for resource group Internal
00:21:27: Parsing scripts for resource group Popular
00:21:27: Parsing script Examples.program
00:21:27: GLSL compiled : Ogre/BasicVertexPrograms/AmbientOneTextureGLSLWARNING: 0:1: '' :  #version directive missing


00:21:27: GLSL compiled : Ogre/HardwareSkinningTwoWeightsGLSLWARNING: 0:3: '' :  #version directive missing


00:21:27: OGRE EXCEPTION(2:InvalidParametersException): Parameter called ambient does not exist.  in GpuProgramParameters::_findNamedConstantDefinition at ..\..\..\..\OgreMain\src\OgreGpuProgramParams.cpp (line 1433)
00:21:27: Compiler error: invalid parameters in Examples.program(130): setting of constant failed
00:21:27: Parsing script StdQuad_vp.program
00:21:27: Parsing script deferred_post.program
00:21:27: Parsing script ShadowCaster.program
00:21:27: Parsing script ASCII.material
00:21:27: Parsing script ASMSwizzle.material
00:21:27: Parsing script BlackAndWhite.material
00:21:27: Parsing script Bloom.material
00:21:27: GLSL compiled : Blur_ps_glslWARNING: 0:1: '' :  #version directive missing


00:21:27: GLSL compiled : Blur0_vs_glslWARNING: 0:1: '' :  #version directive missing


00:21:27: GLSL compiled : Blur1_vs_glslWARNING: 0:1: '' :  #version directive missing


00:21:27: Parsing script Bloom2.material
00:21:27: GLSL compiled : Bloom2_ps20_glslWARNING: 0:9: '' :  #version directive missing


00:21:27: Parsing script CGSwizzle.material
00:21:27: Parsing script CompositorDemo.material
00:21:27: Parsing script DepthShadowmap.material
00:21:27: GLSL compiled : Ogre/DepthShadowmap/CasterVP_GLSLWARNING: 0:1: '' :  #version directive missing


00:21:27: GLSL compiled : Ogre/DepthShadowmap/CasterFP_GLSLWARNING: 0:2: '' :  #version directive missing


00:21:27: GLSL compiled : Ogre/DepthShadowmap/ReceiverVP_GLSLWARNING: 0:1: '' :  #version directive missing


00:21:27: GLSL compiled : Ogre/DepthShadowmap/ReceiverFP_GLSLWARNING: 0:1: '' :  #version directive missing


00:21:27: GLSL compiled : Ogre/DepthShadowmap/ReceiverFPPCF_GLSLWARNING: 0:1: '' :  #version directive missing


00:21:27: GLSL compiled : Ogre/DepthShadowmap/NormalMapReceiverVP_GLSLWARNING: 0:1: '' :  #version directive missing


00:21:27: GLSL compiled : Ogre/DepthShadowmap/NormalMapReceiverFP_GLSLWARNING: 0:1: '' :  #version directive missing


00:21:27: GLSL compiled : Ogre/DepthShadowmap/NormalMapReceiverFPPCF_GLSLWARNING: 0:1: '' :  #version directive missing


00:21:27: Parsing script Dither.material
00:21:27: Parsing script DOF.material
00:21:27: Parsing script Embossed.material
00:21:27: Parsing script Example-Water.material
00:21:27: Parsing script Examples-Advanced.material
00:21:27: Compiler error: object unsupported by render system in Examples-Advanced.material(383)
00:21:27: Parsing script Examples-DynTex.material
00:21:27: Parsing script Examples-Water.material
00:21:27: Parsing script Examples.material
00:21:27: Compiler error: number expected in Examples.material(31): specular expects at least 4 arguments
00:21:27: OGRE EXCEPTION(2:InvalidParametersException): Parameter called camObjPos does not exist.  in GpuProgramParameters::_findNamedConstantDefinition at ..\..\..\..\OgreMain\src\OgreGpuProgramParams.cpp (line 1433)
00:21:28: Compiler error: invalid parameters in Examples.material(885): setting of constant failed
00:21:28: GLSL compiled : Ogre/HardwareSkinningTwoWeightsShadowCasterGLSLWARNING: 0:3: '' :  #version directive missing


00:21:28: Parsing script facial.material
00:21:28: Parsing script Glass.material
00:21:28: Parsing script GLSLSwizzle.material
00:21:28: GLSL compiled : Ogre/GPTest/Passthrough_VP_GLSLWARNING: 0:1: '' :  #version directive missing


00:21:28: Parsing script Halftone.material
00:21:28: Parsing script hdr.material
00:21:28: GLSL compiled : Ogre/Compositor/HDR/downscale2x2LuminenceGLSL_fpWARNING: 0:1: '' :  #version directive missing


00:21:28: GLSL compiled : Ogre/Compositor/StdQuad_GLSL_vpWARNING: 0:1: '' :  #version directive missing


00:21:28: GLSL compiled : Ogre/Compositor/HDR/downscale3x3GLSL_fpWARNING: 0:1: '' :  #version directive missing


00:21:28: GLSL compiled : Ogre/Compositor/HDR/utils_fpWARNING: 0:1: '' :  #version directive missing


00:21:28: GLSL compiled : Ogre/Compositor/HDR/downscale3x3brightpassGLSL_fpWARNING: 0:1: '' :  #version directive missing


00:21:28: GLSL compiled : Ogre/Compositor/HDR/bloomGLSL_fpWARNING: 0:1: '' :  #version directive missing


00:21:28: GLSL compiled : Ogre/Compositor/HDR/utils_fpWARNING: 0:1: '' :  #version directive missing


00:21:28: GLSL compiled : Ogre/Compositor/HDR/finaltonemappingGLSL_fpWARNING: 0:1: '' :  #version directive missing


00:21:28: Parsing script HeatVision.material
00:21:28: Parsing script Hurt.material
00:21:28: Parsing script instancing.material
00:21:28: GLSL compiled : InstancingGLSLWARNING: 0:1: '' :  #version directive missing


00:21:28: GLSL compiled : InstancingShadowCasterGLSLWARNING: 0:1: '' :  #version directive missing


00:21:28: GLSL compiled : CrowdGLSLWARNING: 0:1: '' :  #version directive missing


00:21:28: GLSL compiled : CrowdShadowCasterGLSLWARNING: 0:1: '' :  #version directive missing


00:21:28: Parsing script Invert.material
00:21:28: Parsing script IsoSurf.material
00:21:28: Problem parsing the following Cg Uniform: '@TMP0' in file Ogre/IsoSurf/TessellateTetrahedraGS
00:21:28: Parsing script Laplace.material
00:21:28: Parsing script MotionBlur.material
00:21:28: Parsing script MRTtest.material
00:21:28: GLSL compiled : Ogre/MRTtest/scenefp/GLSLWARNING: 0:3: '' :  #version directive missing


00:21:28: GLSL compiled : Ogre/MRTtest/quadfp/GLSLWARNING: 0:1: '' :  #version directive missing


00:21:28: Parsing script NightVision.material
00:21:28: Parsing script Ocean.material
00:21:28: GLSL compiled : GLSL/OceanVSWARNING: 0:10: '' :  #version directive missing


00:21:28: GLSL compiled : GLSL/OceanFSWARNING: 0:10: '' :  #version directive missing


00:21:28: GLSL compiled : GLSL/Ocean2VSWARNING: 0:22: '' :  #version directive missing


00:21:28: GLSL compiled : GLSL/Ocean2FSWARNING: 0:23: '' :  #version directive missing


00:21:28: Parsing script OffsetMapping.material
00:21:28: Compiler error: object unsupported by render system in OffsetMapping.material(18)
00:21:28: GLSL compiled : Examples/OffsetMappingIntegratedShadowsFPglslWARNING: 0:1: '' :  #version directive missing


00:21:28: GLSL compiled : Examples/OffsetMappingIntegratedShadowsVPglslWARNING: 0:1: '' :  #version directive missing


00:21:28: Parsing script Ogre.material
00:21:28: Parsing script OldMovie.material
00:21:28: Parsing script OldTV.material
00:21:28: Parsing script ParticleGS.material
00:21:28: Parsing script Penguin.material
00:21:28: Parsing script Posterize.material
00:21:28: Parsing script pssm.material
00:21:28: Parsing script RadialBlur.material
00:21:28: Parsing script RZR-002.material
00:21:28: Parsing script ShaderSystem.material
00:21:28: Parsing script shadows.material
00:21:28: Parsing script SharpenEdges.material
00:21:28: Parsing script sibenik.material
00:21:28: Parsing script smoke.material
00:21:28: Parsing script Tiling.material
00:21:28: Parsing script VarianceShadowmap.material
00:21:28: Parsing script deferreddemo.material
00:21:28: Parsing script deferred_post.material
00:21:28: Parsing script deferred_post_minilight.material
00:21:28: Parsing script ShadowCaster.material
00:21:28: Parsing script ssao.material
00:21:28: Parsing script ROOM.material
00:21:28: Parsing script RTShaderSystem.material
00:21:28: Compiler error: unknown error in RTShaderSystem.material(23): token "rtshader_system" is not recognized
00:21:28: Compiler error: unknown error in RTShaderSystem.material(52): token "rtshader_system" is not recognized
00:21:28: Compiler error: unknown error in RTShaderSystem.material(81): token "rtshader_system" is not recognized
00:21:28: Compiler error: unknown error in RTShaderSystem.material(110): token "rtshader_system" is not recognized
00:21:28: Compiler error: unknown error in RTShaderSystem.material(146): token "rtshader_system" is not recognized
00:21:28: Compiler error: unknown error in RTShaderSystem.material(81): token "rtshader_system" is not recognized
00:21:28: Compiler error: unknown error in RTShaderSystem.material(162): token "rtshader_system" is not recognized
00:21:28: Compiler error: unknown error in RTShaderSystem.material(81): token "rtshader_system" is not recognized
00:21:28: Compiler error: unknown error in RTShaderSystem.material(110): token "rtshader_system" is not recognized
00:21:28: Parsing script RomanBath.material
00:21:28: Parsing script Sinbad.material
00:21:28: Parsing script emitted_emitter.particle
00:21:28: Parsing script Examples-Water.particle
00:21:28: Parsing script Examples.particle
00:21:28: Parsing script smoke.particle
00:21:28: Parsing script Examples.compositor
00:21:28: Parsing script deferred.compositor
00:21:28: Parsing script ssao.compositor
00:21:28: Parsing script proper-definitions.fontdef
00:21:28: Parsing script sample.fontdef
00:21:28: Finished parsing scripts for resource group Popular
00:21:28: TerrainSceneManager: Activated PageSource Heightmap
00:21:28: Texture: terr_rock-dirt.jpg: Loading 1 faces(PF_R8G8B8,256x256x1) with 5 generated mipmaps from Image. Internal format is PF_X8R8G8B8,256x256x1.
00:21:28: Texture: terrain_detail.jpg: Loading 1 faces(PF_R8G8B8,256x256x1) with 5 generated mipmaps from Image. Internal format is PF_X8R8G8B8,256x256x1.
00:21:28: Texture: nm_fr.png: Loading 1 faces(PF_R8G8B8,128x128x1) with 5 generated mipmaps from Image. Internal format is PF_X8R8G8B8,128x128x1.
00:21:28: Texture: nm_bk.png: Loading 1 faces(PF_R8G8B8,128x128x1) with 5 generated mipmaps from Image. Internal format is PF_X8R8G8B8,128x128x1.
00:21:28: Texture: nm_lf.png: Loading 1 faces(PF_R8G8B8,128x128x1) with 5 generated mipmaps from Image. Internal format is PF_X8R8G8B8,128x128x1.
00:21:28: Texture: nm_rt.png: Loading 1 faces(PF_R8G8B8,128x128x1) with 5 generated mipmaps from Image. Internal format is PF_X8R8G8B8,128x128x1.
00:21:28: Texture: nm_up.png: Loading 1 faces(PF_R8G8B8,128x128x1) with 5 generated mipmaps from Image. Internal format is PF_X8R8G8B8,128x128x1.
00:21:28: Texture: nm_dn.png: Loading 1 faces(PF_R8G8B8,128x128x1) with 5 generated mipmaps from Image. Internal format is PF_X8R8G8B8,128x128x1.
00:21:28: Texture: Water01.jpg: Loading 1 faces(PF_R8G8B8,512x512x1) with 5 generated mipmaps from Image. Internal format is PF_X8R8G8B8,512x512x1.
00:21:28: Texture: BeachStones.jpg: Loading 1 faces(PF_R8G8B8,512x512x1) with 5 generated mipmaps from Image. Internal format is PF_X8R8G8B8,512x512x1.
00:21:28: Mesh: Loading sphere.mesh.
00:21:28: Texture: RustySteel.jpg: Loading 1 faces(PF_R8G8B8,256x256x1) with 5 generated mipmaps from Image. Internal format is PF_X8R8G8B8,256x256x1.
00:21:28: Texture: spheremap.png: Loading 1 faces(PF_R8G8B8,256x256x1) with 5 generated mipmaps from Image. Internal format is PF_X8R8G8B8,256x256x1.
00:21:28: Mesh: Loading Barrel.mesh.
00:21:28: Texture: RustyBarrel.png: Loading 1 faces(PF_R8G8B8,256x256x1) with 5 generated mipmaps from Image. Internal format is PF_X8R8G8B8,256x256x1.
00:21:28: Mesh: Loading athene.mesh.
00:21:28: WARNING: athene.mesh is an older format ([MeshSerializer_v1.40]); you should upgrade it as soon as possible using the OgreMeshUpgrade tool.
00:21:28: Can't assign material 1 - Default to SubEntity of athene200 because this Material does not exist. Have you forgotten to define it in a .material script?
00:21:28: Can't assign material 1 - Default to SubEntity of athene201 because this Material does not exist. Have you forgotten to define it in a .material script?
00:21:28: Can't assign material 1 - Default to SubEntity of athene202 because this Material does not exist. Have you forgotten to define it in a .material script?
00:21:28: Can't assign material 1 - Default to SubEntity of athene203 because this Material does not exist. Have you forgotten to define it in a .material script?
00:21:28: Can't assign material 1 - Default to SubEntity of athene204 because this Material does not exist. Have you forgotten to define it in a .material script?
00:21:28: Can't assign material 1 - Default to SubEntity of athene205 because this Material does not exist. Have you forgotten to define it in a .material script?
00:21:28: Can't assign material 1 - Default to SubEntity of athene206 because this Material does not exist. Have you forgotten to define it in a .material script?
00:21:28: Can't assign material 1 - Default to SubEntity of athene207 because this Material does not exist. Have you forgotten to define it in a .material script?
00:21:28: Can't assign material 1 - Default to SubEntity of athene208 because this Material does not exist. Have you forgotten to define it in a .material script?
00:21:28: Can't assign material 1 - Default to SubEntity of athene209 because this Material does not exist. Have you forgotten to define it in a .material script?
00:21:28: Can't assign material 1 - Default to SubEntity of athene210 because this Material does not exist. Have you forgotten to define it in a .material script?
00:21:28: Can't assign material 1 - Default to SubEntity of athene211 because this Material does not exist. Have you forgotten to define it in a .material script?
00:21:28: Mesh: Loading tudorhouse.mesh.
00:21:29: Texture: fw12b.jpg: Loading 1 faces(PF_R8G8B8,1024x1024x1) with 5 generated mipmaps from Image. Internal format is PF_X8R8G8B8,1024x1024x1.
00:21:29: Mesh: Loading ninja.mesh.
00:21:29: Skeleton: Loading ninja.skeleton
00:21:29: Texture: nskingr.jpg: Loading 1 faces(PF_R8G8B8,512x512x1) with 5 generated mipmaps from Image. Internal format is PF_X8R8G8B8,512x512x1.
00:21:29: Direction

00:21:29: -0.707107		0		-0.707107
00:21:29: -0		0		-0
00:21:29: Mesh: Loading penguin.mesh.
00:21:29: Skeleton: Loading penguin.skeleton
00:21:29: WARNING: penguin.mesh is an older format ([MeshSerializer_v1.40]); you should upgrade it as soon as possible using the OgreMeshUpgrade tool.
00:21:29: Texture: penguin.jpg: Loading 1 faces(PF_R8G8B8,512x512x1) with 5 generated mipmaps from Image. Internal format is PF_X8R8G8B8,512x512x1.
00:21:29: Direction

00:21:29: -0.707107		0		-0.707107
00:21:29: -3.53553		0		-3.53553
00:21:29: Font BlueHighway-8using texture size 256x256
00:21:29: Info: Freetype returned null for character 127 in font BlueHighway-8
00:21:29: Info: Freetype returned null for character 128 in font BlueHighway-8
00:21:29: Info: Freetype returned null for character 129 in font BlueHighway-8
00:21:29: Info: Freetype returned null for character 130 in font BlueHighway-8
00:21:29: Info: Freetype returned null for character 131 in font BlueHighway-8
00:21:29: Info: Freetype returned null for character 132 in font BlueHighway-8
00:21:29: Info: Freetype returned null for character 133 in font BlueHighway-8
00:21:29: Info: Freetype returned null for character 134 in font BlueHighway-8
00:21:29: Info: Freetype returned null for character 135 in font BlueHighway-8
00:21:29: Info: Freetype returned null for character 136 in font BlueHighway-8
00:21:29: Info: Freetype returned null for character 137 in font BlueHighway-8
00:21:29: Info: Freetype returned null for character 138 in font BlueHighway-8
00:21:29: Info: Freetype returned null for character 139 in font BlueHighway-8
00:21:29: Info: Freetype returned null for character 140 in font BlueHighway-8
00:21:29: Info: Freetype returned null for character 141 in font BlueHighway-8
00:21:29: Info: Freetype returned null for character 142 in font BlueHighway-8
00:21:29: Info: Freetype returned null for character 143 in font BlueHighway-8
00:21:29: Info: Freetype returned null for character 144 in font BlueHighway-8
00:21:29: Info: Freetype returned null for character 145 in font BlueHighway-8
00:21:29: Info: Freetype returned null for character 146 in font BlueHighway-8
00:21:29: Info: Freetype returned null for character 147 in font BlueHighway-8
00:21:29: Info: Freetype returned null for character 148 in font BlueHighway-8
00:21:29: Info: Freetype returned null for character 149 in font BlueHighway-8
00:21:29: Info: Freetype returned null for character 150 in font BlueHighway-8
00:21:29: Info: Freetype returned null for character 151 in font BlueHighway-8
00:21:29: Info: Freetype returned null for character 152 in font BlueHighway-8
00:21:29: Info: Freetype returned null for character 153 in font BlueHighway-8
00:21:29: Info: Freetype returned null for character 154 in font BlueHighway-8
00:21:29: Info: Freetype returned null for character 155 in font BlueHighway-8
00:21:29: Info: Freetype returned null for character 156 in font BlueHighway-8
00:21:29: Info: Freetype returned null for character 157 in font BlueHighway-8
00:21:29: Info: Freetype returned null for character 158 in font BlueHighway-8
00:21:29: Info: Freetype returned null for character 159 in font BlueHighway-8
00:21:29: Info: Freetype returned null for character 160 in font BlueHighway-8
00:21:29: Texture: BlueHighway-8Texture: Loading 1 faces(PF_BYTE_LA,256x256x1) with 0 generated mipmaps from Image. Internal format is PF_BYTE_LA,256x256x1.
00:21:29: *** Initializing OIS ***
00:21:29: Texture: spot_shadow_fade.png: Loading 1 faces(PF_R8G8B8,128x128x1) with 5 generated mipmaps from Image. Internal format is PF_X8R8G8B8,128x128x1.
00:21:29: Font SdkTrays/Captionusing texture size 512x256
00:21:29: Info: Freetype returned null for character 160 in font SdkTrays/Caption
00:21:29: Texture: SdkTrays/CaptionTexture: Loading 1 faces(PF_BYTE_LA,512x256x1) with 0 generated mipmaps from Image. Internal format is PF_BYTE_LA,512x256x1.
00:21:29: Font SdkTrays/Valueusing texture size 512x512
00:21:29: Info: Freetype returned null for character 127 in font SdkTrays/Value
00:21:29: Info: Freetype returned null for character 128 in font SdkTrays/Value
00:21:29: Info: Freetype returned null for character 129 in font SdkTrays/Value
00:21:29: Info: Freetype returned null for character 130 in font SdkTrays/Value
00:21:29: Info: Freetype returned null for character 131 in font SdkTrays/Value
00:21:29: Info: Freetype returned null for character 132 in font SdkTrays/Value
00:21:29: Info: Freetype returned null for character 133 in font SdkTrays/Value
00:21:29: Info: Freetype returned null for character 134 in font SdkTrays/Value
00:21:29: Info: Freetype returned null for character 135 in font SdkTrays/Value
00:21:29: Info: Freetype returned null for character 136 in font SdkTrays/Value
00:21:29: Info: Freetype returned null for character 137 in font SdkTrays/Value
00:21:29: Info: Freetype returned null for character 138 in font SdkTrays/Value
00:21:29: Info: Freetype returned null for character 139 in font SdkTrays/Value
00:21:29: Info: Freetype returned null for character 140 in font SdkTrays/Value
00:21:29: Info: Freetype returned null for character 141 in font SdkTrays/Value
00:21:29: Info: Freetype returned null for character 142 in font SdkTrays/Value
00:21:29: Info: Freetype returned null for character 143 in font SdkTrays/Value
00:21:29: Info: Freetype returned null for character 144 in font SdkTrays/Value
00:21:29: Info: Freetype returned null for character 145 in font SdkTrays/Value
00:21:29: Info: Freetype returned null for character 146 in font SdkTrays/Value
00:21:29: Info: Freetype returned null for character 147 in font SdkTrays/Value
00:21:29: Info: Freetype returned null for character 148 in font SdkTrays/Value
00:21:29: Info: Freetype returned null for character 149 in font SdkTrays/Value
00:21:29: Info: Freetype returned null for character 150 in font SdkTrays/Value
00:21:29: Info: Freetype returned null for character 151 in font SdkTrays/Value
00:21:29: Info: Freetype returned null for character 152 in font SdkTrays/Value
00:21:29: Info: Freetype returned null for character 153 in font SdkTrays/Value
00:21:29: Info: Freetype returned null for character 154 in font SdkTrays/Value
00:21:29: Info: Freetype returned null for character 155 in font SdkTrays/Value
00:21:29: Info: Freetype returned null for character 156 in font SdkTrays/Value
00:21:29: Info: Freetype returned null for character 157 in font SdkTrays/Value
00:21:29: Info: Freetype returned null for character 158 in font SdkTrays/Value
00:21:29: Info: Freetype returned null for character 159 in font SdkTrays/Value
00:21:29: Info: Freetype returned null for character 160 in font SdkTrays/Value
00:21:29: Texture: SdkTrays/ValueTexture: Loading 1 faces(PF_BYTE_LA,512x512x1) with 0 generated mipmaps from Image. Internal format is PF_BYTE_LA,512x512x1.
00:21:29: Texture: flare.png: Loading 1 faces(PF_R8G8B8,256x256x1) with 5 generated mipmaps from Image. Internal format is PF_X8R8G8B8,256x256x1.
00:21:34: Direction

00:21:34: -0.707107		0		-0.707107
00:21:34: -211.849		0		-211.849
00:21:35: Direction

00:21:35: -0.521023		-0.233446		-0.820999
00:21:35: -1.30256		-0.583614		-2.0525
00:21:35: Direction

00:21:35: -0.483728		-0.323918		-0.813072
00:21:35: -1.83816		-1.23089		-3.08967
00:21:35: Direction

00:21:35: -0.421233		-0.360811		-0.832093
00:21:35: -1.64281		-1.40716		-3.24516
00:21:35: Direction

00:21:35: -0.336218		-0.346118		-0.875877
00:21:35: -1.27763		-1.31525		-3.32833
00:21:35: Direction

00:21:35: -0.244157		-0.304033		-0.920843
00:21:35: -0.830135		-1.03371		-3.13086
00:21:35: Direction

00:21:35: -0.144098		-0.246154		-0.958459
00:21:35: -0.446704		-0.763076		-2.97122
00:21:35: Direction

00:21:35: -0.0568316		-0.15902		-0.985638
00:21:35: -0.193227		-0.540668		-3.35117
00:21:35: Direction

00:21:35: 0.00521405		-0.0915017		-0.995791
00:21:35: 0.0213776		-0.375157		-4.08274
00:21:35: Direction

00:21:35: 0.00521528		-0.0888944		-0.996027
00:21:35: 0.017732		-0.302241		-3.38649
00:21:35: Direction

00:21:35: 0.0156488		-0.0862864		-0.996147
00:21:35: 0.051641		-0.284745		-3.28729
00:21:35: Direction

00:21:35: 0.130176		-0.0732383		-0.988782
00:21:35: 0.442598		-0.24901		-3.36186
00:21:35: Direction

00:21:35: 0.263005		-0.0810688		-0.961383
00:21:35: 0.920517		-0.283741		-3.36484
00:21:35: Direction

00:21:35: 0.468509		-0.130526		-0.873764
00:21:35: 1.68663		-0.469895		-3.14555
00:21:35: Direction

00:21:35: 0.596049		-0.146083		-0.789548
00:21:35: 2.08617		-0.511291		-2.76342
00:21:35: Direction

00:21:35: 0.619817		-0.153848		-0.769519
00:21:35: 2.23134		-0.553854		-2.77027
00:21:35: Direction

00:21:35: 0.618772		-0.164187		-0.768222
00:21:35: 2.10382		-0.558236		-2.61195
00:21:35: Direction

00:21:35: 0.601749		-0.189953		-0.775769
00:21:35: 2.10612		-0.664834		-2.71519
00:21:35: Direction

00:21:35: 0.578753		-0.210472		-0.787875
00:21:35: 1.96776		-0.715605		-2.67878
00:21:42: Direction

00:21:42: -0.449195		-0.555577		0.699704
00:21:42: -0.898391		-1.11115		1.39941
00:21:42: Direction

00:21:42: -0.434843		-0.549029		0.713797
00:21:42: -1.78286		-2.25102		2.92657
00:21:42: Direction

00:21:42: -0.420049		-0.542448		0.727556
00:21:42: -1.34416		-1.73583		2.32818
00:21:42: Direction

00:21:42: -0.406161		-0.531405		0.743418
00:21:42: -1.34033		-1.75364		2.45328
00:21:42: Direction

00:21:42: -0.399657		-0.526962		0.750076
00:21:42: -1.31887		-1.73897		2.47525
00:21:42: Direction

00:21:42: -0.393676		-0.520271		0.75787
00:21:42: -1.25976		-1.66487		2.42518
00:21:42: Direction

00:21:42: -0.388944		-0.515792		0.763355
00:21:42: -1.3613		-1.80527		2.67174
00:21:42: Direction

00:21:42: -0.380423		-0.502271		0.776551
00:21:42: -1.33148		-1.75795		2.71793
00:21:42: Direction

00:21:42: -0.365281		-0.488627		0.792366
00:21:42: -1.27848		-1.71019		2.77328
00:21:42: Direction

00:21:42: -0.353742		-0.474861		0.805856
00:21:42: -1.20272		-1.61453		2.73991
00:21:42: Direction

00:21:42: -0.339137		-0.463301		0.818761
00:21:42: -1.25481		-1.71421		3.02942
00:21:42: Direction

00:21:42: -0.32973		-0.456326		0.826484
00:21:42: -1.08811		-1.50588		2.7274
00:21:42: Direction

00:21:42: -0.322763		-0.446983		0.834303
00:21:42: -1.12967		-1.56444		2.92006
00:21:42: Direction

00:21:42: -0.317024		-0.442293		0.83899
00:21:42: -1.49001		-2.07878		3.94326
00:21:42: Direction

00:21:42: -0.315232		-0.439944		0.840899
00:21:42: -1.07179		-1.49581		2.85906
00:21:42: Direction

00:21:42: -0.311222		-0.437591		0.843616
00:21:42: -1.21377		-1.7066		3.2901
00:21:42: Direction

00:21:42: -0.311222		-0.437591		0.843616
00:21:42: -1.4005		-1.96916		3.79627
00:21:42: Direction

00:21:42: -0.311222		-0.437591		0.843616
00:21:42: -1.21377		-1.7066		3.2901
00:21:42: Direction

00:21:42: -0.311222		-0.437591		0.843616
00:21:42: -1.18264		-1.66285		3.20574
00:21:42: Direction

00:21:42: -0.311222		-0.437591		0.843616
00:21:42: -1.36938		-1.9254		3.71191
00:21:42: Direction

00:21:42: -0.311222		-0.437591		0.843616
00:21:42: -1.21377		-1.7066		3.2901
00:21:42: Direction

00:21:42: -0.313828		-0.435235		0.843869
00:21:42: -1.34946		-1.87151		3.62864
00:21:42: Direction

00:21:42: -0.32346		-0.430515		0.842653
00:21:42: -1.09976		-1.46375		2.86502
00:21:43: Direction

00:21:43: -0.387878		-0.423413		0.818722
00:21:43: -2.28848		-2.49814		4.83046
00:21:43: Direction

00:21:43: -0.419138		-0.416285		0.806885
00:21:43: -1.42507		-1.41537		2.74341
00:21:43: Direction

00:21:43: -0.4531		-0.413903		0.789568
00:21:43: -1.8124		-1.65561		3.15827
00:21:43: Direction

00:21:43: -0.465446		-0.413903		0.782354
00:21:43: -1.62906		-1.44866		2.73824
00:21:43: Direction

00:21:43: -0.481728		-0.413903		0.772435
00:21:43: -1.92691		-1.65561		3.08974
00:21:43: Direction

00:21:43: -0.512289		-0.411518		0.753821
00:21:43: -2.04916		-1.64607		3.01528
00:21:43: Direction

00:21:43: -0.551038		-0.411518		0.725976
00:21:43: -2.09395		-1.56377		2.75871
00:21:43: Direction

00:21:43: -0.575422		-0.411518		0.706806
00:21:43: -2.07152		-1.48147		2.5445
00:21:43: Direction

00:21:43: -0.591914		-0.411518		0.693053
00:21:43: -2.13089		-1.48147		2.49499
00:21:43: Direction

00:21:43: -0.599845		-0.409131		0.687626
00:21:43: -2.09946		-1.43196		2.40669
00:21:43: Direction

00:21:43: -0.617316		-0.404347		0.674874
00:21:43: -2.22234		-1.45565		2.42955
00:21:43: Direction

00:21:43: -0.631029		-0.399553		0.664976
00:21:43: -2.39791		-1.5183		2.52691
00:21:43: Direction

00:21:43: -0.635224		-0.397151		0.662415
00:21:43: -2.15976		-1.35031		2.25221
00:21:43: Direction

00:21:43: -0.637675		-0.394747		0.661497
00:21:43: -2.3594		-1.46057		2.44754
00:21:43: Direction

00:21:43: -0.637675		-0.394747		0.661497
00:21:43: -2.23186		-1.38162		2.31524
00:21:43: Direction

00:21:43: -0.637675		-0.394747		0.661497
00:21:43: -2.29563		-1.42109		2.38139
00:21:43: Direction

00:21:43: -0.637675		-0.394747		0.661497
00:21:43: -2.3594		-1.46057		2.44754
00:21:43: Direction

00:21:43: -0.637675		-0.394747		0.661497
00:21:43: -2.42317		-1.50004		2.51369
00:21:43: Direction

00:21:43: -0.637675		-0.394747		0.661497
00:21:43: -2.3594		-1.46057		2.44754
00:21:43: Direction

00:21:43: -0.637675		-0.394747		0.661497
00:21:43: -2.42317		-1.50004		2.51369
00:21:43: Direction

00:21:43: -0.637675		-0.394747		0.661497
00:21:43: -2.42317		-1.50004		2.51369
00:21:43: Direction

00:21:43: -0.637675		-0.394747		0.661497
00:21:43: -2.48693		-1.53951		2.57984
00:21:43: Direction

00:21:43: -0.637675		-0.394747		0.661497
00:21:43: -2.48693		-1.53951		2.57984
00:21:43: Direction

00:21:43: -0.637675		-0.394747		0.661497
00:21:43: -2.3594		-1.46057		2.44754
00:21:43: Direction

00:21:43: -0.637675		-0.394747		0.661497
00:21:43: -2.3594		-1.46057		2.44754
00:21:43: Direction

00:21:43: -0.637675		-0.394747		0.661497
00:21:43: -2.5507		-1.57899		2.64599
00:21:43: Direction

00:21:43: -0.637675		-0.394747		0.661497
00:21:44: -2.3594		-1.46057		2.44754
00:21:44: Direction

00:21:44: -0.637675		-0.394747		0.661497
00:21:44: -2.5507		-1.57899		2.64599
00:21:44: Direction

00:21:44: -0.626499		-0.397151		0.670674
00:21:44: -2.44334		-1.54889		2.61563
00:21:44: Direction

00:21:44: -0.596713		-0.394747		0.698672
00:21:44: -2.20784		-1.46057		2.58508
00:21:44: Direction

00:21:44: -0.54441		-0.385104		0.745216
00:21:44: -2.1232		-1.50191		2.90634
00:21:44: Direction

00:21:44: -0.477976		-0.365692		0.798651
00:21:44: -1.91191		-1.46277		3.1946
00:21:44: Direction

00:21:44: -0.444644		-0.351027		0.82408
00:21:44: -1.68965		-1.3339		3.1315
00:21:44: Direction

00:21:44: -0.401732		-0.33134		0.853734
00:21:44: -1.60693		-1.32536		3.41494
00:21:44: Direction

00:21:44: -0.318795		-0.296542		0.900261
00:21:44: -1.37082		-1.27513		3.87112
00:21:44: Direction

00:21:44: -0.236914		-0.27144		0.932862
00:21:44: -1.01873		-1.16719		4.0113
00:21:44: Direction

00:21:44: -0.207949		-0.263873		0.941896
00:21:44: -0.873385		-1.10827		3.95596
00:21:44: Direction

00:21:44: -0.166417		-0.251224		0.953537
00:21:44: -0.748876		-1.13051		4.29091
00:21:44: Direction

00:21:44: -0.116819		-0.233444		0.965349
00:21:44: -0.50232		-1.00381		4.151
00:21:44: Direction

00:21:44: -0.0563068		-0.20791		0.976547
00:21:44: -0.275903		-1.01876		4.78508
00:21:44: Direction

00:21:44: 0.00772236		-0.182233		0.983246
00:21:44: 0.0347506		-0.820047		4.42461
00:21:44: Direction

00:21:44: 0.0438685		-0.166765		0.985041
00:21:44: 0.197408		-0.750444		4.43269
00:21:44: Direction

00:21:44: 0.0438685		-0.166765		0.985041
00:21:44: 0.197408		-0.750444		4.43269
00:21:44: Direction

00:21:44: 0.0542049		-0.164183		0.984961
00:21:44: 0.260183		-0.78808		4.72781
00:21:44: Direction

00:21:44: 0.0619657		-0.1616		0.98493
00:21:44: 0.285042		-0.743361		4.53068
00:21:44: Direction

00:21:44: 0.0619657		-0.1616		0.98493
00:21:44: 0.291239		-0.759521		4.62917
00:21:44: Direction

00:21:44: 0.0619657		-0.1616		0.98493
00:21:44: 0.316025		-0.824162		5.02314
00:21:44: Direction

00:21:44: 0.0671218		-0.1616		0.984592
00:21:44: 0.30876		-0.743361		4.52913
00:21:44: Direction

00:21:44: 0.0696993		-0.1616		0.984413
00:21:44: 0.327586		-0.759522		4.62674
00:21:45: Direction

00:21:45: 0.0722762		-0.1616		0.984228
00:21:45: 0.361381		-0.808002		4.92114
00:21:45: Direction

00:21:45: 0.085153		-0.1616		0.983197
00:21:45: 0.41725		-0.791842		4.81767
00:21:45: Direction

00:21:45: 0.110861		-0.1616		0.980632
00:21:45: 0.532131		-0.775682		4.70703
00:21:45: Direction

00:21:45: 0.126304		-0.159016		0.979186
00:21:45: 0.593627		-0.747376		4.60217
00:21:45: Direction

00:21:45: 0.167266		-0.156431		0.973445
00:21:45: 0.752698		-0.703939		4.3805
00:21:45: Direction

00:21:45: 0.261045		-0.146079		0.954232
00:21:45: 1.22691		-0.686572		4.48489
00:21:45: Direction

00:21:45: 0.386984		-0.122731		0.913905
00:21:45: 1.78013		-0.564561		4.20396
00:21:45: Direction

00:21:45: 0.497401		-0.101919		0.861536
00:21:45: 2.48701		-0.509595		4.30768
00:21:45: Direction

00:21:45: 0.608701		-0.0836719		0.789
00:21:45: 3.10437		-0.426727		4.0239
00:21:45: Direction

00:21:45: 0.723829		-0.0653966		0.6869
00:21:45: 4.05344		-0.366221		3.84664
00:21:45: Direction

00:21:45: 0.804347		-0.0627839		0.590863
00:21:45: 4.1826		-0.326476		3.07249
00:21:45: Direction

00:21:45: 0.851104		-0.0601708		0.521569
00:21:45: 4.17041		-0.294837		2.55569
00:21:45: Direction

00:21:45: 0.855175		-0.0601708		0.514869
00:21:45: 4.61794		-0.324923		2.78029
00:21:45: Direction

00:21:45: 0.855175		-0.0601708		0.514869
00:21:45: 4.61794		-0.324923		2.78029
00:21:45: Direction

00:21:45: 0.855175		-0.0601708		0.514869
00:21:45: 4.19036		-0.294837		2.52286
00:21:45: Direction

00:21:45: 0.855175		-0.0601708		0.514869
00:21:45: 4.61794		-0.324923		2.78029
00:21:45: Direction

00:21:45: 0.855175		-0.0601708		0.514869
00:21:45: 4.19036		-0.294837		2.52286
00:21:45: Direction

00:21:45: 0.855175		-0.0601708		0.514869
00:21:45: 4.8745		-0.342974		2.93475
00:21:45: Direction

00:21:45: 0.855175		-0.0601708		0.514869
00:21:45: 5.3876		-0.379076		3.24367
00:21:45: Direction

00:21:45: 0.855175		-0.0601708		0.514869
00:21:45: 4.19036		-0.294837		2.52286
00:21:46: Direction

00:21:46: 0.855175		-0.0601708		0.514869
00:21:46: 4.78898		-0.336957		2.88327
00:21:46: Direction

00:21:46: 0.855175		-0.0601708		0.514869
00:21:46: 4.61794		-0.324923		2.78029
00:21:46: Direction

00:21:46: 0.855175		-0.0601708		0.514869
00:21:46: 4.36139		-0.306871		2.62583
00:21:46: Direction

00:21:46: 0.855175		-0.0601708		0.514869
00:21:46: 4.36139		-0.306871		2.62583
00:21:46: Direction

00:21:46: 0.855175		-0.0601708		0.514869
00:21:46: 4.61794		-0.324923		2.78029
00:21:46: Direction

00:21:46: 0.797707		-0.0941027		0.595688
00:21:46: 4.30762		-0.508155		3.21672
00:21:46: Direction

00:21:46: 0.651504		-0.153844		0.742909
00:21:46: 3.64842		-0.861529		4.16029
00:21:46: Direction

00:21:46: 0.477964		-0.184806		0.858743
00:21:46: 2.6288		-1.01644		4.72309
00:21:46: Direction

00:21:46: 0.358288		-0.200221		0.911913
00:21:46: 2.22139		-1.24137		5.65386
00:21:46: Direction

00:21:46: 0.24975		-0.177082		0.952004
00:21:46: 1.37363		-0.97395		5.23602
00:21:46: Direction

00:21:46: 0.177735		-0.146079		0.973199
00:21:46: 1.11973		-0.920298		6.13115
00:21:46: Direction

00:21:46: 0.149809		-0.138305		0.979017
00:21:46: 0.779004		-0.719184		5.09089
00:21:46: Direction

00:21:46: 0.149809		-0.138305		0.979017
00:21:46: 0.988736		-0.912811		6.46151
00:21:46: Direction

00:21:46: 0.157435		-0.140897		0.97745
00:21:46: 0.850148		-0.760844		5.27823
00:21:46: Direction

00:21:46: 0.312186		-0.164184		0.93575
00:21:46: 1.71702		-0.903009		5.14663
00:21:46: Direction

00:21:46: 0.502139		-0.164184		0.849083
00:21:46: 2.71155		-0.886591		4.58505
00:21:46: Direction

00:21:46: 0.602554		-0.164184		0.781034
00:21:46: 3.3743		-0.919428		4.37379
00:21:46: Direction

00:21:46: 0.673272		-0.195088		0.713222
00:21:46: 4.30894		-1.24856		4.56462
00:21:47: Direction

00:21:47: 0.784653		-0.243614		0.570095
00:21:47: 4.62945		-1.43732		3.36356
00:21:47: Direction

00:21:47: 0.887309		-0.289032		0.359408
00:21:47: 5.23513		-1.70529		2.12051
00:21:47: Direction

00:21:47: 0.934432		-0.313994		0.168142
00:21:47: 5.04594		-1.69557		0.907964
00:21:47: Direction

00:21:47: 0.929597		-0.365692		-0.0462682
00:21:47: 5.7635		-2.26729		-0.286863
00:21:47: Direction

00:21:47: 0.89568		-0.399552		-0.19528
00:21:47: 5.46365		-2.43727		-1.19121
00:21:47: Direction

00:21:47: 0.866846		-0.404347		-0.291717
00:21:47: 4.68097		-2.18347		-1.57527
00:21:47: Direction

00:21:47: 0.813128		-0.394747		-0.427798
00:21:47: 4.22827		-2.05268		-2.22455
00:21:47: Direction

00:21:47: 0.756123		-0.346119		-0.555418
00:21:47: 4.15868		-1.90366		-3.0548
00:21:47: Direction

00:21:47: 0.675985		-0.276477		-0.683091
00:21:47: 3.92071		-1.60357		-3.96192
00:21:47: Direction

00:21:47: 0.5743		-0.213031		-0.790445
00:21:47: 2.98636		-1.10776		-4.11031
00:21:47: Direction

00:21:47: 0.411249		-0.187381		-0.892057
00:21:47: 2.05624		-0.936906		-4.46028
00:21:47: Direction

00:21:47: 0.181446		-0.189952		-0.964881
00:21:47: 0.961664		-1.00675		-5.11387
00:21:47: Direction

00:21:47: -0.0738465		-0.228351		-0.970774
00:21:47: -0.376617		-1.16459		-4.95095
00:21:47: Direction

00:21:47: -0.256094		-0.241076		-0.936109
00:21:47: -1.28047		-1.20538		-4.68054
00:21:47: Direction

00:21:47: -0.445129		-0.241076		-0.862407
00:21:47: -2.35918		-1.2777		-4.57076
00:21:47: Direction

00:21:47: -0.587953		-0.202787		-0.783067
00:21:47: -2.99856		-1.03422		-3.99364
00:21:47: Direction

00:21:47: -0.756465		-0.138308		-0.63925
00:21:47: -3.70668		-0.677708		-3.13232
00:21:47: Direction

00:21:47: -0.877219		-0.109733		-0.467396
00:21:47: -4.56154		-0.57061		-2.43046
00:21:48: Direction

00:21:48: -0.959018		-0.10713		-0.262345
00:21:48: -5.65821		-0.632068		-1.54784
00:21:48: Direction

00:21:48: -0.986485		-0.120135		-0.111512
00:21:48: -4.63648		-0.564637		-0.524104
00:21:48: Direction

00:21:48: -0.986716		-0.159019		0.0336072
00:21:48: -4.63756		-0.747391		0.157954
00:21:48: Direction

00:21:48: -0.971271		-0.177085		0.159064
00:21:48: -5.05061		-0.920841		0.827134
00:21:48: Direction

00:21:48: -0.941453		-0.177085		0.286946
00:21:48: -4.89556		-0.920841		1.49212
00:21:48: Direction

00:21:48: -0.893953		-0.169349		0.414972
00:21:48: -4.64856		-0.880617		2.15785
00:21:48: Direction

00:21:48: -0.819378		-0.179661		0.544406
00:21:48: -4.75239		-1.04203		3.15756
00:21:48: Direction

00:21:48: -0.738312		-0.200224		0.644084
00:21:48: -3.91306		-1.06119		3.41365
00:21:48: Direction

00:21:48: -0.630708		-0.238536		0.738478
00:21:48: -3.40582		-1.28809		3.98778
00:21:48: Direction

00:21:48: -0.521469		-0.26135		0.812286
00:21:48: -2.65949		-1.33288		4.14266
00:21:48: Direction

00:21:48: -0.431141		-0.263876		0.862862
00:21:48: -2.41439		-1.47771		4.83203
00:21:48: Direction

00:21:48: -0.29897		-0.220699		0.928415
00:21:48: -1.73403		-1.28005		5.38481
00:21:48: Direction

00:21:48: -0.135722		-0.192522		0.971885
00:21:48: -0.705755		-1.00112		5.0538
00:21:48: Direction

00:21:48: 0.0205413		-0.195091		0.980594
00:21:48: 0.123248		-1.17055		5.88356
00:21:48: Direction

00:21:48: 0.125342		-0.200224		0.971723
00:21:48: 0.726985		-1.1613		5.636
00:21:48: Direction

00:21:48: 0.209155		-0.189953		0.95928
00:21:48: 1.15035		-1.04474		5.27604
00:21:48: Direction

00:21:48: 0.314497		-0.166768		0.934519
00:21:48: 1.85553		-0.983933		5.51366
00:21:48: Direction

00:21:48: 0.395715		-0.138307		0.907924
00:21:48: 2.33472		-0.816014		5.35675
00:21:49: Direction

00:21:49: 0.412582		-0.13312		0.901166
00:21:49: 2.35172		-0.758783		5.13665
00:21:49: Direction

00:21:49: 0.412582		-0.13312		0.901166
00:21:49: 2.80556		-0.905214		6.12793
00:21:49: Direction

00:21:49: 0.400751		-0.13312		0.90649
00:21:49: 2.44458		-0.81203		5.52959
00:21:54: Direction

00:21:54: 0.984246		-0.143493		0.103465
00:21:54: 2.85431		-0.416129		0.300048
00:21:54: Direction

00:21:54: 0.984246		-0.143493		0.103465
00:21:54: 3.93698		-0.573971		0.413859
00:21:54: Direction

00:21:54: 0.984246		-0.143493		0.103465
00:21:54: 4.13383		-0.60267		0.434552
00:21:54: Direction

00:21:54: 0.984246		-0.143493		0.103465
00:21:54: 4.33068		-0.631368		0.455245
00:21:54: Direction

00:21:54: 0.984246		-0.143493		0.103465
00:21:54: 4.23226		-0.617019		0.444899
00:21:54: Direction

00:21:54: 0.984246		-0.143493		0.103465
00:21:54: 3.93698		-0.573971		0.413859
00:21:54: Direction

00:21:54: 0.984246		-0.143493		0.103465
00:21:54: 3.83856		-0.559622		0.403513
00:21:54: Direction

00:21:54: 0.984246		-0.143493		0.103465
00:21:54: 4.23226		-0.617019		0.444899
00:21:54: Direction

00:21:54: 0.984246		-0.143493		0.103465
00:21:54: 4.03541		-0.58832		0.424206
00:21:54: Direction

00:21:54: 0.984246		-0.143493		0.103465
00:21:54: 4.03541		-0.58832		0.424206
00:21:54: Direction

00:21:54: 0.984246		-0.143493		0.103465
00:21:54: 4.33068		-0.631368		0.455245
00:21:54: Direction

00:21:54: 0.970896		-0.169351		0.169465
00:21:54: 3.78649		-0.660467		0.660914
00:21:54: Direction

00:21:54: 0.946145		-0.207914		0.248233
00:21:54: 3.97381		-0.873239		1.04258
00:21:54: Direction

00:21:54: 0.91432		-0.235994		0.329192
00:21:54: 3.65728		-0.943975		1.31677
00:21:54: Direction

00:21:54: 0.874142		-0.253762		0.414156
00:21:54: 3.58398		-1.04042		1.69804
00:21:54: Direction

00:21:54: 0.835411		-0.273964		0.476527
00:21:54: 3.59227		-1.17805		2.04907
00:21:54: Direction

00:21:54: 0.823336		-0.276481		0.495705
00:21:54: 3.86968		-1.29946		2.32981
00:21:54: Direction

00:21:54: 0.807359		-0.276481		0.521322
00:21:54: 3.22944		-1.10592		2.08529
00:21:54: Direction

00:21:54: 0.799071		-0.276481		0.533939
00:21:54: 3.3561		-1.16122		2.24255
00:21:54: Direction

00:21:54: 0.799071		-0.276481		0.533939
00:21:54: 3.3561		-1.16122		2.24255
00:21:54: Direction

00:21:54: 0.797067		-0.278996		0.535624
00:21:54: 3.42739		-1.19968		2.30318
00:21:54: Direction

00:21:54: 0.788161		-0.28653		0.544749
00:21:54: 3.23146		-1.17477		2.23347
00:21:54: Direction

00:21:54: 0.773264		-0.294046		0.561827
00:21:54: 3.24771		-1.23499		2.35967
00:21:55: Direction

00:21:55: 0.744069		-0.313999		0.589759
00:21:55: 3.12509		-1.3188		2.47699
00:21:55: Direction

00:21:55: 0.717463		-0.331345		0.612788
00:21:55: 3.30033		-1.52419		2.81883
00:21:55: Direction

00:21:55: 0.698225		-0.336281		0.63202
00:21:55: 3.28166		-1.58052		2.97049
00:21:55: Direction

00:21:55: 0.682895		-0.343668		0.644671
00:21:55: 3.07303		-1.5465		2.90102
00:21:55: Direction

00:21:55: 0.677159		-0.346125		0.649389
00:21:55: 2.9795		-1.52295		2.85731
00:21:55: Direction

00:21:55: 0.675457		-0.346125		0.65116
00:21:55: 2.97201		-1.52295		2.8651
00:21:55: Direction

00:21:55: 0.67375		-0.346125		0.652926
00:21:55: 2.89712		-1.48834		2.80758
00:21:55: Direction

00:21:55: 0.67375		-0.346125		0.652926
00:21:55: 2.89712		-1.48834		2.80758
00:21:55: Direction

00:21:55: 0.67375		-0.346125		0.652926
00:21:55: 2.9645		-1.52295		2.87287
00:21:55: Direction

00:21:55: 0.67375		-0.346125		0.652926
00:21:55: 3.84037		-1.97291		3.72168
00:21:55: Direction

00:21:55: 0.67375		-0.346125		0.652926
00:21:55: 2.9645		-1.52295		2.87287
00:21:55: Direction

00:21:55: 0.67375		-0.346125		0.652926
00:21:55: 3.03187		-1.55756		2.93817
00:21:55: Direction

00:21:55: 0.67375		-0.346125		0.652926
00:21:55: 2.9645		-1.52295		2.87287
00:21:55: Direction

00:21:55: 0.67375		-0.346125		0.652926
00:21:55: 3.36875		-1.73063		3.26463
00:21:55: Direction

00:21:55: 0.67375		-0.346125		0.652926
00:21:55: 2.89712		-1.48834		2.80758
00:21:55: Direction

00:21:55: 0.67375		-0.346125		0.652926
00:21:55: 3.234		-1.6614		3.13405
00:21:55: Direction

00:21:55: 0.675457		-0.346125		0.65116
00:21:55: 3.03955		-1.55756		2.93022
00:21:55: Direction

00:21:55: 0.712504		-0.343668		0.611787
00:21:55: 3.42002		-1.64961		2.93658
00:21:55: Direction

00:21:55: 0.745756		-0.341208		0.572256
00:21:55: 3.3559		-1.53544		2.57515
00:21:55: Direction

00:21:55: 0.785158		-0.333815		0.521675
00:21:55: 3.61173		-1.53555		2.3997
00:21:55: Direction

00:21:55: 0.864441		-0.306533		0.39853
00:21:55: 4.23576		-1.50201		1.9528
00:21:55: Direction

00:21:55: 0.934688		-0.271446		0.229599
00:21:55: 4.2061		-1.22151		1.03319
00:21:56: Direction

00:21:56: 0.962561		-0.256294		0.0884644
00:21:56: 4.71655		-1.25584		0.433475
00:21:56: Direction

00:21:56: 0.966688		-0.248694		-0.0608013
00:21:56: 4.54343		-1.16886		-0.285766
00:21:56: Direction

00:21:56: 0.954792		-0.230903		-0.187305
00:21:56: 4.20108		-1.01597		-0.824142
00:21:56: Direction

00:21:56: 0.929715		-0.202791		-0.307456
00:21:56: 4.36966		-0.953116		-1.44504
00:21:56: Direction

00:21:56: 0.910494		-0.192525		-0.365999
00:21:56: 4.09723		-0.866362		-1.64699
00:21:56: Direction

00:21:56: 0.902079		-0.189955		-0.387546
00:21:56: 4.23977		-0.892789		-1.82146
00:21:56: Direction

00:21:56: 0.898549		-0.192525		-0.394417
00:21:56: 4.13332		-0.885615		-1.81432
00:21:56: Direction

00:21:56: 0.891781		-0.195093		-0.408271
00:21:56: 4.28055		-0.936448		-1.9597
00:21:56: Direction

00:21:56: 0.884794		-0.197661		-0.422007
00:21:56: 3.80461		-0.84994		-1.81463
00:21:56: Direction

00:21:56: 0.882103		-0.200226		-0.426407
00:21:56: 3.79304		-0.860973		-1.83355
00:21:56: Direction

00:21:56: 0.875974		-0.202791		-0.437681
00:21:56: 3.85429		-0.892279		-1.9258
00:21:56: Direction

00:21:56: 0.864947		-0.205354		-0.457947
00:21:56: 4.06525		-0.965162		-2.15235
00:21:56: Direction

00:21:56: 0.860847		-0.207915		-0.464469
00:21:56: 3.78773		-0.914827		-2.04367
00:21:56: Direction

00:21:56: 0.856207		-0.213034		-0.470685
00:21:56: 4.70914		-1.17169		-2.58877
00:21:56: Direction

00:21:56: 0.852484		-0.213034		-0.477395
00:21:56: 3.58043		-0.894743		-2.00506
00:21:56: Direction

00:21:56: 0.852484		-0.213034		-0.477395
00:21:56: 3.75093		-0.93735		-2.10054
00:21:56: Direction

00:21:56: 0.852484		-0.213034		-0.477395
00:21:56: 3.92143		-0.979957		-2.19602
00:21:56: Direction

00:21:56: 0.852484		-0.213034		-0.477395
00:21:56: 3.75093		-0.93735		-2.10054
00:21:56: Direction

00:21:56: 0.851994		-0.215591		-0.477121
00:21:56: 3.57838		-0.905484		-2.00391
00:21:56: Direction

00:21:56: 0.851994		-0.215591		-0.477121
00:21:56: 4.00437		-1.01328		-2.24247
00:21:56: Direction

00:21:56: 0.851994		-0.215591		-0.477121
00:21:56: 3.74877		-0.948602		-2.09933
00:21:56: Direction

00:21:56: 0.851994		-0.215591		-0.477121
00:21:56: 4.08957		-1.03484		-2.29018
00:21:57: Direction

00:21:57: 0.851994		-0.215591		-0.477121
00:21:57: 3.66358		-0.927043		-2.05162
00:21:57: Direction

00:21:57: 0.851994		-0.215591		-0.477121
00:21:57: 4.17477		-1.0564		-2.33789
00:21:57: Direction

00:21:57: 0.851994		-0.215591		-0.477121
00:21:57: 3.91917		-0.99172		-2.19476
00:21:57: Direction

00:21:57: 0.851994		-0.215591		-0.477121
00:21:57: 3.74877		-0.948602		-2.09933
00:21:57: Direction

00:21:57: 0.851994		-0.215591		-0.477121
00:21:57: 3.83397		-0.970161		-2.14704
00:21:57: Direction

00:21:57: 0.851994		-0.215591		-0.477121
00:21:57: 4.00437		-1.01328		-2.24247
00:21:57: Direction

00:21:57: 0.851994		-0.215591		-0.477121
00:21:57: 3.83397		-0.970161		-2.14704
00:21:57: Direction

00:21:57: 0.851994		-0.215591		-0.477121
00:21:57: 3.66358		-0.927043		-2.05162
00:21:57: Direction

00:21:57: 0.851994		-0.215591		-0.477121
00:21:57: 4.25997		-1.07796		-2.3856
00:21:57: Direction

00:21:57: 0.851994		-0.215591		-0.477121
00:21:57: 4.00437		-1.01328		-2.24247
00:21:57: Direction

00:21:57: 0.851994		-0.215591		-0.477121
00:21:57: 4.08957		-1.03484		-2.29018
00:22:02: Direction

00:22:02: 0.965324		-0.230903		-0.121929
00:22:02: 2.60637		-0.623439		-0.329207
00:22:02: Direction

00:22:02: 0.967249		-0.218147		-0.129898
00:22:02: 4.54607		-1.02529		-0.610518
00:22:02: Direction

00:22:02: 0.968765		-0.207915		-0.135269
00:22:02: 4.65007		-0.997993		-0.649291
00:22:02: Direction

00:22:02: 0.969301		-0.205354		-0.135344
00:22:02: 3.8772		-0.821414		-0.541374
00:22:02: Direction

00:22:02: 0.969301		-0.205354		-0.135344
00:22:02: 4.168		-0.88302		-0.581977
00:22:02: Direction

00:22:02: 0.969301		-0.205354		-0.135344
00:22:02: 4.07106		-0.862485		-0.568443
00:22:02: Direction

00:22:02: 0.969301		-0.205354		-0.135344
00:22:02: 4.07106		-0.862485		-0.568443
00:22:02: Direction

00:22:02: 0.969301		-0.205354		-0.135344
00:22:02: 4.07106		-0.862485		-0.568443
00:22:02: Direction

00:22:02: 0.969301		-0.205354		-0.135344
00:22:02: 4.26493		-0.903556		-0.595512
00:22:02: Direction

00:22:02: 0.969301		-0.205354		-0.135344
00:22:02: 4.55572		-0.965162		-0.636115
00:22:02: Direction

00:22:02: 0.969301		-0.205354		-0.135344
00:22:02: 4.168		-0.88302		-0.581977
00:22:02: Direction

00:22:02: 0.969301		-0.205354		-0.135344
00:22:02: 4.74958		-1.00623		-0.663184
00:22:03: Direction

00:22:03: 0.969301		-0.205354		-0.135344
00:22:03: 3.68334		-0.780344		-0.514306
00:22:03: Direction

00:22:03: 0.969301		-0.205354		-0.135344
00:22:03: 4.36186		-0.924091		-0.609046
00:22:03: Direction

00:22:03: 0.969301		-0.205354		-0.135344
00:22:03: 5.91274		-1.25266		-0.825596
00:22:03: Direction

00:22:03: 0.969301		-0.205354		-0.135344
00:22:03: 4.94344		-1.0473		-0.690252
00:22:03: Direction

00:22:03: 0.969301		-0.205354		-0.135344
00:22:03: 4.55572		-0.965162		-0.636115
00:22:03: Direction

00:22:03: 0.969301		-0.205354		-0.135344
00:22:03: 4.36186		-0.924091		-0.609046
00:22:03: Direction

00:22:03: 0.969301		-0.205354		-0.135344
00:22:03: 3.8772		-0.821414		-0.541374
00:22:03: Direction

00:22:03: 0.969301		-0.205354		-0.135344
00:22:03: 4.36186		-0.924091		-0.609046
00:22:03: Direction

00:22:03: 0.969301		-0.205354		-0.135344
00:22:03: 4.168		-0.88302		-0.581977
00:22:03: Direction

00:22:03: 0.955137		-0.205354		-0.213478
00:22:03: 4.48914		-0.965162		-1.00335
00:22:03: Direction

00:22:03: 0.936192		-0.205354		-0.285309
00:22:03: 3.83839		-0.84195		-1.16977
00:22:03: Direction

00:22:03: 0.902725		-0.207915		-0.376672
00:22:03: 3.97199		-0.914827		-1.65736
00:22:03: Direction

00:22:03: 0.889989		-0.215591		-0.401825
00:22:03: 3.38196		-0.819247		-1.52693
00:22:03: Direction

00:22:03: 0.87538		-0.223254		-0.428824
00:22:03: 3.85167		-0.982318		-1.88682
00:22:03: Direction

00:22:03: 0.854917		-0.225805		-0.467064
00:22:03: 3.59065		-0.948382		-1.96167
00:22:03: Direction

00:22:03: 0.824247		-0.230903		-0.517029
00:22:03: 3.46184		-0.969793		-2.17152
00:22:03: Direction

00:22:03: 0.793592		-0.235995		-0.560834
00:22:03: 3.33309		-0.991177		-2.3555
00:22:03: Direction

00:22:03: 0.742922		-0.24108		-0.62447
00:22:03: 2.89739		-0.94021		-2.43543
00:22:03: Direction

00:22:03: 0.678598		-0.24362		-0.69294
00:22:03: 3.18941		-1.14501		-3.25682
00:22:03: Direction

00:22:03: 0.590819		-0.24108		-0.769949
00:22:03: 2.3042		-0.940211		-3.0028
00:22:03: Direction

00:22:03: 0.442005		-0.228355		-0.867462
00:22:03: 1.85642		-0.959092		-3.64334
00:22:03: Direction

00:22:03: 0.325583		-0.220702		-0.919396
00:22:03: 1.23722		-0.838666		-3.49371
00:22:03: Direction

00:22:03: 0.127955		-0.197661		-0.971884
00:22:03: 0.524614		-0.81041		-3.98473
00:22:04: Direction

00:22:04: 0.00771202		-0.189956		-0.981763
00:22:04: 0.0331617		-0.81681		-4.22158
00:22:04: Direction

00:22:04: -0.120909		-0.171932		-0.977661
00:22:04: -0.459456		-0.653343		-3.71511
00:22:04: Direction

00:22:04: -0.26583		-0.151264		-0.95208
00:22:04: -1.0899		-0.620181		-3.90353
00:22:04: Direction

00:22:04: -0.345353		-0.135718		-0.928609
00:22:04: -1.27781		-0.502157		-3.43585
00:22:04: Direction

00:22:04: -0.443889		-0.117539		-0.888342
00:22:04: -1.77556		-0.470158		-3.55337
00:22:04: Direction

00:22:04: -0.53977		-0.0993214		-0.835937
00:22:04: -2.21306		-0.407218		-3.42734
00:22:04: Direction

00:22:04: -0.629011		-0.0862877		-0.772599
00:22:04: -2.32734		-0.319264		-2.85862
00:22:04: Direction

00:22:04: -0.723577		-0.0706279		-0.68663
00:22:04: -2.82195		-0.275449		-2.67786
00:22:04: Direction

00:22:04: -0.806153		-0.0575646		-0.588915
00:22:04: -3.06338		-0.218745		-2.23788
00:22:04: Direction

00:22:04: -0.871318		-0.0523363		-0.487941
00:22:04: -3.48527		-0.209345		-1.95177
00:22:04: Direction

00:22:04: -0.918703		-0.0497217		-0.39184
00:22:04: -3.67481		-0.198887		-1.56736
00:22:04: Direction

00:22:04: -0.950704		-0.0497217		-0.306133
00:22:04: -3.70775		-0.193914		-1.19392
00:22:04: Direction

00:22:04: -0.967405		-0.0497217		-0.248367
00:22:04: -4.25658		-0.218775		-1.09282
00:22:04: Direction

00:22:04: -0.975029		-0.0549507		-0.215246
00:22:04: -3.99762		-0.225298		-0.882509
00:22:04: Direction

00:22:04: -0.983344		-0.0601782		-0.171601
00:22:04: -3.73671		-0.228677		-0.652083
00:22:04: Direction

00:22:04: -0.989507		-0.0680163		-0.127616
00:22:04: -4.15593		-0.285668		-0.535988
00:22:04: Direction

00:22:04: -0.994261		-0.0784605		-0.0729935
00:22:04: -4.07647		-0.321688		-0.299274
00:22:04: Direction

00:22:04: -0.996031		-0.0888961		-0.00780253
00:22:04: -4.18333		-0.373364		-0.0327706
00:22:04: Direction

00:22:04: -0.995115		-0.0967165		0.0208651
00:22:04: -4.87606		-0.473911		0.102239
00:22:04: Direction

00:22:04: -0.993875		-0.104531		0.0364642
00:22:04: -3.87611		-0.407671		0.14221
00:22:04: Direction

00:22:04: -0.99173		-0.112339		0.0624148
00:22:04: -4.46279		-0.505525		0.280867
00:22:04: Direction

00:22:04: -0.98723		-0.125337		0.0985591
00:22:04: -4.14637		-0.526414		0.413948
00:22:04: Direction

00:22:04: -0.981595		-0.133125		0.137101
00:22:04: -4.31902		-0.585751		0.603245
00:22:04: Direction

00:22:04: -0.974935		-0.143497		0.170174
00:22:04: -4.09473		-0.602687		0.71473
00:22:05: Direction

00:22:05: -0.966659		-0.156439		0.202847
00:22:05: -4.15664		-0.672689		0.872241
00:22:05: Direction

00:22:05: -0.960802		-0.161609		0.225375
00:22:05: -4.03537		-0.678757		0.946574
00:22:05: Direction

00:22:05: -0.959003		-0.161609		0.232914
00:22:05: -3.93191		-0.662597		0.954947
00:22:05: Direction

00:22:05: -0.958588		-0.164192		0.232813
00:22:05: -3.83435		-0.656768		0.931253
00:22:05: Direction

00:22:05: -0.958588		-0.164192		0.232813
00:22:05: -4.12193		-0.706026		1.0011
00:22:05: Direction

00:22:05: -0.958588		-0.164192		0.232813
00:22:05: -4.02607		-0.689607		0.977816
00:22:05: Direction

00:22:05: -0.958588		-0.164192		0.232813
00:22:05: -3.93021		-0.673188		0.954535
00:22:05: Direction

00:22:05: -0.958588		-0.164192		0.232813
00:22:05: -3.93021		-0.673188		0.954535
00:22:05: Direction

00:22:05: -0.958588		-0.164192		0.232813
00:22:05: -4.21779		-0.722445		1.02438
00:22:05: Direction

00:22:05: -0.956936		-0.166774		0.237725
00:22:05: -4.21052		-0.733806		1.04599
00:22:05: Direction

00:22:05: -0.946731		-0.171935		0.272386
00:22:05: -4.16562		-0.756513		1.1985
00:22:05: Direction

00:22:05: -0.916986		-0.177091		0.357539
00:22:05: -3.85134		-0.743781		1.50166
00:22:05: Direction

00:22:05: -0.886109		-0.177091		0.428382
00:22:05: -3.89888		-0.779199		1.88488
00:22:05: Direction

00:22:05: -0.857864		-0.174513		0.483402
00:22:05: -3.51724		-0.715504		1.98195
00:22:05: Direction

00:22:05: -0.827977		-0.169355		0.534639
00:22:05: -3.97429		-0.812904		2.56627
00:22:05: Direction

00:22:05: -0.793128		-0.166774		0.585834
00:22:05: -3.7277		-0.783838		2.75342
00:22:05: Direction

00:22:05: -0.748747		-0.161609		0.642909
00:22:05: -3.36936		-0.72724		2.89309
00:22:05: Direction

00:22:05: -0.716459		-0.156439		0.679915
00:22:05: -3.36736		-0.735264		3.1956
00:22:05: Direction

00:22:05: -0.707789		-0.153853		0.689519
00:22:05: -3.25583		-0.707723		3.17179
00:22:05: Direction

00:22:05: -0.705982		-0.153853		0.69137
00:22:05: -3.31812		-0.723108		3.24944
00:22:05: Direction

00:22:05: -0.705982		-0.153853		0.69137
00:22:05: -2.96512		-0.646182		2.90375
00:22:05: Direction

00:22:05: -0.705982		-0.153853		0.69137
00:22:05: -3.38871		-0.738494		3.31857
00:22:05: Direction

00:22:05: -0.705982		-0.153853		0.69137
00:22:05: -3.03572		-0.661567		2.97289
00:22:06: Direction

00:22:06: -0.705982		-0.153853		0.69137
00:22:06: -3.60051		-0.784649		3.52599
00:22:06: Direction

00:22:06: -0.705982		-0.153853		0.69137
00:22:06: -3.03572		-0.661567		2.97289
00:22:06: Direction

00:22:06: -0.705982		-0.153853		0.69137
00:22:06: -3.10632		-0.676952		3.04203
00:22:06: Direction

00:22:06: -0.705982		-0.153853		0.69137
00:22:06: -3.24752		-0.707723		3.1803
00:22:06: Direction

00:22:06: -0.705982		-0.153853		0.69137
00:22:06: -3.38871		-0.738494		3.31857
00:22:06: Direction

00:22:06: -0.705982		-0.153853		0.69137
00:22:06: -3.38871		-0.738494		3.31857
00:22:06: Direction

00:22:06: -0.705982		-0.153853		0.69137
00:22:06: -3.31812		-0.723108		3.24944
00:22:06: Direction

00:22:06: -0.705982		-0.153853		0.69137
00:22:06: -3.31812		-0.723108		3.24944
00:22:06: Direction

00:22:06: -0.705982		-0.153853		0.69137
00:22:06: -3.10632		-0.676952		3.04203
00:22:06: Direction

00:22:06: -0.705982		-0.153853		0.69137
00:22:06: -3.17692		-0.692338		3.11116
00:22:06: Direction

00:22:06: -0.705982		-0.153853		0.69137
00:22:06: -3.31812		-0.723108		3.24944
00:22:06: Direction

00:22:06: -0.705982		-0.153853		0.69137
00:22:06: -3.24752		-0.707723		3.1803
00:22:06: Direction

00:22:06: -0.705982		-0.153853		0.69137
00:22:06: -3.31812		-0.723108		3.24944
00:22:06: Direction

00:22:06: -0.741469		-0.135719		0.657172
00:22:06: -3.48491		-0.63788		3.08871
00:22:06: Direction

00:22:06: -0.781002		-0.122738		0.612406
00:22:06: -4.21741		-0.662787		3.30699
00:22:06: Direction

00:22:06: -0.805429		-0.127933		0.57878
00:22:06: -3.9466		-0.626873		2.83602
00:22:06: Direction

00:22:06: -0.824839		-0.161609		0.541839
00:22:06: -4.04171		-0.791883		2.65501
00:22:06: Direction

00:22:06: -0.836691		-0.207919		0.506739
00:22:06: -3.93245		-0.97722		2.38167
00:22:06: Direction

00:22:06: -0.841326		-0.289044		0.456823
00:22:06: -4.03837		-1.38741		2.19275
00:22:06: Direction

00:22:06: -0.839692		-0.375432		0.392466
00:22:06: -3.86258		-1.72699		1.80534
00:22:06: Direction

00:22:06: -0.831363		-0.425798		0.3572
00:22:06: -4.48936		-2.29931		1.92888
00:22:07: Direction

00:22:07: -0.824087		-0.45401		0.338841
00:22:07: -4.03803		-2.22465		1.66032
00:22:07: Direction

00:22:07: -0.819122		-0.474877		0.321852
00:22:07: -4.17752		-2.42187		1.64145
00:22:07: Direction

00:22:07: -0.817634		-0.479479		0.318799
00:22:07: -4.08817		-2.3974		1.594
00:22:07: Direction

00:22:07: -0.818466		-0.479479		0.316658
00:22:07: -4.09233		-2.3974		1.58329
00:22:07: Direction

00:22:07: -0.820461		-0.47718		0.314963
00:22:07: -4.59458		-2.67221		1.76379
00:22:07: Direction

00:22:07: -0.822099		-0.47718		0.310662
00:22:07: -4.1927		-2.43362		1.58438
00:22:07: Direction

00:22:07: -0.826846		-0.472572		0.305057
00:22:07: -4.13423		-2.36286		1.52528
00:22:07: Direction

00:22:07: -0.831533		-0.467951		0.299388
00:22:07: -4.82289		-2.71411		1.73645
00:22:07: Direction

00:22:07: -0.835387		-0.463317		0.295844
00:22:07: -4.34401		-2.40925		1.53839
00:22:07: Direction

00:22:07: -0.836528		-0.460995		0.296248
00:22:07: -4.51725		-2.48937		1.59974
00:22:07: Direction

00:22:07: -0.839205		-0.45867		0.29226
00:22:07: -4.53171		-2.47682		1.5782
00:22:07: Direction

00:22:07: -0.842608		-0.456342		0.286045
00:22:07: -4.21304		-2.28171		1.43023
00:22:07: Direction

00:22:07: -0.847468		-0.449339		0.282755
00:22:07: -4.49158		-2.3815		1.4986
00:22:07: Direction

00:22:07: -0.851889		-0.444655		0.276814
00:22:07: -4.85577		-2.53454		1.57784
00:22:07: Direction

00:22:07: -0.858429		-0.435251		0.271505
00:22:07: -4.03462		-2.04568		1.27607
00:22:07: Direction

00:22:07: -0.866601		-0.423428		0.264139
00:22:07: -4.41967		-2.15948		1.34711
00:22:07: Direction

00:22:07: -0.877289		-0.406755		0.254896
00:22:07: -5.00055		-2.3185		1.45291
00:22:07: Direction

00:22:07: -0.889208		-0.387533		0.24328
00:22:07: -6.66906		-2.9065		1.8246
00:22:07: Direction

00:22:07: -0.900906		-0.365706		0.23385
00:22:07: -2.34236		-0.950835		0.608009
00:22:08: Direction

00:22:08: -0.914038		-0.341215		0.219462
00:22:08: -4.57019		-1.70608		1.09731
00:22:08: Direction

00:22:08: -0.927919		-0.31152		0.204887
00:22:08: -4.82518		-1.6199		1.06541
00:22:08: Direction

00:22:08: -0.939685		-0.286537		0.186937
00:22:08: -5.0743		-1.5473		1.00946
00:22:08: Direction

00:22:08: -0.964477		-0.225811		0.137288
00:22:08: -6.17265		-1.44519		0.878645
00:22:08: Direction

00:22:08: -0.974599		-0.195098		0.110203
00:22:08: -5.06792		-1.01451		0.573057
00:22:08: Direction

00:22:08: -0.976929		-0.187389		0.102703
00:22:08: -4.88464		-0.936945		0.513513
00:22:08: Direction

00:22:08: -0.978668		-0.182243		0.0951205
00:22:08: -4.79547		-0.892991		0.466091
00:22:08: Direction

00:22:08: -0.978668		-0.182243		0.0951205
00:22:08: -5.28481		-0.984112		0.513651
00:22:08: Direction

00:22:08: -0.979385		-0.179668		0.0926027
00:22:08: -5.0928		-0.934274		0.481534
00:22:08: Direction

00:22:08: -0.981225		-0.174515		0.0824194
00:22:08: -5.00425		-0.890024		0.420339
00:22:08: Direction

00:22:08: -0.981643		-0.174515		0.0772807
00:22:08: -4.90822		-0.872573		0.386403
00:22:08: Direction

00:22:08: -0.981643		-0.174515		0.0772807
00:22:08: -4.61372		-0.820219		0.363219
00:22:08: Direction

00:22:08: -0.981643		-0.174515		0.0772807
00:22:08: -4.90822		-0.872573		0.386403
00:22:08: Direction

00:22:08: -0.981643		-0.174515		0.0772807
00:22:08: -4.90822		-0.872573		0.386403
00:22:08: Direction

00:22:08: -0.981643		-0.174515		0.0772807
00:22:08: -5.00638		-0.890024		0.394131
00:22:10: DefaultWorkQueue('Root') shutting down on thread 00C44258.
00:22:10: DefaultWorkQueue('Root')::WorkerFunc - thread 04EE5EA8 stopped.
00:22:10: DefaultWorkQueue('Root')::WorkerFunc - thread 04EE6148 stopped.
00:22:10: DefaultWorkQueue('Root')::WorkerFunc - thread 04EE5C08 stopped.
00:22:10: DefaultWorkQueue('Root')::WorkerFunc - thread 04EE5FF8 stopped.
00:22:10: PCZone Factory Type 'ZoneType_Octree' unregistered
00:22:10: PCZone Factory Type 'ZoneType_Terrain' unregistered
00:22:10: Unregistering ResourceManager for type BspLevel
00:22:10: *-*-* OGRE Shutdown
00:22:10: Unregistering ResourceManager for type Compositor
00:22:10: Unregistering ResourceManager for type Font
00:22:10: Unregistering ResourceManager for type Skeleton
00:22:10: Unregistering ResourceManager for type Mesh
00:22:10: Unregistering ResourceManager for type HighLevelGpuProgram
00:22:10: Uninstalling plugin: Octree & Terrain Scene Manager
00:22:10: Plugin successfully uninstalled
00:22:10: Unloading library .\Plugin_OctreeSceneManager
00:22:10: Uninstalling plugin: Octree Zone Factory
00:22:10: Plugin successfully uninstalled
00:22:10: Unloading library .\Plugin_OctreeZone
00:22:10: Uninstalling plugin: Portal Connected Zone Scene Manager
00:22:10: Plugin successfully uninstalled
00:22:10: Unloading library .\Plugin_PCZSceneManager
00:22:10: Uninstalling plugin: Cg Program Manager
00:22:10: Plugin successfully uninstalled
00:22:10: Unloading library .\Plugin_CgProgramManager
00:22:10: Uninstalling plugin: BSP Scene Manager
00:22:10: Plugin successfully uninstalled
00:22:10: Unloading library .\Plugin_BSPSceneManager
00:22:10: Uninstalling plugin: ParticleFX
00:22:10: Plugin successfully uninstalled
00:22:10: Unloading library .\Plugin_ParticleFX
00:22:10: Uninstalling plugin: GL RenderSystem
00:22:10: Unregistering ResourceManager for type GpuProgram
00:22:10: *** Stopping Win32GL Subsystem ***
00:22:10: Unregistering ResourceManager for type Texture
00:22:10: Plugin successfully uninstalled
00:22:10: Unloading library .\RenderSystem_GL
00:22:10: Uninstalling plugin: D3D9 RenderSystem
00:22:10: D3D9 : Shutting down cleanly.
00:22:10: D3D9 : Direct3D9 Rendering Subsystem destroyed.
00:22:10: Plugin successfully uninstalled
00:22:10: Unloading library .\RenderSystem_Direct3D9
00:22:10: Unregistering ResourceManager for type Material
